V  [jvm.dll+0x772c4a]
V  [jvm.dll+0x7743ff]
V  [jvm.dll+0x774a03]
V  [jvm.dll+0x24da38]
V  [jvm.dll+0xc3d16]
V  [jvm.dll+0xc406c]
V  [jvm.dll+0x2b5056]
V  [jvm.dll+0x2b4e14]
V  [jvm.dll+0x746da6]
V  [jvm.dll+0x641668]
V  [jvm.dll+0x63bc0f]
V  [jvm.dll+0x63b24c]
V  [jvm.dll+0x6390ed]
V  [jvm.dll+0x18e1ec]
V  [jvm.dll+0x206763]
V  [jvm.dll+0x18b94c]
V  [jvm.dll+0x2159bd]
V  [jvm.dll+0x213e6b]
V  [jvm.dll+0x738af6]
V  [jvm.dll+0x731bea]
V  [jvm.dll+0x6260a6]
C  [ucrtbase.dll+0x20e72]
C  [KERNEL32.DLL+0x17bd4]
C  [ntdll.dll+0x6ced1]


---------------  P R O C E S S  ---------------

Threads class SMR info:
_java_thread_list=0x00000231fe18ea30, length=12, elements={
0x00000231fcf35000, 0x00000231fcf39000, 0x00000231fcf46000, 0x00000231fcf55800,
0x00000231fcf58800, 0x00000231fcf5c000, 0x00000231fcf6f800, 0x00000231fd9d6000,
0x00000231fd9df800, 0x00000231fda58000, 0x00000231fd9f1000, 0x00000231dc0a5800
}

Java Threads: ( => current thread )
  0x00000231fcf35000 JavaThread "Reference Handler" daemon [_thread_blocked, id=7392, stack(0x00000044ace00000,0x00000044acf00000)]
  0x00000231fcf39000 JavaThread "Finalizer" daemon [_thread_blocked, id=5632, stack(0x00000044acf00000,0x00000044ad000000)]
  0x00000231fcf46000 JavaThread "Signal Dispatcher" daemon [_thread_blocked, id=6388, stack(0x00000044ad000000,0x00000044ad100000)]
  0x00000231fcf55800 JavaThread "Attach Listener" daemon [_thread_blocked, id=2364, stack(0x00000044ad100000,0x00000044ad200000)]
=>0x00000231fcf58800 JavaThread "C2 CompilerThread0" daemon [_thread_in_native, id=3004, stack(0x00000044ad200000,0x00000044ad300000)]
  0x00000231fcf5c000 JavaThread "C1 CompilerThread0" daemon [_thread_blocked, id=1980, stack(0x00000044ad300000,0x00000044ad400000)]
  0x00000231fcf6f800 JavaThread "Sweeper thread" daemon [_thread_blocked, id=18000, stack(0x00000044ad400000,0x00000044ad500000)]
  0x00000231fd9d6000 JavaThread "Service Thread" daemon [_thread_blocked, id=18376, stack(0x00000044ad500000,0x00000044ad600000)]
  0x00000231fd9df800 JavaThread "Common-Cleaner" daemon [_thread_blocked, id=13532, stack(0x00000044ad700000,0x00000044ad800000)]
  0x00000231fda58000 JavaThread "mysql-cj-abandoned-connection-cleanup" daemon [_thread_blocked, id=6648, stack(0x00000044ad800000,0x00000044ad900000)]
  0x00000231fd9f1000 JavaThread "Thread-0" [_thread_in_native, id=7436, stack(0x00000044ada00000,0x00000044adb00000)]
  0x00000231dc0a5800 JavaThread "DestroyJavaVM" [_thread_blocked, id=2220, stack(0x00000044ac700000,0x00000044ac800000)]

Other Threads:
  0x00000231fcf33800 VMThread "VM Thread" [stack: 0x00000044acd00000,0x00000044ace00000] [id=9360]
  0x00000231fd9d7000 WatcherThread [stack: 0x00000044ad600000,0x00000044ad700000] [id=12352]
  0x00000231dc0e9800 GCTaskThread "GC Thread#0" [stack: 0x00000044ac800000,0x00000044ac900000] [id=4764]
  0x00000231dc0fa800 ConcurrentGCThread "G1 Main Marker" [stack: 0x00000044ac900000,0x00000044aca00000] [id=3908]
  0x00000231dc0fd800 ConcurrentGCThread "G1 Conc#0" [stack: 0x00000044aca00000,0x00000044acb00000] [id=5452]
  0x00000231fcdac800 ConcurrentGCThread "G1 Refine#0" [stack: 0x00000044acb00000,0x00000044acc00000] [id=16308]
  0x00000231fcdae000 ConcurrentGCThread "G1 Young RemSet Sampling" [stack: 0x00000044acc00000,0x00000044acd00000] [id=16640]

Threads with active compile tasks:
C2 CompilerThread0  19575068  903       4       sun.net.www.ParseUtil::firstEncodeIndex (86 bytes)

VM state:not at safepoint (normal execution)

VM Mutex/Monitor currently owned by a thread: None

Heap address: 0x0000000081e00000, size: 2018 MB, Compressed Oops mode: 32-bit
Narrow klass base: 0x0000000800000000, Narrow klass shift: 3
Compressed class space size: 1073741824 Address: 0x0000000800b40000

Heap:
 garbage-first heap   total 131072K, used 11264K [0x0000000081e00000, 0x0000000100000000)
  region size 1024K, 13 young (13312K), 0 survivors (0K)
 Metaspace       used 4461K, capacity 7013K, committed 7168K, reserved 1056768K
  class space    used 429K, capacity 677K, committed 768K, reserved 1048576K
Heap Regions: E=young(eden), S=young(survivor), O=old, HS=humongous(starts), HC=humongous(continues), CS=collection set, F=free, A=archive, TAMS=top-at-mark-start (previous, next)
|   0|0x0000000081e00000, 0x0000000081e00000, 0x0000000081f00000|  0%| F|  |TAMS 0x0000000081e00000, 0x0000000081e00000| Untracked 
|   1|0x0000000081f00000, 0x0000000081f00000, 0x0000000082000000|  0%| F|  |TAMS 0x0000000081f00000, 0x0000000081f00000| Untracked 
|   2|0x0000000082000000, 0x0000000082000000, 0x0000000082100000|  0%| F|  |TAMS 0x0000000082000000, 0x0000000082000000| Untracked 
|   3|0x0000000082100000, 0x0000000082100000, 0x0000000082200000|  0%| F|  |TAMS 0x0000000082100000, 0x0000000082100000| Untracked 
|   4|0x0000000082200000, 0x0000000082200000, 0x0000000082300000|  0%| F|  |TAMS 0x0000000082200000, 0x0000000082200000| Untracked 
|   5|0x0000000082300000, 0x0000000082300000, 0x0000000082400000|  0%| F|  |TAMS 0x0000000082300000, 0x0000000082300000| Untracked 
|   6|0x0000000082400000, 0x0000000082400000, 0x0000000082500000|  0%| F|  |TAMS 0x0000000082400000, 0x0000000082400000| Untracked 
|   7|0x0000000082500000, 0x0000000082500000, 0x0000000082600000|  0%| F|  |TAMS 0x0000000082500000, 0x0000000082500000| Untracked 
|   8|0x0000000082600000, 0x0000000082600000, 0x0000000082700000|  0%| F|  |TAMS 0x0000000082600000, 0x0000000082600000| Untracked 
|   9|0x0000000082700000, 0x0000000082700000, 0x0000000082800000|  0%| F|  |TAMS 0x0000000082700000, 0x0000000082700000| Untracked 
|  10|0x0000000082800000, 0x0000000082800000, 0x0000000082900000|  0%| F|  |TAMS 0x0000000082800000, 0x0000000082800000| Untracked 
|  11|0x0000000082900000, 0x0000000082900000, 0x0000000082a00000|  0%| F|  |TAMS 0x0000000082900000, 0x0000000082900000| Untracked 
|  12|0x0000000082a00000, 0x0000000082a00000, 0x0000000082b00000|  0%| F|  |TAMS 0x0000000082a00000, 0x0000000082a00000| Untracked 
|  13|0x0000000082b00000, 0x0000000082b00000, 0x0000000082c00000|  0%| F|  |TAMS 0x0000000082b00000, 0x0000000082b00000| Untracked 
|  14|0x0000000082c00000, 0x0000000082c00000, 0x0000000082d00000|  0%| F|  |TAMS 0x0000000082c00000, 0x0000000082c00000| Untracked 
|  15|0x0000000082d00000, 0x0000000082d00000, 0x0000000082e00000|  0%| F|  |TAMS 0x0000000082d00000, 0x0000000082d00000| Untracked 
|  16|0x0000000082e00000, 0x0000000082e00000, 0x0000000082f00000|  0%| F|  |TAMS 0x0000000082e00000, 0x0000000082e00000| Untracked 
|  17|0x0000000082f00000, 0x0000000082f00000, 0x0000000083000000|  0%| F|  |TAMS 0x0000000082f00000, 0x0000000082f00000| Untracked 
|  18|0x0000000083000000, 0x0000000083000000, 0x0000000083100000|  0%| F|  |TAMS 0x0000000083000000, 0x0000000083000000| Untracked 
|  19|0x0000000083100000, 0x0000000083100000, 0x0000000083200000|  0%| F|  |TAMS 0x0000000083100000, 0x0000000083100000| Untracked 
|  20|0x0000000083200000, 0x0000000083200000, 0x0000000083300000|  0%| F|  |TAMS 0x0000000083200000, 0x0000000083200000| Untracked 
|  21|0x0000000083300000, 0x0000000083300000, 0x0000000083400000|  0%| F|  |TAMS 0x0000000083300000, 0x0000000083300000| Untracked 
|  22|0x0000000083400000, 0x0000000083400000, 0x0000000083500000|  0%| F|  |TAMS 0x0000000083400000, 0x0000000083400000| Untracked 
|  23|0x0000000083500000, 0x0000000083500000, 0x0000000083600000|  0%| F|  |TAMS 0x0000000083500000, 0x0000000083500000| Untracked 
|  24|0x0000000083600000, 0x0000000083600000, 0x0000000083700000|  0%| F|  |TAMS 0x0000000083600000, 0x0000000083600000| Untracked 
|  25|0x0000000083700000, 0x0000000083700000, 0x0000000083800000|  0%| F|  |TAMS 0x0000000083700000, 0x0000000083700000| Untracked 
|  26|0x0000000083800000, 0x0000000083800000, 0x0000000083900000|  0%| F|  |TAMS 0x0000000083800000, 0x0000000083800000| Untracked 
|  27|0x0000000083900000, 0x0000000083900000, 0x0000000083a00000|  0%| F|  |TAMS 0x0000000083900000, 0x0000000083900000| Untracked 
|  28|0x0000000083a00000, 0x0000000083a00000, 0x0000000083b00000|  0%| F|  |TAMS 0x0000000083a00000, 0x0000000083a00000| Untracked 
|  29|0x0000000083b00000, 0x0000000083b00000, 0x0000000083c00000|  0%| F|  |TAMS 0x0000000083b00000, 0x0000000083b00000| Untracked 
|  30|0x0000000083c00000, 0x0000000083c00000, 0x0000000083d00000|  0%| F|  |TAMS 0x0000000083c00000, 0x0000000083c00000| Untracked 
|  31|0x0000000083d00000, 0x0000000083d00000, 0x0000000083e00000|  0%| F|  |TAMS 0x0000000083d00000, 0x0000000083d00000| Untracked 
|  32|0x0000000083e00000, 0x0000000083e00000, 0x0000000083f00000|  0%| F|  |TAMS 0x0000000083e00000, 0x0000000083e00000| Untracked 
|  33|0x0000000083f00000, 0x0000000083f00000, 0x0000000084000000|  0%| F|  |TAMS 0x0000000083f00000, 0x0000000083f00000| Untracked 
|  34|0x0000000084000000, 0x0000000084000000, 0x0000000084100000|  0%| F|  |TAMS 0x0000000084000000, 0x0000000084000000| Untracked 
|  35|0x0000000084100000, 0x0000000084100000, 0x0000000084200000|  0%| F|  |TAMS 0x0000000084100000, 0x0000000084100000| Untracked 
|  36|0x0000000084200000, 0x0000000084200000, 0x0000000084300000|  0%| F|  |TAMS 0x0000000084200000, 0x0000000084200000| Untracked 
|  37|0x0000000084300000, 0x0000000084300000, 0x0000000084400000|  0%| F|  |TAMS 0x0000000084300000, 0x0000000084300000| Untracked 
|  38|0x0000000084400000, 0x0000000084400000, 0x0000000084500000|  0%| F|  |TAMS 0x0000000084400000, 0x0000000084400000| Untracked 
|  39|0x0000000084500000, 0x0000000084500000, 0x0000000084600000|  0%| F|  |TAMS 0x0000000084500000, 0x0000000084500000| Untracked 
|  40|0x0000000084600000, 0x0000000084600000, 0x0000000084700000|  0%| F|  |TAMS 0x0000000084600000, 0x0000000084600000| Untracked 
|  41|0x0000000084700000, 0x0000000084700000, 0x0000000084800000|  0%| F|  |TAMS 0x0000000084700000, 0x0000000084700000| Untracked 
|  42|0x0000000084800000, 0x0000000084800000, 0x0000000084900000|  0%| F|  |TAMS 0x0000000084800000, 0x0000000084800000| Untracked 
|  43|0x0000000084900000, 0x0000000084900000, 0x0000000084a00000|  0%| F|  |TAMS 0x0000000084900000, 0x0000000084900000| Untracked 
|  44|0x0000000084a00000, 0x0000000084a00000, 0x0000000084b00000|  0%| F|  |TAMS 0x0000000084a00000, 0x0000000084a00000| Untracked 
|  45|0x0000000084b00000, 0x0000000084b00000, 0x0000000084c00000|  0%| F|  |TAMS 0x0000000084b00000, 0x0000000084b00000| Untracked 
|  46|0x0000000084c00000, 0x0000000084c00000, 0x0000000084d00000|  0%| F|  |TAMS 0x0000000084c00000, 0x0000000084c00000| Untracked 
|  47|0x0000000084d00000, 0x0000000084d00000, 0x0000000084e00000|  0%| F|  |TAMS 0x0000000084d00000, 0x0000000084d00000| Untracked 
|  48|0x0000000084e00000, 0x0000000084e00000, 0x0000000084f00000|  0%| F|  |TAMS 0x0000000084e00000, 0x0000000084e00000| Untracked 
|  49|0x0000000084f00000, 0x0000000084f00000, 0x0000000085000000|  0%| F|  |TAMS 0x0000000084f00000, 0x0000000084f00000| Untracked 
|  50|0x0000000085000000, 0x0000000085000000, 0x0000000085100000|  0%| F|  |TAMS 0x0000000085000000, 0x0000000085000000| Untracked 
|  51|0x0000000085100000, 0x0000000085100000, 0x0000000085200000|  0%| F|  |TAMS 0x0000000085100000, 0x0000000085100000| Untracked 
|  52|0x0000000085200000, 0x0000000085200000, 0x0000000085300000|  0%| F|  |TAMS 0x0000000085200000, 0x0000000085200000| Untracked 
|  53|0x0000000085300000, 0x0000000085300000, 0x0000000085400000|  0%| F|  |TAMS 0x0000000085300000, 0x0000000085300000| Untracked 
|  54|0x0000000085400000, 0x0000000085400000, 0x0000000085500000|  0%| F|  |TAMS 0x0000000085400000, 0x0000000085400000| Untracked 
|  55|0x0000000085500000, 0x0000000085500000, 0x0000000085600000|  0%| F|  |TAMS 0x0000000085500000, 0x0000000085500000| Untracked 
|  56|0x0000000085600000, 0x0000000085600000, 0x0000000085700000|  0%| F|  |TAMS 0x0000000085600000, 0x0000000085600000| Untracked 
|  57|0x0000000085700000, 0x0000000085700000, 0x0000000085800000|  0%| F|  |TAMS 0x0000000085700000, 0x0000000085700000| Untracked 
|  58|0x0000000085800000, 0x0000000085800000, 0x0000000085900000|  0%| F|  |TAMS 0x0000000085800000, 0x0000000085800000| Untracked 
|  59|0x0000000085900000, 0x0000000085900000, 0x0000000085a00000|  0%| F|  |TAMS 0x0000000085900000, 0x0000000085900000| Untracked 
|  60|0x0000000085a00000, 0x0000000085a00000, 0x0000000085b00000|  0%| F|  |TAMS 0x0000000085a00000, 0x0000000085a00000| Untracked 
|  61|0x0000000085b00000, 0x0000000085b00000, 0x0000000085c00000|  0%| F|  |TAMS 0x0000000085b00000, 0x0000000085b00000| Untracked 
|  62|0x0000000085c00000, 0x0000000085c00000, 0x0000000085d00000|  0%| F|  |TAMS 0x0000000085c00000, 0x0000000085c00000| Untracked 
|  63|0x0000000085d00000, 0x0000000085d00000, 0x0000000085e00000|  0%| F|  |TAMS 0x0000000085d00000, 0x0000000085d00000| Untracked 
|  64|0x0000000085e00000, 0x0000000085e00000, 0x0000000085f00000|  0%| F|  |TAMS 0x0000000085e00000, 0x0000000085e00000| Untracked 
|  65|0x0000000085f00000, 0x0000000085f00000, 0x0000000086000000|  0%| F|  |TAMS 0x0000000085f00000, 0x0000000085f00000| Untracked 
|  66|0x0000000086000000, 0x0000000086000000, 0x0000000086100000|  0%| F|  |TAMS 0x0000000086000000, 0x0000000086000000| Untracked 
|  67|0x0000000086100000, 0x0000000086100000, 0x0000000086200000|  0%| F|  |TAMS 0x0000000086100000, 0x0000000086100000| Untracked 
|  68|0x0000000086200000, 0x0000000086200000, 0x0000000086300000|  0%| F|  |TAMS 0x0000000086200000, 0x0000000086200000| Untracked 
|  69|0x0000000086300000, 0x0000000086300000, 0x0000000086400000|  0%| F|  |TAMS 0x0000000086300000, 0x0000000086300000| Untracked 
|  70|0x0000000086400000, 0x0000000086400000, 0x0000000086500000|  0%| F|  |TAMS 0x0000000086400000, 0x0000000086400000| Untracked 
|  71|0x0000000086500000, 0x0000000086500000, 0x0000000086600000|  0%| F|  |TAMS 0x0000000086500000, 0x0000000086500000| Untracked 
|  72|0x0000000086600000, 0x0000000086600000, 0x0000000086700000|  0%| F|  |TAMS 0x0000000086600000, 0x0000000086600000| Untracked 
|  73|0x0000000086700000, 0x0000000086700000, 0x0000000086800000|  0%| F|  |TAMS 0x0000000086700000, 0x0000000086700000| Untracked 
|  74|0x0000000086800000, 0x0000000086800000, 0x0000000086900000|  0%| F|  |TAMS 0x0000000086800000, 0x0000000086800000| Untracked 
|  75|0x0000000086900000, 0x0000000086900000, 0x0000000086a00000|  0%| F|  |TAMS 0x0000000086900000, 0x0000000086900000| Untracked 
|  76|0x0000000086a00000, 0x0000000086a00000, 0x0000000086b00000|  0%| F|  |TAMS 0x0000000086a00000, 0x0000000086a00000| Untracked 
|  77|0x0000000086b00000, 0x0000000086b00000, 0x0000000086c00000|  0%| F|  |TAMS 0x0000000086b00000, 0x0000000086b00000| Untracked 
|  78|0x0000000086c00000, 0x0000000086c00000, 0x0000000086d00000|  0%| F|  |TAMS 0x0000000086c00000, 0x0000000086c00000| Untracked 
|  79|0x0000000086d00000, 0x0000000086d00000, 0x0000000086e00000|  0%| F|  |TAMS 0x0000000086d00000, 0x0000000086d00000| Untracked 
|  80|0x0000000086e00000, 0x0000000086e00000, 0x0000000086f00000|  0%| F|  |TAMS 0x0000000086e00000, 0x0000000086e00000| Untracked 
|  81|0x0000000086f00000, 0x0000000086f00000, 0x0000000087000000|  0%| F|  |TAMS 0x0000000086f00000, 0x0000000086f00000| Untracked 
|  82|0x0000000087000000, 0x0000000087000000, 0x0000000087100000|  0%| F|  |TAMS 0x0000000087000000, 0x0000000087000000| Untracked 
|  83|0x0000000087100000, 0x0000000087100000, 0x0000000087200000|  0%| F|  |TAMS 0x0000000087100000, 0x0000000087100000| Untracked 
|  84|0x0000000087200000, 0x0000000087200000, 0x0000000087300000|  0%| F|  |TAMS 0x0000000087200000, 0x0000000087200000| Untracked 
|  85|0x0000000087300000, 0x0000000087300000, 0x0000000087400000|  0%| F|  |TAMS 0x0000000087300000, 0x0000000087300000| Untracked 
|  86|0x0000000087400000, 0x0000000087400000, 0x0000000087500000|  0%| F|  |TAMS 0x0000000087400000, 0x0000000087400000| Untracked 
|  87|0x0000000087500000, 0x0000000087500000, 0x0000000087600000|  0%| F|  |TAMS 0x0000000087500000, 0x0000000087500000| Untracked 
|  88|0x0000000087600000, 0x0000000087600000, 0x0000000087700000|  0%| F|  |TAMS 0x0000000087600000, 0x0000000087600000| Untracked 
|  89|0x0000000087700000, 0x0000000087700000, 0x0000000087800000|  0%| F|  |TAMS 0x0000000087700000, 0x0000000087700000| Untracked 
|  90|0x0000000087800000, 0x0000000087800000, 0x0000000087900000|  0%| F|  |TAMS 0x0000000087800000, 0x0000000087800000| Untracked 
|  91|0x0000000087900000, 0x0000000087900000, 0x0000000087a00000|  0%| F|  |TAMS 0x0000000087900000, 0x0000000087900000| Untracked 
|  92|0x0000000087a00000, 0x0000000087a00000, 0x0000000087b00000|  0%| F|  |TAMS 0x0000000087a00000, 0x0000000087a00000| Untracked 
|  93|0x0000000087b00000, 0x0000000087b00000, 0x0000000087c00000|  0%| F|  |TAMS 0x0000000087b00000, 0x0000000087b00000| Untracked 
|  94|0x0000000087c00000, 0x0000000087c00000, 0x0000000087d00000|  0%| F|  |TAMS 0x0000000087c00000, 0x0000000087c00000| Untracked 
|  95|0x0000000087d00000, 0x0000000087d00000, 0x0000000087e00000|  0%| F|  |TAMS 0x0000000087d00000, 0x0000000087d00000| Untracked 
|  96|0x0000000087e00000, 0x0000000087e00000, 0x0000000087f00000|  0%| F|  |TAMS 0x0000000087e00000, 0x0000000087e00000| Untracked 
|  97|0x0000000087f00000, 0x0000000087f00000, 0x0000000088000000|  0%| F|  |TAMS 0x0000000087f00000, 0x0000000087f00000| Untracked 
|  98|0x0000000088000000, 0x0000000088000000, 0x0000000088100000|  0%| F|  |TAMS 0x0000000088000000, 0x0000000088000000| Untracked 
|  99|0x0000000088100000, 0x0000000088100000, 0x0000000088200000|  0%| F|  |TAMS 0x0000000088100000, 0x0000000088100000| Untracked 
| 100|0x0000000088200000, 0x0000000088200000, 0x0000000088300000|  0%| F|  |TAMS 0x0000000088200000, 0x0000000088200000| Untracked 
| 101|0x0000000088300000, 0x0000000088300000, 0x0000000088400000|  0%| F|  |TAMS 0x0000000088300000, 0x0000000088300000| Untracked 
| 102|0x0000000088400000, 0x0000000088400000, 0x0000000088500000|  0%| F|  |TAMS 0x0000000088400000, 0x0000000088400000| Untracked 
| 103|0x0000000088500000, 0x0000000088500000, 0x0000000088600000|  0%| F|  |TAMS 0x0000000088500000, 0x0000000088500000| Untracked 
| 104|0x0000000088600000, 0x0000000088600000, 0x0000000088700000|  0%| F|  |TAMS 0x0000000088600000, 0x0000000088600000| Untracked 
| 105|0x0000000088700000, 0x0000000088700000, 0x0000000088800000|  0%| F|  |TAMS 0x0000000088700000, 0x0000000088700000| Untracked 
| 106|0x0000000088800000, 0x0000000088800000, 0x0000000088900000|  0%| F|  |TAMS 0x0000000088800000, 0x0000000088800000| Untracked 
| 107|0x0000000088900000, 0x0000000088900000, 0x0000000088a00000|  0%| F|  |TAMS 0x0000000088900000, 0x0000000088900000| Untracked 
| 108|0x0000000088a00000, 0x0000000088a00000, 0x0000000088b00000|  0%| F|  |TAMS 0x0000000088a00000, 0x0000000088a00000| Untracked 
| 109|0x0000000088b00000, 0x0000000088b00000, 0x0000000088c00000|  0%| F|  |TAMS 0x0000000088b00000, 0x0000000088b00000| Untracked 
| 110|0x0000000088c00000, 0x0000000088c00000, 0x0000000088d00000|  0%| F|  |TAMS 0x0000000088c00000, 0x0000000088c00000| Untracked 
| 111|0x0000000088d00000, 0x0000000088d00000, 0x0000000088e00000|  0%| F|  |TAMS 0x0000000088d00000, 0x0000000088d00000| Untracked 
| 112|0x0000000088e00000, 0x0000000088e00000, 0x0000000088f00000|  0%| F|  |TAMS 0x0000000088e00000, 0x0000000088e00000| Untracked 
| 113|0x0000000088f00000, 0x0000000088f00000, 0x0000000089000000|  0%| F|  |TAMS 0x0000000088f00000, 0x0000000088f00000| Untracked 
| 114|0x0000000089000000, 0x0000000089000000, 0x0000000089100000|  0%| F|  |TAMS 0x0000000089000000, 0x0000000089000000| Untracked 
| 115|0x0000000089100000, 0x0000000089200000, 0x0000000089200000|100%| E|  |TAMS 0x0000000089100000, 0x0000000089100000| Complete 
| 116|0x0000000089200000, 0x0000000089300000, 0x0000000089300000|100%| E|CS|TAMS 0x0000000089200000, 0x0000000089200000| Complete 
| 117|0x0000000089300000, 0x0000000089400000, 0x0000000089400000|100%| E|CS|TAMS 0x0000000089300000, 0x0000000089300000| Complete 
| 118|0x0000000089400000, 0x0000000089500000, 0x0000000089500000|100%| E|CS|TAMS 0x0000000089400000, 0x0000000089400000| Complete 
| 119|0x0000000089500000, 0x0000000089600000, 0x0000000089600000|100%| E|  |TAMS 0x0000000089500000, 0x0000000089500000| Complete 
| 120|0x0000000089600000, 0x0000000089700000, 0x0000000089700000|100%| E|CS|TAMS 0x0000000089600000, 0x0000000089600000| Complete 
| 121|0x0000000089700000, 0x0000000089800000, 0x0000000089800000|100%| E|CS|TAMS 0x0000000089700000, 0x0000000089700000| Complete 
| 122|0x0000000089800000, 0x0000000089900000, 0x0000000089900000|100%| E|CS|TAMS 0x0000000089800000, 0x0000000089800000| Complete 
| 123|0x0000000089900000, 0x0000000089a00000, 0x0000000089a00000|100%| E|CS|TAMS 0x0000000089900000, 0x0000000089900000| Complete 
| 124|0x0000000089a00000, 0x0000000089b00000, 0x0000000089b00000|100%| E|CS|TAMS 0x0000000089a00000, 0x0000000089a00000| Complete 
| 125|0x0000000089b00000, 0x0000000089c00000, 0x0000000089c00000|100%| E|CS|TAMS 0x0000000089b00000, 0x0000000089b00000| Complete 
| 126|0x0000000089c00000, 0x0000000089d00000, 0x0000000089d00000|100%| E|CS|TAMS 0x0000000089c00000, 0x0000000089c00000| Complete 
| 127|0x0000000089d00000, 0x0000000089e00000, 0x0000000089e00000|100%| E|CS|TAMS 0x0000000089d00000, 0x0000000089d00000| Complete 

Card table byte_map: [0x00000231f5d50000,0x00000231f6150000] _byte_map_base: 0x00000231f5941000

Marking Bits (Prev, Next): (CMBitMap*) 0x00000231dc0ea198, (CMBitMap*) 0x00000231dc0ea1d8
 Prev Bits: [0x00000231f6550000, 0x00000231f84d8000)
 Next Bits: [0x00000231f84e0000, 0x00000231fa468000)

Polling page: 0x00000231dc170000

Metaspace:

Usage:
  Non-class:      6.19 MB capacity,     3.94 MB ( 64%) used,     2.24 MB ( 36%) free+waste,     8.25 KB ( <1%) overhead. 
      Class:    677.00 KB capacity,   429.41 KB ( 63%) used,   243.28 KB ( 36%) free+waste,     4.31 KB ( <1%) overhead. 
       Both:      6.85 MB capacity,     4.36 MB ( 64%) used,     2.48 MB ( 36%) free+waste,    12.56 KB ( <1%) overhead. 

Virtual space:
  Non-class space:        8.00 MB reserved,       6.25 MB ( 78%) committed 
      Class space:        1.00 GB reserved,     768.00 KB ( <1%) committed 
             Both:        1.01 GB reserved,       7.00 MB ( <1%) committed 

Chunk freelists:
   Non-Class:  0 bytes
       Class:  27.00 KB
        Both:  27.00 KB

MaxMetaspaceSize: 17179869184.00 GB
CompressedClassSpaceSize: 1.00 GB

CodeHeap 'non-profiled nmethods': size=120000Kb used=316Kb max_used=316Kb free=119683Kb
 bounds [0x00000231ed840000, 0x00000231edab0000, 0x00000231f4d70000]
CodeHeap 'profiled nmethods': size=120000Kb used=1680Kb max_used=1680Kb free=118319Kb
 bounds [0x00000231e6310000, 0x00000231e6580000, 0x00000231ed840000]
CodeHeap 'non-nmethods': size=5760Kb used=1189Kb max_used=1216Kb free=4570Kb
 bounds [0x00000231e5d70000, 0x00000231e5fe0000, 0x00000231e6310000]
 total_blobs=1803 nmethods=902 adapters=356
 compilation: enabled
              stopped_count=0, restarted_count=0
 full_count=0

Compilation events (20 events):
Event: 620.677 Thread 0x00000231fcf5c000 nmethod 892 0x00000231e64ada90 code [0x00000231e64adca0, 0x00000231e64ae340]
Event: 635.683 Thread 0x00000231fcf5c000  893       1       jdk.internal.loader.URLClassPath$FileLoader$1::getURL (5 bytes)
Event: 635.683 Thread 0x00000231fcf5c000 nmethod 893 0x00000231ed88de10 code [0x00000231ed88dfa0, 0x00000231ed88e0d8]
Event: 9874.591 Thread 0x00000231fcf5c000  894       3       jdk.internal.loader.URLClassPath::findResource (38 bytes)
Event: 9874.597 Thread 0x00000231fcf5c000 nmethod 894 0x00000231e64ae510 code [0x00000231e64ae6e0, 0x00000231e64aeaa0]
Event: 9994.661 Thread 0x00000231fcf5c000  896   !   3       java.lang.ref.ReferenceQueue::remove (125 bytes)
Event: 9994.665 Thread 0x00000231fcf5c000 nmethod 896 0x00000231e64aec10 code [0x00000231e64aee40, 0x00000231e64af740]
Event: 10019.674 Thread 0x00000231fcf5c000  897       3       java.lang.Thread::getContextClassLoader (32 bytes)
Event: 10019.677 Thread 0x00000231fcf5c000 nmethod 897 0x00000231e64afa90 code [0x00000231e64afce0, 0x00000231e64b07a0]
Event: 10049.693 Thread 0x00000231fcf58800  898       4       java.lang.String::checkBoundsBeginEnd (63 bytes)
Event: 10049.701 Thread 0x00000231fcf58800 nmethod 898 0x00000231ed88e590 code [0x00000231ed88e720, 0x00000231ed88e7b8]
Event: 10074.706 Thread 0x00000231fcf5c000  899       3       jdk.internal.loader.URLClassPath$FileLoader::findResource (18 bytes)
Event: 10074.707 Thread 0x00000231fcf5c000 nmethod 899 0x00000231e64b0a90 code [0x00000231e64b0c60, 0x00000231e64b0f40]
Event: 10099.724 Thread 0x00000231fcf5c000  900   !   3       com.mysql.cj.jdbc.AbandonedConnectionCleanupThread::checkThreadContextClassLoader (20 bytes)
Event: 10099.730 Thread 0x00000231fcf5c000 nmethod 900 0x00000231e64b1010 code [0x00000231e64b12c0, 0x00000231e64b22e0]
Event: 17450.165 Thread 0x00000231fcf5c000  901   !   3       jdk.internal.loader.URLClassPath::check (125 bytes)
Event: 17450.168 Thread 0x00000231fcf5c000 nmethod 901 0x00000231e64b2910 code [0x00000231e64b2bc0, 0x00000231e64b3c70]
Event: 18611.743 Thread 0x00000231fcf58800  902       4       java.lang.String::substring (58 bytes)
Event: 18611.787 Thread 0x00000231fcf58800 nmethod 902 0x00000231ed88e890 code [0x00000231ed88ea40, 0x00000231ed88ef38]
Event: 19573.223 Thread 0x00000231fcf58800  903       4       sun.net.www.ParseUtil::firstEncodeIndex (86 bytes)

GC Heap History (0 events):
No events

Deoptimization events (20 events):
Event: 0.542 Thread 0x00000231dc0a5800 Uncommon trap: trap_request=0xffffff45 fr.pc=0x00000231ed864c64 relative=0x00000000000013a4
Event: 0.543 Thread 0x00000231dc0a5800 Uncommon trap: reason=unstable_if action=reinterpret pc=0x00000231ed864c64 method=java.lang.String.<init>([CIILjava/lang/Void;)V @ 5 c2
Event: 0.543 Thread 0x00000231dc0a5800 DEOPT PACKING pc=0x00000231ed864c64 sp=0x00000044ac7fcc80
Event: 0.543 Thread 0x00000231dc0a5800 DEOPT UNPACKING pc=0x00000231e5db912f sp=0x00000044ac7fcb60 mode 2
Event: 0.545 Thread 0x00000231dc0a5800 Uncommon trap: trap_request=0xffffff45 fr.pc=0x00000231ed86dbbc relative=0x000000000000021c
Event: 0.545 Thread 0x00000231dc0a5800 Uncommon trap: reason=unstable_if action=reinterpret pc=0x00000231ed86dbbc method=java.lang.String.startsWith(Ljava/lang/String;I)Z @ 14 c2
Event: 0.545 Thread 0x00000231dc0a5800 DEOPT PACKING pc=0x00000231ed86dbbc sp=0x00000044ac7fdc60
Event: 0.545 Thread 0x00000231dc0a5800 DEOPT UNPACKING pc=0x00000231e5db912f sp=0x00000044ac7fdbc0 mode 2
Event: 0.554 Thread 0x00000231dc0a5800 DEOPT PACKING pc=0x00000231e6360bdf sp=0x00000044ac7f9420
Event: 0.554 Thread 0x00000231dc0a5800 DEOPT UNPACKING pc=0x00000231e5db964e sp=0x00000044ac7f8870 mode 0
Event: 0.699 Thread 0x00000231dc0a5800 Uncommon trap: trap_request=0xffffff45 fr.pc=0x00000231ed87ae38 relative=0x0000000000000578
Event: 0.699 Thread 0x00000231dc0a5800 Uncommon trap: reason=unstable_if action=reinterpret pc=0x00000231ed87ae38 method=java.lang.AbstractStringBuilder.append(Ljava/lang/String;)Ljava/lang/AbstractStringBuilder; @ 1 c2
Event: 0.699 Thread 0x00000231dc0a5800 DEOPT PACKING pc=0x00000231ed87ae38 sp=0x00000044ac7fea70
Event: 0.699 Thread 0x00000231dc0a5800 DEOPT UNPACKING pc=0x00000231e5db912f sp=0x00000044ac7fe9f0 mode 2
Event: 0.699 Thread 0x00000231dc0a5800 Uncommon trap: trap_request=0xffffff45 fr.pc=0x00000231ed87be0c relative=0x000000000000054c
Event: 0.699 Thread 0x00000231dc0a5800 Uncommon trap: reason=unstable_if action=reinterpret pc=0x00000231ed87be0c method=java.lang.AbstractStringBuilder.append(Ljava/lang/String;)Ljava/lang/AbstractStringBuilder; @ 1 c2
Event: 0.699 Thread 0x00000231dc0a5800 DEOPT PACKING pc=0x00000231ed87be0c sp=0x00000044ac7fea00
Event: 0.699 Thread 0x00000231dc0a5800 DEOPT UNPACKING pc=0x00000231e5db912f sp=0x00000044ac7fe9e8 mode 2
Event: 0.821 Thread 0x00000231dc0a5800 DEOPT PACKING pc=0x00000231e6436532 sp=0x00000044ac7febc0
Event: 0.821 Thread 0x00000231dc0a5800 DEOPT UNPACKING pc=0x00000231e5db964e sp=0x00000044ac7fe040 mode 0

Classes unloaded (0 events):
No events

Classes redefined (0 events):
No events

Internal exceptions (4 events):
Event: 0.336 Thread 0x00000231dc0a5800 Exception <a 'java/lang/NoSuchMethodError'{0x0000000089a3ef08}: 'int java.lang.invoke.DirectMethodHandle$Holder.invokeSpecialIFC(java.lang.Object, java.lang.Object, int)'> (0x0000000089a3ef08) 
thrown [t:/workspace/open/src/hotspot/share/interpreter/linkResolver.cpp, line 767]
Event: 0.417 Thread 0x00000231dc0a5800 Exception <a 'java/lang/NoSuchMethodError'{0x000000008996a7e8}: 'java.lang.Object java.lang.invoke.DirectMethodHandle$Holder.invokeVirtual(java.lang.Object, java.lang.Object, java.lang.Object)'> (0x000000008996a7e8) 
thrown [t:/workspace/open/src/hotspot/share/interpreter/linkResolver.cpp, line 767]
Event: 0.699 Thread 0x00000231dc0a5800 Implicit null exception at 0x00000231ed87a904 to 0x00000231ed87ae1e
Event: 0.699 Thread 0x00000231dc0a5800 Implicit null exception at 0x00000231ed87b904 to 0x00000231ed87bdf2

Events (20 events):
Event: 0.736 loading class jdk/internal/reflect/BootstrapConstructorAccessorImpl
Event: 0.736 loading class jdk/internal/reflect/BootstrapConstructorAccessorImpl done
Event: 0.748 Loaded shared library C:\Program Files\Java\jdk-13\bin\java.dll
Event: 0.751 Loaded shared library C:\Program Files\Java\jdk-13\bin\java.dll
Event: 0.753 Loaded shared library C:\Program Files\Java\jdk-13\bin\java.dll
Event: 0.755 Loaded shared library C:\Program Files\Java\jdk-13\bin\java.dll
Event: 0.844 loading class org/ServerModule/Server$1
Event: 0.844 loading class org/ServerModule/Server$1 done
Event: 0.846 Thread 0x00000231fd9f1000 Thread added: 0x00000231fd9f1000
Event: 0.846 Executing VM operation: RevokeBias
Event: 0.846 Executing VM operation: RevokeBias done
Event: 0.846 Thread 0x00000231dc0a5800 Thread exited: 0x00000231dc0a5800
Event: 0.847 Executing VM operation: RevokeBias
Event: 0.847 Thread 0x00000231dc0a5800 Thread added: 0x00000231dc0a5800
Event: 0.847 Executing VM operation: RevokeBias done
Event: 5.844 Thread 0x00000231fdb08800 Thread exited: 0x00000231fdb08800
Event: 410.544 Loaded shared library C:\Program Files\Java\jdk-13\bin\java.dll
Event: 410.548 Loaded shared library C:\Program Files\Java\jdk-13\bin\java.dll
Event: 410.552 Loaded shared library C:\Program Files\Java\jdk-13\bin\java.dll
Event: 410.556 Loaded shared library C:\Program Files\Java\jdk-13\bin\java.dll


Dynamic libraries:
0x00007ff663f50000 - 0x00007ff663f5f000 	C:\Program Files\Java\jdk-13\bin\javaw.exe
0x00007fffa8260000 - 0x00007fffa8450000 	C:\WINDOWS\SYSTEM32\ntdll.dll
0x00007fff9f8c0000 - 0x00007fff9f8d4000 	C:\Program Files\AVAST Software\Avast\aswhook.dll
0x00007fffa7130000 - 0x00007fffa71e2000 	C:\WINDOWS\System32\KERNEL32.DLL
0x00007fffa51f0000 - 0x00007fffa5493000 	C:\WINDOWS\System32\KERNELBASE.dll
0x00007fffa54f0000 - 0x00007fffa55ea000 	C:\WINDOWS\System32\ucrtbase.dll
0x00007fff8f6c0000 - 0x00007fff8f6d8000 	C:\Program Files\Java\jdk-13\bin\jli.dll
0x00007fffa7ec0000 - 0x00007fffa7f63000 	C:\WINDOWS\System32\ADVAPI32.dll
0x00007fffa68e0000 - 0x00007fffa697e000 	C:\WINDOWS\System32\msvcrt.dll
0x00007fffa6310000 - 0x00007fffa63a7000 	C:\WINDOWS\System32\sechost.dll
0x00007fffa6f60000 - 0x00007fffa7080000 	C:\WINDOWS\System32\RPCRT4.dll
0x00007fffa6740000 - 0x00007fffa68d4000 	C:\WINDOWS\System32\USER32.dll
0x00007fffa60a0000 - 0x00007fffa60c1000 	C:\WINDOWS\System32\win32u.dll
0x00007fffa63b0000 - 0x00007fffa63d6000 	C:\WINDOWS\System32\GDI32.dll
0x00007fffa60d0000 - 0x00007fffa6264000 	C:\WINDOWS\System32\gdi32full.dll
0x00007fffa6270000 - 0x00007fffa630e000 	C:\WINDOWS\System32\msvcp_win.dll
0x00007fff8f6a0000 - 0x00007fff8f6b5000 	C:\Program Files\Java\jdk-13\bin\VCRUNTIME140.dll
0x00007fff8eea0000 - 0x00007fff8f125000 	C:\WINDOWS\WinSxS\amd64_microsoft.windows.common-controls_6595b64144ccf1df_6.0.18362.592_none_e6c0b1911312be02\COMCTL32.dll
0x00007fffa7b80000 - 0x00007fffa7eb6000 	C:\WINDOWS\System32\combase.dll
0x00007fffa6020000 - 0x00007fffa60a0000 	C:\WINDOWS\System32\bcryptPrimitives.dll
0x00007fff9d220000 - 0x00007fff9d22a000 	C:\WINDOWS\SYSTEM32\VERSION.dll
0x00007fffa70f0000 - 0x00007fffa711e000 	C:\WINDOWS\System32\IMM32.DLL
0x00007fff8c450000 - 0x00007fff8c4eb000 	C:\Program Files\Java\jdk-13\bin\msvcp140.dll
0x00007fff4c850000 - 0x00007fff4d3b6000 	C:\Program Files\Java\jdk-13\bin\server\jvm.dll
0x00007fffa7120000 - 0x00007fffa7128000 	C:\WINDOWS\System32\PSAPI.DLL
0x00007fff8ad70000 - 0x00007fff8ad79000 	C:\WINDOWS\SYSTEM32\WSOCK32.dll
0x00007fffa7080000 - 0x00007fffa70ef000 	C:\WINDOWS\System32\WS2_32.dll
0x00007fffa2a80000 - 0x00007fffa2aa4000 	C:\WINDOWS\SYSTEM32\WINMM.dll
0x00007fffa2690000 - 0x00007fffa26bd000 	C:\WINDOWS\SYSTEM32\WINMMBASE.dll
0x00007fffa54a0000 - 0x00007fffa54ea000 	C:\WINDOWS\System32\cfgmgr32.dll
0x00007fffa5160000 - 0x00007fffa5171000 	C:\WINDOWS\System32\kernel.appcore.dll
0x00007fffa0fe0000 - 0x00007fffa0ff0000 	C:\Program Files\Java\jdk-13\bin\verify.dll
0x00007fffa3a60000 - 0x00007fffa3c54000 	C:\WINDOWS\SYSTEM32\DBGHELP.DLL
0x00007fff91950000 - 0x00007fff9197a000 	C:\WINDOWS\SYSTEM32\dbgcore.DLL
0x00007fff8f670000 - 0x00007fff8f696000 	C:\Program Files\Java\jdk-13\bin\java.dll
0x00007fff8f650000 - 0x00007fff8f667000 	C:\Program Files\Java\jdk-13\bin\zip.dll
0x00007fff90470000 - 0x00007fff9047a000 	C:\Program Files\Java\jdk-13\bin\jimage.dll
0x00007fffa7490000 - 0x00007fffa7b75000 	C:\WINDOWS\System32\SHELL32.dll
0x00007fffa6500000 - 0x00007fffa65a9000 	C:\WINDOWS\System32\shcore.dll
0x00007fffa57c0000 - 0x00007fffa5f3f000 	C:\WINDOWS\System32\windows.storage.dll
0x00007fffa5140000 - 0x00007fffa515f000 	C:\WINDOWS\System32\profapi.dll
0x00007fffa51a0000 - 0x00007fffa51ea000 	C:\WINDOWS\System32\powrprof.dll
0x00007fffa5130000 - 0x00007fffa5140000 	C:\WINDOWS\System32\UMPDC.dll
0x00007fffa66e0000 - 0x00007fffa6732000 	C:\WINDOWS\System32\shlwapi.dll
0x00007fffa55f0000 - 0x00007fffa5607000 	C:\WINDOWS\System32\cryptsp.dll
0x00007fff8cd20000 - 0x00007fff8cd39000 	C:\Program Files\Java\jdk-13\bin\net.dll
0x00007fff9e5f0000 - 0x00007fff9e6e0000 	C:\WINDOWS\SYSTEM32\WINHTTP.dll
0x00007fff8f2f0000 - 0x00007fff8f4c6000 	C:\WINDOWS\SYSTEM32\urlmon.dll
0x00007fff8f810000 - 0x00007fff8fab6000 	C:\WINDOWS\SYSTEM32\iertutil.dll
0x00007fffa4b70000 - 0x00007fffa4b7c000 	C:\WINDOWS\SYSTEM32\CRYPTBASE.DLL
0x00007fffa49a0000 - 0x00007fffa4a07000 	C:\WINDOWS\system32\mswsock.dll
0x00007fff8ccf0000 - 0x00007fff8cd03000 	C:\Program Files\Java\jdk-13\bin\nio.dll
0x00007fffa46f0000 - 0x00007fffa47ba000 	C:\WINDOWS\SYSTEM32\DNSAPI.dll
0x00007fffa71f0000 - 0x00007fffa71f8000 	C:\WINDOWS\System32\NSI.dll
0x00007fffa46b0000 - 0x00007fffa46ea000 	C:\WINDOWS\SYSTEM32\IPHLPAPI.DLL
0x00007fff92db0000 - 0x00007fff92dba000 	C:\Windows\System32\rasadhlp.dll
0x00007fff99dd0000 - 0x00007fff99e47000 	C:\WINDOWS\System32\fwpuclnt.dll
0x00007fffa5f40000 - 0x00007fffa5f66000 	C:\WINDOWS\System32\bcrypt.dll

dbghelp: loaded successfully - version: 4.0.5 - missing functions: none
symbol engine: initialized successfully - sym options: 0x614 - pdb path: .;C:\Program Files\Java\jdk-13\bin;C:\WINDOWS\SYSTEM32;C:\Program Files\AVAST Software\Avast;C:\WINDOWS\WinSxS\amd64_microsoft.windows.common-controls_6595b64144ccf1df_6.0.18362.592_none_e6c0b1911312be02;C:\Program Files\Java\jdk-13\bin\server

VM Arguments:
jvm_args: -Dfile.encoding=UTF-8 
java_command: org.ServerModule.Luncher
java_class_path (initial): C:\Users\dassy\Ehpad_Services\ServerModule\target\classes;C:\Users\dassy\Downloads\mysql-connector-java-8.0.18.tar\mysql-connector-java-8.0.18\mysql-connector-java-8.0.18.jar;C:\Users\dassy\.m2\repository\mysql\mysql-connector-java\8.0.18\mysql-connector-java-8.0.18.jar;C:\Users\dassy\.m2\repository\com\google\protobuf\protobuf-java\3.6.1\protobuf-java-3.6.1.jar;C:\Users\dassy\.m2\repository\com\fasterxml\jackson\core\jackson-databind\2.7.9\jackson-databind-2.7.9.jar;C:\Users\dassy\.m2\repository\com\fasterxml\jackson\core\jackson-annotations\2.7.0\jackson-annotations-2.7.0.jar;C:\Users\dassy\.m2\repository\com\fasterxml\jackson\core\jackson-core\2.7.9\jackson-core-2.7.9.jar;C:\Users\dassy\.m2\repository\org\apache\commons\commons-dbcp2\2.7.0\commons-dbcp2-2.7.0.jar;C:\Users\dassy\.m2\repository\org\apache\commons\commons-pool2\2.7.0\commons-pool2-2.7.0.jar;C:\Users\dassy\.m2\repository\commons-logging\commons-logging\1.2\commons-logging-1.2.jar;C:\Users\dassy\.m2\repository\javax\json\javax.json-api\1.1\javax.json-api-1.1.jar;C:\Users\dassy\.m2\repository\javax\json\bind\javax.json.bind-api\1.0\javax.json.bind-api-1.0.jar;C:\Users\dassy\.m2\repository\org\eclipse\yasson\1.0\yasson-1.0.jar;C:\Users\dassy\.m2\repository\javax\enterprise\cdi-api\2.0\cdi-api-2.0.jar;C:\Users\dassy\.m2\repository\javax\el\javax.el-api\3.0.0\javax.el-api-3.0.0.jar;C:\Users\dassy\.m2\repository\javax\interceptor\javax.interceptor-api\1.2\javax.interceptor-api-1.2.jar;C:\Users\dassy\.m2\repository\javax\inject\javax.inject\1\javax.inject-1.jar;C:\Users\dassy\.m2\repository\org\glassfish\javax.json\1.1\javax.json-1.1.jar
Launcher Type: SUN_STANDARD

[Global flags]
     intx CICompilerCount                          = 4                                         {product} {ergonomic}
     uint ConcGCThreads                            = 2                                         {product} {ergonomic}
     uint G1ConcRefinementThreads                  = 8                                         {product} {ergonomic}
   size_t G1HeapRegionSize                         = 1048576                                   {product} {ergonomic}
    uintx GCDrainStackTargetSize                   = 64                                        {product} {ergonomic}
   size_t InitialHeapSize                          = 134217728                                 {product} {ergonomic}
   size_t MarkStackSize                            = 4194304                                   {product} {ergonomic}
   size_t MaxHeapSize                              = 2116026368                                {product} {ergonomic}
   size_t MaxNewSize                               = 1268776960                                {product} {ergonomic}
   size_t MinHeapDeltaBytes                        = 1048576                                   {product} {ergonomic}
   size_t MinHeapSize                              = 8388608                                   {product} {ergonomic}
    uintx NonNMethodCodeHeapSize                   = 5836300                                {pd product} {ergonomic}
    uintx NonProfiledCodeHeapSize                  = 122910970                              {pd product} {ergonomic}
    uintx ProfiledCodeHeapSize                     = 122910970                              {pd product} {ergonomic}
    uintx ReservedCodeCacheSize                    = 251658240                              {pd product} {ergonomic}
     bool SegmentedCodeCache                       = true                                      {product} {ergonomic}
   size_t SoftMaxHeapSize                          = 2116026368                             {manageable} {ergonomic}
     bool UseCompressedClassPointers               = true                                 {lp64_product} {ergonomic}
     bool UseCompressedOops                        = true                                 {lp64_product} {ergonomic}
     bool UseG1GC                                  = true                                      {product} {ergonomic}
     bool UseLargePagesIndividualAllocation        = false                                  {pd product} {ergonomic}

Logging:
Log output configuration:
 #0: stdout all=warning uptime,level,tags
 #1: stderr all=off uptime,level,tags

Environment Variables:
JAVA_HOME=C:\Program Files\Java\jdk-13
PATH=C:/Users/dassy/Desktop/JAVA2/bin/server;C:/Users/dassy/Desktop/JAVA2/bin;C:/Users/dassy/Desktop/JAVA2/lib/amd64;C:\ProgramData\Oracle\Java\javapath;C:\Program Files (x86)\Intel\Intel(R) Management Engine Components\iCLS\;C:\Program Files\Intel\Intel(R) Management Engine Components\iCLS\;C:\windows\system32;C:\windows;C:\windows\System32\Wbem;C:\windows\System32\WindowsPowerShell\v1.0\;C:\windows\System32\OpenSSH\;C:\Program Files (x86)\Intel\Intel(R) Management Engine Components\DAL;C:\Program Files\Intel\Intel(R) Management Engine Components\DAL;C:\Program Files (x86)\NVIDIA Corporation\PhysX\Common;C:\Users\dassy\apache-maven-3.6.2-bin\apache-maven-3.6.2\bin;C:\Program Files\Git\cmd;C:\WINDOWS\system32;C:\WINDOWS;C:\WINDOWS\System32\Wbem;C:\WINDOWS\System32\WindowsPowerShell\v1.0\;C:\WINDOWS\System32\OpenSSH\;C:\Program Files\NVIDIA Corporation\NVIDIA NvDLISR;C:\Program Files\dotnet\;C:\Program Files\Microsoft SQL Server\130\Tools\Binn\;C:\Program Files\Microsoft SQL Server\Client SDK\ODBC\170\Tools\Binn\;C:\Program Files\Microsoft SQL Server\Client SDK\ODBC\130\Tools\Binn\;C:\Program Files (x86)\Microsoft SQL Server\140\Tools\Binn\;C:\Program Files\Microsoft SQL Server\140\Tools\Binn\;C:\Program Files\Microsoft SQL Server\140\DTS\Binn\;C:\Program Files\Java\jdk-13\bin;C:\Users\dassy\AppData\Local\Microsoft\WindowsApps;C:\Users\dassy\AppData\Local\GitHubDesktop\bin;C:\Users\dassy\apache-maven-3.6.2-bin\apache-maven-3.6.2\bin;C:\Program Files\Java\jdk-13;;C:\Users\dassy\AppData\Local\Microsoft\WindowsApps;C:\Users\dassy\Desktop;
USERNAME=dassy
OS=Windows_NT
PROCESSOR_IDENTIFIER=Intel64 Family 6 Model 142 Stepping 10, GenuineIntel



---------------  S Y S T E M  ---------------

OS: Windows 10 , 64 bit Build 18362 (10.0.18362.329)

CPU:total 8 (initial active 8) (4 cores per cpu, 2 threads per core) family 6 model 142 stepping 10, cmov, cx8, fxsr, mmx, sse, sse2, sse3, ssse3, sse4.1, sse4.2, popcnt, avx, avx2, aes, clmul, erms, 3dnowpref, lzcnt, ht, tsc, tscinvbit, bmi1, bmi2, adx, fma

Memory: 4k page, system-wide physical 8071M (1406M free)
TotalPageFile size 32647M (AvailPageFile size 0M)
current process WorkingSet (physical memory assigned to process): 26M, peak: 58M
current process commit charge ("private bytes"): 219M, peak: 225M

vm_info: Java HotSpot(TM) 64-Bit Server VM (13+33) for windows-amd64 JRE (13+33), built on Sep 18 2019 21:38:00 by "mach5one" with unknown MS VC++:1916

END.
