#
# There is insufficient memory for the Java Runtime Environment to continue.
# Native memory allocation (mmap) failed to map 134217728 bytes for Failed to commit area from 0x0000000081e00000 to 0x0000000089e00000 of length 134217728.
# Possible reasons:
#   The system is out of physical RAM or swap space
#   The process is running with CompressedOops enabled, and the Java Heap may be blocking the growth of the native heap
# Possible solutions:
#   Reduce memory load on the system
#   Increase physical memory or swap space
#   Check if swap backing store is full
#   Decrease Java heap size (-Xmx/-Xms)
#   Decrease number of Java threads
#   Decrease Java thread stack sizes (-Xss)
#   Set larger code cache with -XX:ReservedCodeCacheSize=
# This output file may be truncated or incomplete.
#
#  Out of Memory Error (t:/workspace/open/src/hotspot/os/windows/os_windows.cpp:3301), pid=15656, tid=12128
#
# JRE version:  (13.0+33) (build )
# Java VM: Java HotSpot(TM) 64-Bit Server VM (13+33, mixed mode, aot, sharing, tiered, compressed oops, g1 gc, windows-amd64)
# No core dump will be written. Minidumps are not enabled by default on client versions of Windows
#

---------------  S U M M A R Y ------------

Command Line: -Dfile.encoding=UTF-8 org.ServerModule.Server

Host: Intel(R) Core(TM) i5-8250U CPU @ 1.60GHz, 8 cores, 7G,  Windows 10 , 64 bit Build 18362 (10.0.18362.329)
Time: Sat Oct 19 14:51:52 2019 Paris, Madrid (heure d?été) elapsed time: 0 seconds (0d 0h 0m 0s)

---------------  T H R E A D  ---------------

Current thread (0x00000203c7aa1000):  JavaThread "Unknown thread" [_thread_in_vm, id=12128, stack(0x0000003108700000,0x0000003108800000)]

Stack: [0x0000003108700000,0x0000003108800000]
Native frames: (J=compiled Java code, j=interpreted, Vv=VM code, C=native code)
V  [jvm.dll+0x626eaa]
V  [jvm.dll+0x772c4a]
V  [jvm.dll+0x7743ff]
V  [jvm.dll+0x774a03]
V  [jvm.dll+0x24da38]
V  [jvm.dll+0x62436a]
V  [jvm.dll+0x618f55]
V  [jvm.dll+0x30c5fc]
V  [jvm.dll+0x30c432]
V  [jvm.dll+0x311ba6]
V  [jvm.dll+0x355cc6]
V  [jvm.dll+0x3554a0]
V  [jvm.dll+0x2e727a]
V  [jvm.dll+0x2e8512]
V  [jvm.dll+0x74fcb8]
V  [jvm.dll+0x363719]
V  [jvm.dll+0x732da5]
V  [jvm.dll+0x3ce2cf]
V  [jvm.dll+0x3d05f1]
C  [jli.dll+0x51ff]
C  [ucrtbase.dll+0x20e72]
C  [KERNEL32.DLL+0x17bd4]
C  [ntdll.dll+0x6ced1]


---------------  P R O C E S S  ---------------

Threads class SMR info:
_java_thread_list=0x00007ffd03d246b8, length=0, elements={
}

Java Threads: ( => current thread )

Other Threads:
  0x00000203c7ae4800 GCTaskThread "GC Thread#0" [stack: 0x0000003108800000,0x0000003108900000] [id=13856]
  0x00000203c7af8800 ConcurrentGCThread "G1 Main Marker" [stack: 0x0000003108900000,0x0000003108a00000] [id=13244]
  0x00000203c7afb000 ConcurrentGCThread "G1 Conc#0" [stack: 0x0000003108a00000,0x0000003108b00000] [id=9668]

[error occurred during error reporting (printing all threads), id 0xc0000005, EXCEPTION_ACCESS_VIOLATION (0xc0000005) at pc=0x00007ffd03556f47]

VM state:not at safepoint (not fully initialized)

VM Mutex/Monitor currently owned by a thread:  ([mutex/lock_event])
[0x00000203c7a9d1a0] Heap_lock - owner thread: 0x00000203c7aa1000

Heap address: 0x0000000081e00000, size: 2018 MB, Compressed Oops mode: Non-zero based: 0x0000000081e00000
Narrow klass base: 0x0000000000000000, Narrow klass shift: 0

GC Heap History (0 events):
No events

Deoptimization events (0 events):
No events

Classes unloaded (0 events):
No events

Classes redefined (0 events):
No events

Internal exceptions (0 events):
No events

Events (8 events):
Event: 0.007 Loaded shared library C:\Program Files\Java\jdk-13\bin\zip.dll
Event: 0.008 Loaded shared library C:\Program Files\Java\jdk-13\bin\jimage.dll
Event: 0.010 Loading shared library C:\Program Files\Java\jdk-13\lib\libjava.base-coop.dll failed, error code 126
Event: 0.010 Loading shared library C:\Program Files\Java\jdk-13\lib\libjava.logging-coop.dll failed, error code 126
Event: 0.010 Loading shared library C:\Program Files\Java\jdk-13\lib\libjdk.compiler-coop.dll failed, error code 126
Event: 0.010 Loading shared library C:\Program Files\Java\jdk-13\lib\libjdk.scripting.nashorn-coop.dll failed, error code 126
Event: 0.010 Loading shared library C:\Program Files\Java\jdk-13\lib\libjdk.internal.vm.ci-coop.dll failed, error code 126
Event: 0.010 Loading shared library C:\Program Files\Java\jdk-13\lib\libjdk.internal.vm.compiler-coop.dll failed, error code 126


Dynamic libraries:
0x00007ff775a80000 - 0x00007ff775a8f000 	C:\Program Files\Java\jdk-13\bin\javaw.exe
0x00007ffd51b40000 - 0x00007ffd51d30000 	C:\WINDOWS\SYSTEM32\ntdll.dll
0x00007ffd3c720000 - 0x00007ffd3c734000 	C:\Program Files\AVAST Software\Avast\aswhook.dll
0x00007ffd50250000 - 0x00007ffd50302000 	C:\WINDOWS\System32\KERNEL32.DLL
0x00007ffd4ed10000 - 0x00007ffd4efb3000 	C:\WINDOWS\System32\KERNELBASE.dll
0x00007ffd4f920000 - 0x00007ffd4fa1a000 	C:\WINDOWS\System32\ucrtbase.dll
0x00007ffd3fb80000 - 0x00007ffd3fb98000 	C:\Program Files\Java\jdk-13\bin\jli.dll
0x00007ffd50340000 - 0x00007ffd503e3000 	C:\WINDOWS\System32\ADVAPI32.dll
0x00007ffd50600000 - 0x00007ffd5069e000 	C:\WINDOWS\System32\msvcrt.dll
0x00007ffd4ff80000 - 0x00007ffd50017000 	C:\WINDOWS\System32\sechost.dll
0x00007ffd50c40000 - 0x00007ffd50d60000 	C:\WINDOWS\System32\RPCRT4.dll
0x00007ffd51040000 - 0x00007ffd511d4000 	C:\WINDOWS\System32\USER32.dll
0x00007ffd4fa20000 - 0x00007ffd4fa41000 	C:\WINDOWS\System32\win32u.dll
0x00007ffd50310000 - 0x00007ffd50336000 	C:\WINDOWS\System32\GDI32.dll
0x00007ffd4ead0000 - 0x00007ffd4ec64000 	C:\WINDOWS\System32\gdi32full.dll
0x00007ffd4ec70000 - 0x00007ffd4ed0e000 	C:\WINDOWS\System32\msvcp_win.dll
0x00007ffd3fb60000 - 0x00007ffd3fb75000 	C:\Program Files\Java\jdk-13\bin\VCRUNTIME140.dll
0x00007ffd360f0000 - 0x00007ffd36375000 	C:\WINDOWS\WinSxS\amd64_microsoft.windows.common-controls_6595b64144ccf1df_6.0.18362.418_none_e6c6b287130d565d\COMCTL32.dll
0x00007ffd4fc40000 - 0x00007ffd4ff76000 	C:\WINDOWS\System32\combase.dll
0x00007ffd4f8a0000 - 0x00007ffd4f920000 	C:\WINDOWS\System32\bcryptPrimitives.dll
0x00007ffd42e10000 - 0x00007ffd42e1a000 	C:\WINDOWS\SYSTEM32\VERSION.dll
0x00007ffd4fc10000 - 0x00007ffd4fc3e000 	C:\WINDOWS\System32\IMM32.DLL
0x00007ffd358d0000 - 0x00007ffd3596b000 	C:\Program Files\Java\jdk-13\bin\msvcp140.dll
0x00007ffd03260000 - 0x00007ffd03dc6000 	C:\Program Files\Java\jdk-13\bin\server\jvm.dll
0x00007ffd4fc00000 - 0x00007ffd4fc08000 	C:\WINDOWS\System32\PSAPI.DLL
0x00007ffd349d0000 - 0x00007ffd349d9000 	C:\WINDOWS\SYSTEM32\WSOCK32.dll
0x00007ffd511e0000 - 0x00007ffd5124f000 	C:\WINDOWS\System32\WS2_32.dll
0x00007ffd4bfc0000 - 0x00007ffd4bfe4000 	C:\WINDOWS\SYSTEM32\WINMM.dll
0x00007ffd4bbf0000 - 0x00007ffd4bc1d000 	C:\WINDOWS\SYSTEM32\WINMMBASE.dll
0x00007ffd4f850000 - 0x00007ffd4f89a000 	C:\WINDOWS\System32\cfgmgr32.dll
0x00007ffd4ea20000 - 0x00007ffd4ea31000 	C:\WINDOWS\System32\kernel.appcore.dll
0x00007ffd48c30000 - 0x00007ffd48c40000 	C:\Program Files\Java\jdk-13\bin\verify.dll
0x00007ffd4d350000 - 0x00007ffd4d544000 	C:\WINDOWS\SYSTEM32\DBGHELP.DLL
0x00007ffd3b470000 - 0x00007ffd3b49a000 	C:\WINDOWS\SYSTEM32\dbgcore.DLL
0x00007ffd3fb30000 - 0x00007ffd3fb56000 	C:\Program Files\Java\jdk-13\bin\java.dll
0x00007ffd3fb10000 - 0x00007ffd3fb27000 	C:\Program Files\Java\jdk-13\bin\zip.dll
0x00007ffd48ba0000 - 0x00007ffd48baa000 	C:\Program Files\Java\jdk-13\bin\jimage.dll

dbghelp: loaded successfully - version: 4.0.5 - missing functions: none
symbol engine: initialized successfully - sym options: 0x614 - pdb path: .;C:\Program Files\Java\jdk-13\bin;C:\WINDOWS\SYSTEM32;C:\Program Files\AVAST Software\Avast;C:\WINDOWS\WinSxS\amd64_microsoft.windows.common-controls_6595b64144ccf1df_6.0.18362.418_none_e6c6b287130d565d;C:\Program Files\Java\jdk-13\bin\server

VM Arguments:
jvm_args: -Dfile.encoding=UTF-8 
java_command: org.ServerModule.Server
java_class_path (initial): C:\Users\dassy\eclipse-workspace5\Ehpad_Services\ServerModule\target\classes;C:\Users\dassy\Downloads\mysql-connector-java-8.0.18.tar\mysql-connector-java-8.0.18\mysql-connector-java-8.0.18.jar;C:\Users\dassy\.m2\repository\mysql\mysql-connector-java\8.0.18\mysql-connector-java-8.0.18.jar;C:\Users\dassy\.m2\repository\com\google\protobuf\protobuf-java\3.6.1\protobuf-java-3.6.1.jar
Launcher Type: SUN_STANDARD

[Global flags]
     intx CICompilerCount                          = 4                                         {product} {ergonomic}
     uint ConcGCThreads                            = 2                                         {product} {ergonomic}
     uint G1ConcRefinementThreads                  = 8                                         {product} {ergonomic}
   size_t G1HeapRegionSize                         = 1048576                                   {product} {ergonomic}
    uintx GCDrainStackTargetSize                   = 64                                        {product} {ergonomic}
   size_t InitialHeapSize                          = 134217728                                 {product} {ergonomic}
   size_t MarkStackSize                            = 4194304                                   {product} {ergonomic}
   size_t MaxHeapSize                              = 2116026368                                {product} {ergonomic}
   size_t MinHeapDeltaBytes                        = 1048576                                   {product} {ergonomic}
   size_t MinHeapSize                              = 8388608                                   {product} {ergonomic}
    uintx NonNMethodCodeHeapSize                   = 5836300                                {pd product} {ergonomic}
    uintx NonProfiledCodeHeapSize                  = 122910970                              {pd product} {ergonomic}
    uintx ProfiledCodeHeapSize                     = 122910970                              {pd product} {ergonomic}
    uintx ReservedCodeCacheSize                    = 251658240                              {pd product} {ergonomic}
     bool SegmentedCodeCache                       = true                                      {product} {ergonomic}
   size_t SoftMaxHeapSize                          = 2116026368                             {manageable} {ergonomic}
     bool UseCompressedClassPointers               = true                                 {lp64_product} {ergonomic}
     bool UseCompressedOops                        = true                                 {lp64_product} {ergonomic}
     bool UseG1GC                                  = true                                      {product} {ergonomic}
     bool UseLargePagesIndividualAllocation        = false                                  {pd product} {ergonomic}

Logging:
Log output configuration:
 #0: stdout all=warning uptime,level,tags
 #1: stderr all=off uptime,level,tags

Environment Variables:
JAVA_HOME=C:\Program Files\Java\jdk-13
PATH=C:/Users/dassy/Desktop/JAVA2/bin/server;C:/Users/dassy/Desktop/JAVA2/bin;C:/Users/dassy/Desktop/JAVA2/lib/amd64;C:\ProgramData\Oracle\Java\javapath;C:\Program Files (x86)\Intel\Intel(R) Management Engine Components\iCLS\;C:\Program Files\Intel\Intel(R) Management Engine Components\iCLS\;C:\windows\system32;C:\windows;C:\windows\System32\Wbem;C:\windows\System32\WindowsPowerShell\v1.0\;C:\windows\System32\OpenSSH\;C:\Program Files (x86)\Intel\Intel(R) Management Engine Components\DAL;C:\Program Files\Intel\Intel(R) Management Engine Components\DAL;C:\Program Files (x86)\NVIDIA Corporation\PhysX\Common;C:\Users\dassy\apache-maven-3.6.2-bin\apache-maven-3.6.2\bin;C:\Program Files\Git\cmd;C:\WINDOWS\system32;C:\WINDOWS;C:\WINDOWS\System32\Wbem;C:\WINDOWS\System32\WindowsPowerShell\v1.0\;C:\WINDOWS\System32\OpenSSH\;C:\Program Files\Java\jdk-13\bin;C:\Users\dassy\AppData\Local\Microsoft\WindowsApps;C:\Users\dassy\AppData\Local\GitHubDesktop\bin;C:\Users\dassy\apache-maven-3.6.2-bin\apache-maven-3.6.2\bin;C:\Program Files\Java\jdk-13;;C:\Users\dassy\AppData\Local\Microsoft\WindowsApps;C:\Users\dassy\Desktop;
USERNAME=dassy
OS=Windows_NT
PROCESSOR_IDENTIFIER=Intel64 Family 6 Model 142 Stepping 10, GenuineIntel



---------------  S Y S T E M  ---------------

OS: Windows 10 , 64 bit Build 18362 (10.0.18362.329)

CPU:total 8 (initial active 8) (4 cores per cpu, 2 threads per core) family 6 model 142 stepping 10, cmov, cx8, fxsr, mmx, sse, sse2, sse3, ssse3, sse4.1, sse4.2, popcnt, avx, avx2, aes, clmul, erms, 3dnowpref, lzcnt, ht, tsc, tscinvbit, bmi1, bmi2, adx, fma

Memory: 4k page, system-wide physical 8071M (988M free)
TotalPageFile size 32647M (AvailPageFile size 45M)
current process WorkingSet (physical memory assigned to process): 10M, peak: 10M
current process commit charge ("private bytes"): 60M, peak: 188M

vm_info: Java HotSpot(TM) 64-Bit Server VM (13+33) for windows-amd64 JRE (13+33), built on Sep 18 2019 21:38:00 by "mach5one" with unknown MS VC++:1916

END.
