#
# There is insufficient memory for the Java Runtime Environment to continue.
# Native memory allocation (malloc) failed to allocate 38544 bytes for Chunk::new
# Possible reasons:
#   The system is out of physical RAM or swap space
#   The process is running with CompressedOops enabled, and the Java Heap may be blocking the growth of the native heap
# Possible solutions:
#   Reduce memory load on the system
#   Increase physical memory or swap space
#   Check if swap backing store is full
#   Decrease Java heap size (-Xmx/-Xms)
#   Decrease number of Java threads
#   Decrease Java thread stack sizes (-Xss)
#   Set larger code cache with -XX:ReservedCodeCacheSize=
#   JVM is running with Unscaled Compressed Oops mode in which the Java heap is
#     placed in the first 4GB address space. The Java Heap base address is the
#     maximum limit for the native heap growth. Please use -XX:HeapBaseMinAddress
#     to set the Java Heap base and to place the Java Heap above 4GB virtual address.
# This output file may be truncated or incomplete.
#
#  Out of Memory Error (allocation.cpp:389), pid=2212, tid=0x0000000000003cec
#
# JRE version: Java(TM) SE Runtime Environment (8.0_221-b11) (build 1.8.0_221-b11)
# Java VM: Java HotSpot(TM) 64-Bit Server VM (25.221-b11 mixed mode windows-amd64 compressed oops)
# Failed to write core dump. Minidumps are not enabled by default on client versions of Windows
#

---------------  T H R E A D  ---------------

Current thread (0x0000000019314800):  JavaThread "C2 CompilerThread1" daemon [_thread_in_native, id=15596, stack(0x0000000019c10000,0x0000000019d10000)]

Stack: [0x0000000019c10000,0x0000000019d10000]
[error occurred during error reporting (printing stack bounds), id 0xc0000005]

Native frames: (J=compiled Java code, j=interpreted, Vv=VM code, C=native code)


Current CompileTask:
C2:  14009  181       4       jdk.internal.org.objectweb.asm.ByteVector::putUTF8 (142 bytes)


---------------  P R O C E S S  ---------------

Java Threads: ( => current thread )
  0x00000000023b2800 JavaThread "DestroyJavaVM" [_thread_blocked, id=1412, stack(0x0000000002260000,0x0000000002360000)]
  0x000000001941c000 JavaThread "Thread-0" [_thread_in_native, id=6072, stack(0x000000001a110000,0x000000001a210000)]
  0x00000000193aa000 JavaThread "Service Thread" daemon [_thread_blocked, id=8768, stack(0x0000000019f10000,0x000000001a010000)]
  0x000000001931c000 JavaThread "C1 CompilerThread3" daemon [_thread_in_native, id=12944, stack(0x0000000019e10000,0x0000000019f10000)]
  0x000000001931a800 JavaThread "C2 CompilerThread2" daemon [_thread_blocked, id=1104, stack(0x0000000019d10000,0x0000000019e10000)]
=>0x0000000019314800 JavaThread "C2 CompilerThread1" daemon [_thread_in_native, id=15596, stack(0x0000000019c10000,0x0000000019d10000)]
  0x000000001930b000 JavaThread "C2 CompilerThread0" daemon [_thread_blocked, id=14312, stack(0x0000000019b10000,0x0000000019c10000)]
  0x0000000019309800 JavaThread "Attach Listener" daemon [_thread_blocked, id=7308, stack(0x0000000019a10000,0x0000000019b10000)]
  0x0000000019308000 JavaThread "Signal Dispatcher" daemon [_thread_blocked, id=15380, stack(0x0000000019910000,0x0000000019a10000)]
  0x0000000019300800 JavaThread "Finalizer" daemon [_thread_blocked, id=2676, stack(0x00000000196e0000,0x00000000197e0000)]
  0x00000000024a7000 JavaThread "Reference Handler" daemon [_thread_blocked, id=14436, stack(0x00000000191e0000,0x00000000192e0000)]

Other Threads:
  0x000000001741a000 VMThread [stack: 0x00000000190e0000,0x00000000191e0000] [id=13372]
  0x00000000193cc800 WatcherThread [stack: 0x000000001a010000,0x000000001a110000] [id=13620]

VM state:not at safepoint (normal execution)

VM Mutex/Monitor currently owned by a thread: None

heap address: 0x0000000081e00000, size: 2018 MB, Compressed Oops mode: 32-bit
Narrow klass base: 0x0000000000000000, Narrow klass shift: 3
Compressed class space size: 1073741824 Address: 0x0000000100000000

Heap:
 PSYoungGen      total 38400K, used 3994K [0x00000000d5f80000, 0x00000000d8a00000, 0x0000000100000000)
  eden space 33280K, 12% used [0x00000000d5f80000,0x00000000d6366880,0x00000000d8000000)
  from space 5120K, 0% used [0x00000000d8500000,0x00000000d8500000,0x00000000d8a00000)
  to   space 5120K, 0% used [0x00000000d8000000,0x00000000d8000000,0x00000000d8500000)
 ParOldGen       total 87552K, used 0K [0x0000000081e00000, 0x0000000087380000, 0x00000000d5f80000)
  object space 87552K, 0% used [0x0000000081e00000,0x0000000081e00000,0x0000000087380000)
 Metaspace       used 3892K, capacity 4744K, committed 4864K, reserved 1056768K
  class space    used 452K, capacity 500K, committed 512K, reserved 1048576K

Card table byte_map: [0x0000000011870000,0x0000000011c70000] byte_map_base: 0x0000000011461000

Marking Bits: (ParMarkBitMap*) 0x0000000061045ce0
 Begin Bits: [0x0000000012720000, 0x00000000146a8000)
 End Bits:   [0x00000000146a8000, 0x0000000016630000)

Polling page: 0x00000000009c0000

CodeCache: size=245760Kb used=1417Kb max_used=1417Kb free=244342Kb
 bounds [0x00000000024b0000, 0x0000000002720000, 0x00000000114b0000]
 total_blobs=466 nmethods=202 adapters=177
 compilation: enabled

Compilation events (10 events):
Event: 13.998 Thread 0x000000001931c000 nmethod 190 0x000000000260aa10 code [0x000000000260ab80, 0x000000000260adb0]
Event: 13.998 Thread 0x000000001931c000  191       3       sun.invoke.util.Wrapper::stackSlots (9 bytes)
Event: 13.999 Thread 0x000000001931c000 nmethod 191 0x000000000260ae90 code [0x000000000260afe0, 0x000000000260b130]
Event: 13.999 Thread 0x000000001931c000  193       3       jdk.internal.org.objectweb.asm.ClassWriter::addType (39 bytes)
Event: 13.999 Thread 0x000000001931c000 nmethod 193 0x000000000260b310 code [0x000000000260b4a0, 0x000000000260b788]
Event: 13.999 Thread 0x000000001931c000  194       3       java.util.concurrent.ConcurrentHashMap::putIfAbsent (8 bytes)
Event: 13.999 Thread 0x000000001931c000 nmethod 194 0x000000000260b8d0 code [0x000000000260ba40, 0x000000000260bc48]
Event: 14.000 Thread 0x000000001931c000  200   !   3       java.util.AbstractList$Itr::next (45 bytes)
Event: 14.001 Thread 0x000000001931c000 nmethod 200 0x000000000260bfd0 code [0x000000000260c1a0, 0x000000000260c7b8]
Event: 14.001 Thread 0x000000001931c000  198       3       jdk.internal.org.objectweb.asm.MethodWriter::visitVarInsn (292 bytes)

GC Heap History (0 events):
No events

Deoptimization events (0 events):
No events

Classes redefined (0 events):
No events

Internal exceptions (8 events):
Event: 0.078 Thread 0x00000000023b2800 Exception <a 'java/lang/NoSuchMethodError': Method sun.misc.Unsafe.defineClass(Ljava/lang/String;[BII)Ljava/lang/Class; name or signature does not match> (0x00000000d5f87cb8) thrown at [C:\re\workspace\8-2-build-windows-amd64-cygwin\jdk8u221\13320\hotspot
Event: 0.078 Thread 0x00000000023b2800 Exception <a 'java/lang/NoSuchMethodError': Method sun.misc.Unsafe.prefetchRead(Ljava/lang/Object;J)V name or signature does not match> (0x00000000d5f87fa0) thrown at [C:\re\workspace\8-2-build-windows-amd64-cygwin\jdk8u221\13320\hotspot\src\share\vm\prim
Event: 13.874 Thread 0x000000001941c000 Exception <a 'java/security/PrivilegedActionException'> (0x00000000d60e7430) thrown at [C:\re\workspace\8-2-build-windows-amd64-cygwin\jdk8u221\13320\hotspot\src\share\vm\prims\jvm.cpp, line 1502]
Event: 13.874 Thread 0x000000001941c000 Exception <a 'java/security/PrivilegedActionException'> (0x00000000d60e7640) thrown at [C:\re\workspace\8-2-build-windows-amd64-cygwin\jdk8u221\13320\hotspot\src\share\vm\prims\jvm.cpp, line 1502]
Event: 13.875 Thread 0x000000001941c000 Exception <a 'java/security/PrivilegedActionException'> (0x00000000d60ea1a0) thrown at [C:\re\workspace\8-2-build-windows-amd64-cygwin\jdk8u221\13320\hotspot\src\share\vm\prims\jvm.cpp, line 1502]
Event: 13.875 Thread 0x000000001941c000 Exception <a 'java/security/PrivilegedActionException'> (0x00000000d60ea3b0) thrown at [C:\re\workspace\8-2-build-windows-amd64-cygwin\jdk8u221\13320\hotspot\src\share\vm\prims\jvm.cpp, line 1502]
Event: 13.986 Thread 0x000000001941c000 Exception <a 'java/lang/NoSuchFieldError': method resolution failed> (0x00000000d62a3d98) thrown at [C:\re\workspace\8-2-build-windows-amd64-cygwin\jdk8u221\13320\hotspot\src\share\vm\prims\methodHandles.cpp, line 1167]
Event: 13.990 Thread 0x000000001941c000 Exception <a 'java/lang/NoSuchFieldError': method resolution failed> (0x00000000d62b1568) thrown at [C:\re\workspace\8-2-build-windows-amd64-cygwin\jdk8u221\13320\hotspot\src\share\vm\prims\methodHandles.cpp, line 1167]

Events (10 events):
Event: 13.986 loading class java/lang/IllegalAccessException
Event: 13.986 loading class java/lang/IllegalAccessException done
Event: 13.993 loading class java/lang/invoke/LambdaFormEditor
Event: 13.994 loading class java/lang/invoke/LambdaFormEditor done
Event: 13.994 loading class java/lang/invoke/LambdaFormEditor$Transform$Kind
Event: 13.994 loading class java/lang/invoke/LambdaFormEditor$Transform$Kind done
Event: 13.994 loading class java/lang/invoke/LambdaFormEditor$Transform
Event: 13.995 loading class java/lang/invoke/LambdaFormEditor$Transform done
Event: 13.995 loading class java/lang/invoke/LambdaFormBuffer
Event: 13.995 loading class java/lang/invoke/LambdaFormBuffer done


Dynamic libraries:
0x00007ff7403c0000 - 0x00007ff7403f7000 	C:\Users\dassy\Desktop\JAVA2\bin\javaw.exe
0x00007ffc30540000 - 0x00007ffc30730000 	C:\WINDOWS\SYSTEM32\ntdll.dll
0x00007ffbe9ef0000 - 0x00007ffbe9f04000 	C:\Program Files\AVAST Software\Avast\aswhook.dll
0x00007ffc2fbe0000 - 0x00007ffc2fc92000 	C:\WINDOWS\System32\KERNEL32.DLL
0x00007ffc2d700000 - 0x00007ffc2d9a3000 	C:\WINDOWS\System32\KERNELBASE.dll
0x00007ffc2fa60000 - 0x00007ffc2fb03000 	C:\WINDOWS\System32\ADVAPI32.dll
0x00007ffc2fee0000 - 0x00007ffc2ff7e000 	C:\WINDOWS\System32\msvcrt.dll
0x00007ffc2ff90000 - 0x00007ffc30027000 	C:\WINDOWS\System32\sechost.dll
0x00007ffc2fdc0000 - 0x00007ffc2fee0000 	C:\WINDOWS\System32\RPCRT4.dll
0x00007ffc2e5f0000 - 0x00007ffc2e784000 	C:\WINDOWS\System32\USER32.dll
0x00007ffc2e420000 - 0x00007ffc2e441000 	C:\WINDOWS\System32\win32u.dll
0x00007ffc2fd10000 - 0x00007ffc2fd36000 	C:\WINDOWS\System32\GDI32.dll
0x00007ffc2d4d0000 - 0x00007ffc2d664000 	C:\WINDOWS\System32\gdi32full.dll
0x00007ffc2e450000 - 0x00007ffc2e4ee000 	C:\WINDOWS\System32\msvcp_win.dll
0x00007ffc2e4f0000 - 0x00007ffc2e5ea000 	C:\WINDOWS\System32\ucrtbase.dll
0x00007ffc169f0000 - 0x00007ffc16c75000 	C:\WINDOWS\WinSxS\amd64_microsoft.windows.common-controls_6595b64144ccf1df_6.0.18362.476_none_e6c4b11b130f2595\COMCTL32.dll
0x00007ffc2e8d0000 - 0x00007ffc2ec06000 	C:\WINDOWS\System32\combase.dll
0x00007ffc2d9b0000 - 0x00007ffc2da30000 	C:\WINDOWS\System32\bcryptPrimitives.dll
0x00007ffc2e7f0000 - 0x00007ffc2e81e000 	C:\WINDOWS\System32\IMM32.DLL
0x0000000061d60000 - 0x0000000061e32000 	C:\Users\dassy\Desktop\JAVA2\bin\msvcr100.dll
0x0000000060820000 - 0x00000000610c5000 	C:\Users\dassy\Desktop\JAVA2\bin\server\jvm.dll
0x00007ffc2ff80000 - 0x00007ffc2ff88000 	C:\WINDOWS\System32\PSAPI.DLL
0x00007ffc132f0000 - 0x00007ffc132f9000 	C:\WINDOWS\SYSTEM32\WSOCK32.dll
0x00007ffc2f9f0000 - 0x00007ffc2fa5f000 	C:\WINDOWS\System32\WS2_32.dll
0x00007ffc2ae10000 - 0x00007ffc2ae34000 	C:\WINDOWS\SYSTEM32\WINMM.dll
0x00007ffc234f0000 - 0x00007ffc234fa000 	C:\WINDOWS\SYSTEM32\VERSION.dll
0x00007ffc2ad90000 - 0x00007ffc2adbd000 	C:\WINDOWS\SYSTEM32\WINMMBASE.dll
0x00007ffc2e1b0000 - 0x00007ffc2e1fa000 	C:\WINDOWS\System32\cfgmgr32.dll
0x00007ffc14370000 - 0x00007ffc1437f000 	C:\Users\dassy\Desktop\JAVA2\bin\verify.dll
0x00007ffc11df0000 - 0x00007ffc11e19000 	C:\Users\dassy\Desktop\JAVA2\bin\java.dll
0x00007ffc109d0000 - 0x00007ffc109e6000 	C:\Users\dassy\Desktop\JAVA2\bin\zip.dll
0x00007ffc2f210000 - 0x00007ffc2f8f5000 	C:\WINDOWS\System32\SHELL32.dll
0x00007ffc2e820000 - 0x00007ffc2e8c9000 	C:\WINDOWS\System32\shcore.dll
0x00007ffc2da30000 - 0x00007ffc2e1ae000 	C:\WINDOWS\System32\windows.storage.dll
0x00007ffc2d4b0000 - 0x00007ffc2d4cf000 	C:\WINDOWS\System32\profapi.dll
0x00007ffc2d460000 - 0x00007ffc2d4aa000 	C:\WINDOWS\System32\powrprof.dll
0x00007ffc2d410000 - 0x00007ffc2d420000 	C:\WINDOWS\System32\UMPDC.dll
0x00007ffc2f1b0000 - 0x00007ffc2f202000 	C:\WINDOWS\System32\shlwapi.dll
0x00007ffc2d420000 - 0x00007ffc2d431000 	C:\WINDOWS\System32\kernel.appcore.dll
0x00007ffc2e200000 - 0x00007ffc2e217000 	C:\WINDOWS\System32\cryptsp.dll
0x00007ffc103f0000 - 0x00007ffc1040a000 	C:\Users\dassy\Desktop\JAVA2\bin\net.dll
0x00007ffc17620000 - 0x00007ffc177f6000 	C:\WINDOWS\SYSTEM32\urlmon.dll
0x00007ffc18630000 - 0x00007ffc188d6000 	C:\WINDOWS\SYSTEM32\iertutil.dll
0x00007ffc2ce50000 - 0x00007ffc2ce5c000 	C:\WINDOWS\SYSTEM32\CRYPTBASE.DLL
0x00007ffc2cc80000 - 0x00007ffc2cce7000 	C:\WINDOWS\system32\mswsock.dll

VM Arguments:
jvm_args: -Dfile.encoding=UTF-8 
java_command: org.ServerModule.Server
java_class_path (initial): C:\Users\dassy\Ehpad_Services\ServerModule\target\classes;C:\Users\dassy\Downloads\mysql-connector-java-8.0.18.tar\mysql-connector-java-8.0.18\mysql-connector-java-8.0.18.jar;C:\Users\dassy\.m2\repository\mysql\mysql-connector-java\8.0.18\mysql-connector-java-8.0.18.jar;C:\Users\dassy\.m2\repository\com\google\protobuf\protobuf-java\3.6.1\protobuf-java-3.6.1.jar;C:\Users\dassy\.m2\repository\com\fasterxml\jackson\core\jackson-databind\2.6.3\jackson-databind-2.6.3.jar;C:\Users\dassy\.m2\repository\com\fasterxml\jackson\core\jackson-annotations\2.6.0\jackson-annotations-2.6.0.jar;C:\Users\dassy\.m2\repository\com\fasterxml\jackson\core\jackson-core\2.6.3\jackson-core-2.6.3.jar;C:\Users\dassy\.m2\repository\org\apache\commons\commons-dbcp2\2.7.0\commons-dbcp2-2.7.0.jar;C:\Users\dassy\.m2\repository\org\apache\commons\commons-pool2\2.7.0\commons-pool2-2.7.0.jar;C:\Users\dassy\.m2\repository\commons-logging\commons-logging\1.2\commons-logging-1.2.jar
Launcher Type: SUN_STANDARD

Environment Variables:
JAVA_HOME=C:\Program Files\Java\jdk-13
PATH=C:/Users/dassy/Desktop/JAVA2/bin/server;C:/Users/dassy/Desktop/JAVA2/bin;C:/Users/dassy/Desktop/JAVA2/lib/amd64;C:\ProgramData\Oracle\Java\javapath;C:\Program Files (x86)\Intel\Intel(R) Management Engine Components\iCLS\;C:\Program Files\Intel\Intel(R) Management Engine Components\iCLS\;C:\windows\system32;C:\windows;C:\windows\System32\Wbem;C:\windows\System32\WindowsPowerShell\v1.0\;C:\windows\System32\OpenSSH\;C:\Program Files (x86)\Intel\Intel(R) Management Engine Components\DAL;C:\Program Files\Intel\Intel(R) Management Engine Components\DAL;C:\Program Files (x86)\NVIDIA Corporation\PhysX\Common;C:\Users\dassy\apache-maven-3.6.2-bin\apache-maven-3.6.2\bin;C:\Program Files\Git\cmd;C:\WINDOWS\system32;C:\WINDOWS;C:\WINDOWS\System32\Wbem;C:\WINDOWS\System32\WindowsPowerShell\v1.0\;C:\WINDOWS\System32\OpenSSH\;C:\Program Files\NVIDIA Corporation\NVIDIA NvDLISR;C:\Program Files\dotnet\;C:\Program Files\Microsoft SQL Server\130\Tools\Binn\;C:\Program Files\Microsoft SQL Server\Client SDK\ODBC\170\Tools\Binn\;C:\Program Files\Microsoft SQL Server\Client SDK\ODBC\130\Tools\Binn\;C:\Program Files (x86)\Microsoft SQL Server\140\Tools\Binn\;C:\Program Files\Microsoft SQL Server\140\Tools\Binn\;C:\Program Files\Microsoft SQL Server\140\DTS\Binn\;C:\Program Files\Java\jdk-13\bin;C:\Users\dassy\AppData\Local\Microsoft\WindowsApps;C:\Users\dassy\AppData\Local\GitHubDesktop\bin;C:\Users\dassy\apache-maven-3.6.2-bin\apache-maven-3.6.2\bin;C:\Program Files\Java\jdk-13;;C:\Users\dassy\AppData\Local\Microsoft\WindowsApps;C:\Users\dassy\Desktop;
USERNAME=dassy
OS=Windows_NT
PROCESSOR_IDENTIFIER=Intel64 Family 6 Model 142 Stepping 10, GenuineIntel



---------------  S Y S T E M  ---------------

OS: Windows 10.0 , 64 bit Build 18362 (10.0.18362.329)

CPU:total 8 (initial active 8) (4 cores per cpu, 2 threads per core) family 6 model 142 stepping 10, cmov, cx8, fxsr, mmx, sse, sse2, sse3, ssse3, sse4.1, sse4.2, popcnt, avx, avx2, aes, clmul, erms, 3dnowpref, lzcnt, ht, tsc, tscinvbit, bmi1, bmi2, adx

Memory: 4k page, physical 8264792k(1063648k free), swap 33430616k(5140k free)

vm_info: Java HotSpot(TM) 64-Bit Server VM (25.221-b11) for windows-amd64 JRE (1.8.0_221-b11), built on Jul  4 2019 04:39:29 by "java_re" with MS VC++ 10.0 (VS2010)

time: Sat Nov 23 19:46:53 2019
timezone: Paris, Madrid
elapsed time: 14 seconds (0d 0h 0m 14s)

