#
# There is insufficient memory for the Java Runtime Environment to continue.
# Native memory allocation (malloc) failed to allocate 32744 bytes for ChunkPool::allocate
# Possible reasons:
#   The system is out of physical RAM or swap space
#   The process is running with CompressedOops enabled, and the Java Heap may be blocking the growth of the native heap
# Possible solutions:
#   Reduce memory load on the system
#   Increase physical memory or swap space
#   Check if swap backing store is full
#   Decrease Java heap size (-Xmx/-Xms)
#   Decrease number of Java threads
#   Decrease Java thread stack sizes (-Xss)
#   Set larger code cache with -XX:ReservedCodeCacheSize=
#   JVM is running with Unscaled Compressed Oops mode in which the Java heap is
#     placed in the first 4GB address space. The Java Heap base address is the
#     maximum limit for the native heap growth. Please use -XX:HeapBaseMinAddress
#     to set the Java Heap base and to place the Java Heap above 4GB virtual address.
# This output file may be truncated or incomplete.
#
#  Out of Memory Error (t:/workspace/open/src/hotspot/share/memory/arena.cpp:80), pid=17752, tid=17144
#
# JRE version: Java(TM) SE Runtime Environment (13.0+33) (build 13+33)
# Java VM: Java HotSpot(TM) 64-Bit Server VM (13+33, mixed mode, sharing, tiered, compressed oops, g1 gc, windows-amd64)
# No core dump will be written. Minidumps are not enabled by default on client versions of Windows
#

---------------  S U M M A R Y ------------

Command Line: -Dfile.encoding=UTF-8 org.ClientModule.SensorFirst

Host: Intel(R) Core(TM) i5-8250U CPU @ 1.60GHz, 8 cores, 7G,  Windows 10 , 64 bit Build 18362 (10.0.18362.329)
Time: Mon Dec 16 13:56:19 2019 Paris, Madrid elapsed time: 31 seconds (0d 0h 0m 31s)

---------------  T H R E A D  ---------------

Current thread (0x00000163cd2e0800):  JavaThread "C1 CompilerThread0" daemon [_thread_in_native, id=17144, stack(0x000000303fd00000,0x000000303fe00000)]


Current CompileTask:
C1:  31816 1632   !   3       sun.awt.GlobalCursorManager::_updateCursor (165 bytes)

Stack: [0x000000303fd00000,0x000000303fe00000]
Native frames: (J=compiled Java code, j=interpreted, Vv=VM code, C=native code)
V  [jvm.dll+0x626eaa]
V  [jvm.dll+0x772c4a]
V  [jvm.dll+0x7743ff]
V  [jvm.dll+0x774a03]
V  [jvm.dll+0x24da38]
V  [jvm.dll+0xc3d16]
V  [jvm.dll+0xc406c]
V  [jvm.dll+0x18a029]
V  [jvm.dll+0x13b7ce]
V  [jvm.dll+0x13eb5e]
V  [jvm.dll+0x13e5d8]
V  [jvm.dll+0x135dda]
V  [jvm.dll+0x1380bd]
V  [jvm.dll+0x1365e4]
V  [jvm.dll+0x130118]
V  [jvm.dll+0x1401d7]
V  [jvm.dll+0x12b2f9]
V  [jvm.dll+0x12b670]
V  [jvm.dll+0x12b92f]
V  [jvm.dll+0x12abc7]
V  [jvm.dll+0x12cae7]
V  [jvm.dll+0x2159bd]
V  [jvm.dll+0x213e6b]
V  [jvm.dll+0x738af6]
V  [jvm.dll+0x731bea]
V  [jvm.dll+0x6260a6]
C  [ucrtbase.dll+0x20e72]
C  [KERNEL32.DLL+0x17bd4]
C  [ntdll.dll+0x6ced1]


---------------  P R O C E S S  ---------------

Threads class SMR info:
_java_thread_list=0x00000163cde17b80, length=17, elements={
0x00000163cc956800, 0x00000163cc959800, 0x00000163cc975000, 0x00000163cc976000,
0x00000163cc979000, 0x00000163cd2e0800, 0x00000163cd321000, 0x00000163cd418000,
0x00000163cd41f800, 0x00000163cd6cb800, 0x00000163cd6b7800, 0x00000163cd704800,
0x00000163cd717000, 0x00000163ada25000, 0x00000163cd79e800, 0x00000163cd8a3800,
0x00000163cdafc800
}

Java Threads: ( => current thread )
  0x00000163cc956800 JavaThread "Reference Handler" daemon [_thread_blocked, id=17920, stack(0x000000303f800000,0x000000303f900000)]
  0x00000163cc959800 JavaThread "Finalizer" daemon [_thread_blocked, id=11108, stack(0x000000303f900000,0x000000303fa00000)]
  0x00000163cc975000 JavaThread "Signal Dispatcher" daemon [_thread_blocked, id=472, stack(0x000000303fa00000,0x000000303fb00000)]
  0x00000163cc976000 JavaThread "Attach Listener" daemon [_thread_blocked, id=9072, stack(0x000000303fb00000,0x000000303fc00000)]
  0x00000163cc979000 JavaThread "C2 CompilerThread0" daemon [_thread_blocked, id=17220, stack(0x000000303fc00000,0x000000303fd00000)]
=>0x00000163cd2e0800 JavaThread "C1 CompilerThread0" daemon [_thread_in_native, id=17144, stack(0x000000303fd00000,0x000000303fe00000)]
  0x00000163cd321000 JavaThread "Sweeper thread" daemon [_thread_blocked, id=6344, stack(0x000000303fe00000,0x000000303ff00000)]
  0x00000163cd418000 JavaThread "Service Thread" daemon [_thread_blocked, id=15588, stack(0x000000303ff00000,0x0000003040000000)]
  0x00000163cd41f800 JavaThread "Common-Cleaner" daemon [_thread_blocked, id=1300, stack(0x0000003040100000,0x0000003040200000)]
  0x00000163cd6cb800 JavaThread "Java2D Disposer" daemon [_thread_blocked, id=15336, stack(0x0000003040200000,0x0000003040300000)]
  0x00000163cd6b7800 JavaThread "AWT-Shutdown" [_thread_blocked, id=6044, stack(0x0000003040300000,0x0000003040400000)]
  0x00000163cd704800 JavaThread "AWT-Windows" daemon [_thread_in_native, id=1776, stack(0x0000003040400000,0x0000003040500000)]
  0x00000163cd717000 JavaThread "AWT-EventQueue-0" [_thread_blocked, id=18380, stack(0x0000003040500000,0x0000003040600000)]
  0x00000163ada25000 JavaThread "DestroyJavaVM" [_thread_blocked, id=13616, stack(0x000000303f100000,0x000000303f200000)]
  0x00000163cd79e800 JavaThread "TimerQueue" daemon [_thread_blocked, id=3984, stack(0x0000003040600000,0x0000003040700000)]
  0x00000163cd8a3800 JavaThread "Timer-0" [_thread_blocked, id=17124, stack(0x0000003040a00000,0x0000003040b00000)]
  0x00000163cdafc800 JavaThread "Timer-1" [_thread_blocked, id=17272, stack(0x0000003040b00000,0x0000003040c00000)]

Other Threads:
  0x00000163cc953800 VMThread "VM Thread" [stack: 0x000000303f700000,0x000000303f800000] [id=14676]
  0x00000163cd419000 WatcherThread [stack: 0x0000003040000000,0x0000003040100000] [id=12680]
  0x00000163ada67800 GCTaskThread "GC Thread#0" [stack: 0x000000303f200000,0x000000303f300000] [id=17880]
  0x00000163ada79000 ConcurrentGCThread "G1 Main Marker" [stack: 0x000000303f300000,0x000000303f400000] [id=15252]
  0x00000163ada7d000 ConcurrentGCThread "G1 Conc#0" [stack: 0x000000303f400000,0x000000303f500000] [id=10036]
  0x00000163adaee000 ConcurrentGCThread "G1 Refine#0" [stack: 0x000000303f500000,0x000000303f600000] [id=13600]
  0x00000163cc7d5800 ConcurrentGCThread "G1 Young RemSet Sampling" [stack: 0x000000303f600000,0x000000303f700000] [id=12052]

Threads with active compile tasks:
C1 CompilerThread0    31956 1632   !   3       sun.awt.GlobalCursorManager::_updateCursor (165 bytes)

VM state:not at safepoint (normal execution)

VM Mutex/Monitor currently owned by a thread: None

Heap address: 0x0000000081e00000, size: 2018 MB, Compressed Oops mode: 32-bit
Narrow klass base: 0x0000000800000000, Narrow klass shift: 3
Compressed class space size: 1073741824 Address: 0x0000000800b40000

Heap:
 garbage-first heap   total 131072K, used 17408K [0x0000000081e00000, 0x0000000100000000)
  region size 1024K, 16 young (16384K), 0 survivors (0K)
 Metaspace       used 11358K, capacity 11686K, committed 11776K, reserved 1058816K
  class space    used 1333K, capacity 1512K, committed 1536K, reserved 1048576K
Heap Regions: E=young(eden), S=young(survivor), O=old, HS=humongous(starts), HC=humongous(continues), CS=collection set, F=free, A=archive, TAMS=top-at-mark-start (previous, next)
|   0|0x0000000081e00000, 0x0000000081f00000, 0x0000000081f00000|100%|HS|  |TAMS 0x0000000081e00000, 0x0000000081e00000| Complete 
|   1|0x0000000081f00000, 0x0000000082000000, 0x0000000082000000|100%|HC|  |TAMS 0x0000000081f00000, 0x0000000081f00000| Complete 
|   2|0x0000000082000000, 0x0000000082100000, 0x0000000082100000|100%|HC|  |TAMS 0x0000000082000000, 0x0000000082000000| Complete 
|   3|0x0000000082100000, 0x0000000082100000, 0x0000000082200000|  0%| F|  |TAMS 0x0000000082100000, 0x0000000082100000| Untracked 
|   4|0x0000000082200000, 0x0000000082200000, 0x0000000082300000|  0%| F|  |TAMS 0x0000000082200000, 0x0000000082200000| Untracked 
|   5|0x0000000082300000, 0x0000000082300000, 0x0000000082400000|  0%| F|  |TAMS 0x0000000082300000, 0x0000000082300000| Untracked 
|   6|0x0000000082400000, 0x0000000082400000, 0x0000000082500000|  0%| F|  |TAMS 0x0000000082400000, 0x0000000082400000| Untracked 
|   7|0x0000000082500000, 0x0000000082500000, 0x0000000082600000|  0%| F|  |TAMS 0x0000000082500000, 0x0000000082500000| Untracked 
|   8|0x0000000082600000, 0x0000000082600000, 0x0000000082700000|  0%| F|  |TAMS 0x0000000082600000, 0x0000000082600000| Untracked 
|   9|0x0000000082700000, 0x0000000082700000, 0x0000000082800000|  0%| F|  |TAMS 0x0000000082700000, 0x0000000082700000| Untracked 
|  10|0x0000000082800000, 0x0000000082800000, 0x0000000082900000|  0%| F|  |TAMS 0x0000000082800000, 0x0000000082800000| Untracked 
|  11|0x0000000082900000, 0x0000000082900000, 0x0000000082a00000|  0%| F|  |TAMS 0x0000000082900000, 0x0000000082900000| Untracked 
|  12|0x0000000082a00000, 0x0000000082a00000, 0x0000000082b00000|  0%| F|  |TAMS 0x0000000082a00000, 0x0000000082a00000| Untracked 
|  13|0x0000000082b00000, 0x0000000082b00000, 0x0000000082c00000|  0%| F|  |TAMS 0x0000000082b00000, 0x0000000082b00000| Untracked 
|  14|0x0000000082c00000, 0x0000000082c00000, 0x0000000082d00000|  0%| F|  |TAMS 0x0000000082c00000, 0x0000000082c00000| Untracked 
|  15|0x0000000082d00000, 0x0000000082d00000, 0x0000000082e00000|  0%| F|  |TAMS 0x0000000082d00000, 0x0000000082d00000| Untracked 
|  16|0x0000000082e00000, 0x0000000082e00000, 0x0000000082f00000|  0%| F|  |TAMS 0x0000000082e00000, 0x0000000082e00000| Untracked 
|  17|0x0000000082f00000, 0x0000000082f00000, 0x0000000083000000|  0%| F|  |TAMS 0x0000000082f00000, 0x0000000082f00000| Untracked 
|  18|0x0000000083000000, 0x0000000083000000, 0x0000000083100000|  0%| F|  |TAMS 0x0000000083000000, 0x0000000083000000| Untracked 
|  19|0x0000000083100000, 0x0000000083100000, 0x0000000083200000|  0%| F|  |TAMS 0x0000000083100000, 0x0000000083100000| Untracked 
|  20|0x0000000083200000, 0x0000000083200000, 0x0000000083300000|  0%| F|  |TAMS 0x0000000083200000, 0x0000000083200000| Untracked 
|  21|0x0000000083300000, 0x0000000083300000, 0x0000000083400000|  0%| F|  |TAMS 0x0000000083300000, 0x0000000083300000| Untracked 
|  22|0x0000000083400000, 0x0000000083400000, 0x0000000083500000|  0%| F|  |TAMS 0x0000000083400000, 0x0000000083400000| Untracked 
|  23|0x0000000083500000, 0x0000000083500000, 0x0000000083600000|  0%| F|  |TAMS 0x0000000083500000, 0x0000000083500000| Untracked 
|  24|0x0000000083600000, 0x0000000083600000, 0x0000000083700000|  0%| F|  |TAMS 0x0000000083600000, 0x0000000083600000| Untracked 
|  25|0x0000000083700000, 0x0000000083700000, 0x0000000083800000|  0%| F|  |TAMS 0x0000000083700000, 0x0000000083700000| Untracked 
|  26|0x0000000083800000, 0x0000000083800000, 0x0000000083900000|  0%| F|  |TAMS 0x0000000083800000, 0x0000000083800000| Untracked 
|  27|0x0000000083900000, 0x0000000083900000, 0x0000000083a00000|  0%| F|  |TAMS 0x0000000083900000, 0x0000000083900000| Untracked 
|  28|0x0000000083a00000, 0x0000000083a00000, 0x0000000083b00000|  0%| F|  |TAMS 0x0000000083a00000, 0x0000000083a00000| Untracked 
|  29|0x0000000083b00000, 0x0000000083b00000, 0x0000000083c00000|  0%| F|  |TAMS 0x0000000083b00000, 0x0000000083b00000| Untracked 
|  30|0x0000000083c00000, 0x0000000083c00000, 0x0000000083d00000|  0%| F|  |TAMS 0x0000000083c00000, 0x0000000083c00000| Untracked 
|  31|0x0000000083d00000, 0x0000000083d00000, 0x0000000083e00000|  0%| F|  |TAMS 0x0000000083d00000, 0x0000000083d00000| Untracked 
|  32|0x0000000083e00000, 0x0000000083e00000, 0x0000000083f00000|  0%| F|  |TAMS 0x0000000083e00000, 0x0000000083e00000| Untracked 
|  33|0x0000000083f00000, 0x0000000083f00000, 0x0000000084000000|  0%| F|  |TAMS 0x0000000083f00000, 0x0000000083f00000| Untracked 
|  34|0x0000000084000000, 0x0000000084000000, 0x0000000084100000|  0%| F|  |TAMS 0x0000000084000000, 0x0000000084000000| Untracked 
|  35|0x0000000084100000, 0x0000000084100000, 0x0000000084200000|  0%| F|  |TAMS 0x0000000084100000, 0x0000000084100000| Untracked 
|  36|0x0000000084200000, 0x0000000084200000, 0x0000000084300000|  0%| F|  |TAMS 0x0000000084200000, 0x0000000084200000| Untracked 
|  37|0x0000000084300000, 0x0000000084300000, 0x0000000084400000|  0%| F|  |TAMS 0x0000000084300000, 0x0000000084300000| Untracked 
|  38|0x0000000084400000, 0x0000000084400000, 0x0000000084500000|  0%| F|  |TAMS 0x0000000084400000, 0x0000000084400000| Untracked 
|  39|0x0000000084500000, 0x0000000084500000, 0x0000000084600000|  0%| F|  |TAMS 0x0000000084500000, 0x0000000084500000| Untracked 
|  40|0x0000000084600000, 0x0000000084600000, 0x0000000084700000|  0%| F|  |TAMS 0x0000000084600000, 0x0000000084600000| Untracked 
|  41|0x0000000084700000, 0x0000000084700000, 0x0000000084800000|  0%| F|  |TAMS 0x0000000084700000, 0x0000000084700000| Untracked 
|  42|0x0000000084800000, 0x0000000084800000, 0x0000000084900000|  0%| F|  |TAMS 0x0000000084800000, 0x0000000084800000| Untracked 
|  43|0x0000000084900000, 0x0000000084900000, 0x0000000084a00000|  0%| F|  |TAMS 0x0000000084900000, 0x0000000084900000| Untracked 
|  44|0x0000000084a00000, 0x0000000084a00000, 0x0000000084b00000|  0%| F|  |TAMS 0x0000000084a00000, 0x0000000084a00000| Untracked 
|  45|0x0000000084b00000, 0x0000000084b00000, 0x0000000084c00000|  0%| F|  |TAMS 0x0000000084b00000, 0x0000000084b00000| Untracked 
|  46|0x0000000084c00000, 0x0000000084c00000, 0x0000000084d00000|  0%| F|  |TAMS 0x0000000084c00000, 0x0000000084c00000| Untracked 
|  47|0x0000000084d00000, 0x0000000084d00000, 0x0000000084e00000|  0%| F|  |TAMS 0x0000000084d00000, 0x0000000084d00000| Untracked 
|  48|0x0000000084e00000, 0x0000000084e00000, 0x0000000084f00000|  0%| F|  |TAMS 0x0000000084e00000, 0x0000000084e00000| Untracked 
|  49|0x0000000084f00000, 0x0000000084f00000, 0x0000000085000000|  0%| F|  |TAMS 0x0000000084f00000, 0x0000000084f00000| Untracked 
|  50|0x0000000085000000, 0x0000000085000000, 0x0000000085100000|  0%| F|  |TAMS 0x0000000085000000, 0x0000000085000000| Untracked 
|  51|0x0000000085100000, 0x0000000085100000, 0x0000000085200000|  0%| F|  |TAMS 0x0000000085100000, 0x0000000085100000| Untracked 
|  52|0x0000000085200000, 0x0000000085200000, 0x0000000085300000|  0%| F|  |TAMS 0x0000000085200000, 0x0000000085200000| Untracked 
|  53|0x0000000085300000, 0x0000000085300000, 0x0000000085400000|  0%| F|  |TAMS 0x0000000085300000, 0x0000000085300000| Untracked 
|  54|0x0000000085400000, 0x0000000085400000, 0x0000000085500000|  0%| F|  |TAMS 0x0000000085400000, 0x0000000085400000| Untracked 
|  55|0x0000000085500000, 0x0000000085500000, 0x0000000085600000|  0%| F|  |TAMS 0x0000000085500000, 0x0000000085500000| Untracked 
|  56|0x0000000085600000, 0x0000000085600000, 0x0000000085700000|  0%| F|  |TAMS 0x0000000085600000, 0x0000000085600000| Untracked 
|  57|0x0000000085700000, 0x0000000085700000, 0x0000000085800000|  0%| F|  |TAMS 0x0000000085700000, 0x0000000085700000| Untracked 
|  58|0x0000000085800000, 0x0000000085800000, 0x0000000085900000|  0%| F|  |TAMS 0x0000000085800000, 0x0000000085800000| Untracked 
|  59|0x0000000085900000, 0x0000000085900000, 0x0000000085a00000|  0%| F|  |TAMS 0x0000000085900000, 0x0000000085900000| Untracked 
|  60|0x0000000085a00000, 0x0000000085a00000, 0x0000000085b00000|  0%| F|  |TAMS 0x0000000085a00000, 0x0000000085a00000| Untracked 
|  61|0x0000000085b00000, 0x0000000085b00000, 0x0000000085c00000|  0%| F|  |TAMS 0x0000000085b00000, 0x0000000085b00000| Untracked 
|  62|0x0000000085c00000, 0x0000000085c00000, 0x0000000085d00000|  0%| F|  |TAMS 0x0000000085c00000, 0x0000000085c00000| Untracked 
|  63|0x0000000085d00000, 0x0000000085d00000, 0x0000000085e00000|  0%| F|  |TAMS 0x0000000085d00000, 0x0000000085d00000| Untracked 
|  64|0x0000000085e00000, 0x0000000085e00000, 0x0000000085f00000|  0%| F|  |TAMS 0x0000000085e00000, 0x0000000085e00000| Untracked 
|  65|0x0000000085f00000, 0x0000000085f00000, 0x0000000086000000|  0%| F|  |TAMS 0x0000000085f00000, 0x0000000085f00000| Untracked 
|  66|0x0000000086000000, 0x0000000086000000, 0x0000000086100000|  0%| F|  |TAMS 0x0000000086000000, 0x0000000086000000| Untracked 
|  67|0x0000000086100000, 0x0000000086100000, 0x0000000086200000|  0%| F|  |TAMS 0x0000000086100000, 0x0000000086100000| Untracked 
|  68|0x0000000086200000, 0x0000000086200000, 0x0000000086300000|  0%| F|  |TAMS 0x0000000086200000, 0x0000000086200000| Untracked 
|  69|0x0000000086300000, 0x0000000086300000, 0x0000000086400000|  0%| F|  |TAMS 0x0000000086300000, 0x0000000086300000| Untracked 
|  70|0x0000000086400000, 0x0000000086400000, 0x0000000086500000|  0%| F|  |TAMS 0x0000000086400000, 0x0000000086400000| Untracked 
|  71|0x0000000086500000, 0x0000000086500000, 0x0000000086600000|  0%| F|  |TAMS 0x0000000086500000, 0x0000000086500000| Untracked 
|  72|0x0000000086600000, 0x0000000086600000, 0x0000000086700000|  0%| F|  |TAMS 0x0000000086600000, 0x0000000086600000| Untracked 
|  73|0x0000000086700000, 0x0000000086700000, 0x0000000086800000|  0%| F|  |TAMS 0x0000000086700000, 0x0000000086700000| Untracked 
|  74|0x0000000086800000, 0x0000000086800000, 0x0000000086900000|  0%| F|  |TAMS 0x0000000086800000, 0x0000000086800000| Untracked 
|  75|0x0000000086900000, 0x0000000086900000, 0x0000000086a00000|  0%| F|  |TAMS 0x0000000086900000, 0x0000000086900000| Untracked 
|  76|0x0000000086a00000, 0x0000000086a00000, 0x0000000086b00000|  0%| F|  |TAMS 0x0000000086a00000, 0x0000000086a00000| Untracked 
|  77|0x0000000086b00000, 0x0000000086b00000, 0x0000000086c00000|  0%| F|  |TAMS 0x0000000086b00000, 0x0000000086b00000| Untracked 
|  78|0x0000000086c00000, 0x0000000086c00000, 0x0000000086d00000|  0%| F|  |TAMS 0x0000000086c00000, 0x0000000086c00000| Untracked 
|  79|0x0000000086d00000, 0x0000000086d00000, 0x0000000086e00000|  0%| F|  |TAMS 0x0000000086d00000, 0x0000000086d00000| Untracked 
|  80|0x0000000086e00000, 0x0000000086e00000, 0x0000000086f00000|  0%| F|  |TAMS 0x0000000086e00000, 0x0000000086e00000| Untracked 
|  81|0x0000000086f00000, 0x0000000086f00000, 0x0000000087000000|  0%| F|  |TAMS 0x0000000086f00000, 0x0000000086f00000| Untracked 
|  82|0x0000000087000000, 0x0000000087000000, 0x0000000087100000|  0%| F|  |TAMS 0x0000000087000000, 0x0000000087000000| Untracked 
|  83|0x0000000087100000, 0x0000000087100000, 0x0000000087200000|  0%| F|  |TAMS 0x0000000087100000, 0x0000000087100000| Untracked 
|  84|0x0000000087200000, 0x0000000087200000, 0x0000000087300000|  0%| F|  |TAMS 0x0000000087200000, 0x0000000087200000| Untracked 
|  85|0x0000000087300000, 0x0000000087300000, 0x0000000087400000|  0%| F|  |TAMS 0x0000000087300000, 0x0000000087300000| Untracked 
|  86|0x0000000087400000, 0x0000000087400000, 0x0000000087500000|  0%| F|  |TAMS 0x0000000087400000, 0x0000000087400000| Untracked 
|  87|0x0000000087500000, 0x0000000087500000, 0x0000000087600000|  0%| F|  |TAMS 0x0000000087500000, 0x0000000087500000| Untracked 
|  88|0x0000000087600000, 0x0000000087600000, 0x0000000087700000|  0%| F|  |TAMS 0x0000000087600000, 0x0000000087600000| Untracked 
|  89|0x0000000087700000, 0x0000000087700000, 0x0000000087800000|  0%| F|  |TAMS 0x0000000087700000, 0x0000000087700000| Untracked 
|  90|0x0000000087800000, 0x0000000087800000, 0x0000000087900000|  0%| F|  |TAMS 0x0000000087800000, 0x0000000087800000| Untracked 
|  91|0x0000000087900000, 0x0000000087900000, 0x0000000087a00000|  0%| F|  |TAMS 0x0000000087900000, 0x0000000087900000| Untracked 
|  92|0x0000000087a00000, 0x0000000087a00000, 0x0000000087b00000|  0%| F|  |TAMS 0x0000000087a00000, 0x0000000087a00000| Untracked 
|  93|0x0000000087b00000, 0x0000000087b00000, 0x0000000087c00000|  0%| F|  |TAMS 0x0000000087b00000, 0x0000000087b00000| Untracked 
|  94|0x0000000087c00000, 0x0000000087c00000, 0x0000000087d00000|  0%| F|  |TAMS 0x0000000087c00000, 0x0000000087c00000| Untracked 
|  95|0x0000000087d00000, 0x0000000087d00000, 0x0000000087e00000|  0%| F|  |TAMS 0x0000000087d00000, 0x0000000087d00000| Untracked 
|  96|0x0000000087e00000, 0x0000000087e00000, 0x0000000087f00000|  0%| F|  |TAMS 0x0000000087e00000, 0x0000000087e00000| Untracked 
|  97|0x0000000087f00000, 0x0000000087f00000, 0x0000000088000000|  0%| F|  |TAMS 0x0000000087f00000, 0x0000000087f00000| Untracked 
|  98|0x0000000088000000, 0x0000000088000000, 0x0000000088100000|  0%| F|  |TAMS 0x0000000088000000, 0x0000000088000000| Untracked 
|  99|0x0000000088100000, 0x0000000088100000, 0x0000000088200000|  0%| F|  |TAMS 0x0000000088100000, 0x0000000088100000| Untracked 
| 100|0x0000000088200000, 0x0000000088200000, 0x0000000088300000|  0%| F|  |TAMS 0x0000000088200000, 0x0000000088200000| Untracked 
| 101|0x0000000088300000, 0x0000000088300000, 0x0000000088400000|  0%| F|  |TAMS 0x0000000088300000, 0x0000000088300000| Untracked 
| 102|0x0000000088400000, 0x0000000088400000, 0x0000000088500000|  0%| F|  |TAMS 0x0000000088400000, 0x0000000088400000| Untracked 
| 103|0x0000000088500000, 0x0000000088500000, 0x0000000088600000|  0%| F|  |TAMS 0x0000000088500000, 0x0000000088500000| Untracked 
| 104|0x0000000088600000, 0x0000000088600000, 0x0000000088700000|  0%| F|  |TAMS 0x0000000088600000, 0x0000000088600000| Untracked 
| 105|0x0000000088700000, 0x0000000088700000, 0x0000000088800000|  0%| F|  |TAMS 0x0000000088700000, 0x0000000088700000| Untracked 
| 106|0x0000000088800000, 0x0000000088800000, 0x0000000088900000|  0%| F|  |TAMS 0x0000000088800000, 0x0000000088800000| Untracked 
| 107|0x0000000088900000, 0x0000000088900000, 0x0000000088a00000|  0%| F|  |TAMS 0x0000000088900000, 0x0000000088900000| Untracked 
| 108|0x0000000088a00000, 0x0000000088a00000, 0x0000000088b00000|  0%| F|  |TAMS 0x0000000088a00000, 0x0000000088a00000| Untracked 
| 109|0x0000000088b00000, 0x0000000088b00000, 0x0000000088c00000|  0%| F|  |TAMS 0x0000000088b00000, 0x0000000088b00000| Untracked 
| 110|0x0000000088c00000, 0x0000000088c00000, 0x0000000088d00000|  0%| F|  |TAMS 0x0000000088c00000, 0x0000000088c00000| Untracked 
| 111|0x0000000088d00000, 0x0000000088d00000, 0x0000000088e00000|  0%| F|  |TAMS 0x0000000088d00000, 0x0000000088d00000| Untracked 
| 112|0x0000000088e00000, 0x0000000088ef6488, 0x0000000088f00000| 96%| E|  |TAMS 0x0000000088e00000, 0x0000000088e00000| Complete 
| 113|0x0000000088f00000, 0x0000000089000000, 0x0000000089000000|100%| E|CS|TAMS 0x0000000088f00000, 0x0000000088f00000| Complete 
| 114|0x0000000089000000, 0x0000000089100000, 0x0000000089100000|100%| E|CS|TAMS 0x0000000089000000, 0x0000000089000000| Complete 
| 115|0x0000000089100000, 0x0000000089200000, 0x0000000089200000|100%| E|CS|TAMS 0x0000000089100000, 0x0000000089100000| Complete 
| 116|0x0000000089200000, 0x0000000089300000, 0x0000000089300000|100%| E|CS|TAMS 0x0000000089200000, 0x0000000089200000| Complete 
| 117|0x0000000089300000, 0x0000000089400000, 0x0000000089400000|100%| E|CS|TAMS 0x0000000089300000, 0x0000000089300000| Complete 
| 118|0x0000000089400000, 0x0000000089500000, 0x0000000089500000|100%| E|CS|TAMS 0x0000000089400000, 0x0000000089400000| Complete 
| 119|0x0000000089500000, 0x0000000089600000, 0x0000000089600000|100%| E|CS|TAMS 0x0000000089500000, 0x0000000089500000| Complete 
| 120|0x0000000089600000, 0x0000000089700000, 0x0000000089700000|100%| E|CS|TAMS 0x0000000089600000, 0x0000000089600000| Complete 
| 121|0x0000000089700000, 0x0000000089800000, 0x0000000089800000|100%| E|CS|TAMS 0x0000000089700000, 0x0000000089700000| Complete 
| 122|0x0000000089800000, 0x0000000089900000, 0x0000000089900000|100%| E|CS|TAMS 0x0000000089800000, 0x0000000089800000| Complete 
| 123|0x0000000089900000, 0x0000000089a00000, 0x0000000089a00000|100%| E|CS|TAMS 0x0000000089900000, 0x0000000089900000| Complete 
| 124|0x0000000089a00000, 0x0000000089b00000, 0x0000000089b00000|100%| E|CS|TAMS 0x0000000089a00000, 0x0000000089a00000| Complete 
| 125|0x0000000089b00000, 0x0000000089c00000, 0x0000000089c00000|100%| E|CS|TAMS 0x0000000089b00000, 0x0000000089b00000| Complete 
| 126|0x0000000089c00000, 0x0000000089d00000, 0x0000000089d00000|100%| E|  |TAMS 0x0000000089c00000, 0x0000000089c00000| Complete 
| 127|0x0000000089d00000, 0x0000000089e00000, 0x0000000089e00000|100%| E|CS|TAMS 0x0000000089d00000, 0x0000000089d00000| Complete 

Card table byte_map: [0x00000163c5770000,0x00000163c5b70000] _byte_map_base: 0x00000163c5361000

Marking Bits (Prev, Next): (CMBitMap*) 0x00000163ada68468, (CMBitMap*) 0x00000163ada684a8
 Prev Bits: [0x00000163c5f70000, 0x00000163c7ef8000)
 Next Bits: [0x00000163c7f00000, 0x00000163c9e88000)

Polling page: 0x00000163aba20000

Metaspace:

Usage:
  Non-class:      9.94 MB capacity,     9.79 MB ( 99%) used,   113.10 KB (  1%) free+waste,    35.88 KB ( <1%) overhead. 
      Class:      1.48 MB capacity,     1.30 MB ( 88%) used,   154.58 KB ( 10%) free+waste,    23.81 KB (  2%) overhead. 
       Both:     11.41 MB capacity,    11.09 MB ( 97%) used,   267.68 KB (  2%) free+waste,    59.69 KB ( <1%) overhead. 

Virtual space:
  Non-class space:       10.00 MB reserved,      10.00 MB (100%) committed 
      Class space:        1.00 GB reserved,       1.50 MB ( <1%) committed 
             Both:        1.01 GB reserved,      11.50 MB (  1%) committed 

Chunk freelists:
   Non-Class:  2.00 KB
       Class:  24.00 KB
        Both:  26.00 KB

MaxMetaspaceSize: 17179869184.00 GB
CompressedClassSpaceSize: 1.00 GB

CodeHeap 'non-profiled nmethods': size=120000Kb used=446Kb max_used=446Kb free=119553Kb
 bounds [0x00000163bd9f0000, 0x00000163bdc60000, 0x00000163c4f20000]
CodeHeap 'profiled nmethods': size=120000Kb used=3308Kb max_used=3308Kb free=116691Kb
 bounds [0x00000163b64c0000, 0x00000163b6800000, 0x00000163bd9f0000]
CodeHeap 'non-nmethods': size=5760Kb used=1327Kb max_used=1341Kb free=4432Kb
 bounds [0x00000163b5f20000, 0x00000163b6190000, 0x00000163b64c0000]
 total_blobs=2744 nmethods=1631 adapters=525
 compilation: enabled
              stopped_count=0, restarted_count=0
 full_count=0

Compilation events (20 events):
Event: 7.729 Thread 0x00000163cd2e0800 nmethod 1621 0x00000163b67efd10 code [0x00000163b67efee0, 0x00000163b67f0418]
Event: 7.747 Thread 0x00000163cd2e0800 1622       3       java.util.concurrent.locks.AbstractQueuedSynchronizer$Node::predecessor (19 bytes)
Event: 7.748 Thread 0x00000163cd2e0800 nmethod 1622 0x00000163b67f0490 code [0x00000163b67f0640, 0x00000163b67f08d0]
Event: 7.757 Thread 0x00000163cd2e0800 1623       3       java.util.concurrent.locks.AbstractQueuedSynchronizer$Node::setPrevRelaxed (9 bytes)
Event: 7.759 Thread 0x00000163cd2e0800 nmethod 1623 0x00000163b67f0990 code [0x00000163b67f0be0, 0x00000163b67f14a0]
Event: 7.759 Thread 0x00000163cd2e0800 1626   !   3       java.awt.EventDispatchThread::filterAndCheckEvent (108 bytes)
Event: 7.761 Thread 0x00000163cd2e0800 nmethod 1626 0x00000163b67f1790 code [0x00000163b67f19e0, 0x00000163b67f2880]
Event: 7.761 Thread 0x00000163cd2e0800 1625   !   3       java.util.concurrent.locks.AbstractQueuedSynchronizer::acquireQueued (74 bytes)
Event: 7.763 Thread 0x00000163cd2e0800 nmethod 1625 0x00000163b67f2d10 code [0x00000163b67f2fa0, 0x00000163b67f3cf0]
Event: 7.763 Thread 0x00000163cd2e0800 1624       3       java.util.concurrent.locks.AbstractQueuedSynchronizer::compareAndSetTail (10 bytes)
Event: 7.765 Thread 0x00000163cd2e0800 nmethod 1624 0x00000163b67f4210 code [0x00000163b67f44a0, 0x00000163b67f50c0]
Event: 7.768 Thread 0x00000163cd2e0800 1627       3       java.awt.Window::eventEnabled (138 bytes)
Event: 7.769 Thread 0x00000163cd2e0800 nmethod 1627 0x00000163b67f5490 code [0x00000163b67f5660, 0x00000163b67f5bb0]
Event: 7.778 Thread 0x00000163cd2e0800 1629       3       java.util.concurrent.locks.AbstractQueuedSynchronizer::enq (37 bytes)
Event: 7.782 Thread 0x00000163cd2e0800 nmethod 1629 0x00000163b67f5c90 code [0x00000163b67f60c0, 0x00000163b67f8030]
Event: 7.782 Thread 0x00000163cd2e0800 1628       3       java.util.concurrent.locks.AbstractQueuedSynchronizer::transferForSignal (45 bytes)
Event: 7.785 Thread 0x00000163cd2e0800 nmethod 1628 0x00000163b67f8a90 code [0x00000163b67f8d80, 0x00000163b67f9d20]
Event: 7.785 Thread 0x00000163cd2e0800 1630       3       java.util.concurrent.locks.AbstractQueuedSynchronizer::unparkSuccessor (84 bytes)
Event: 7.788 Thread 0x00000163cd2e0800 nmethod 1630 0x00000163b67fa290 code [0x00000163b67fa500, 0x00000163b67fafa0]
Event: 31.810 Thread 0x00000163cd2e0800 1632   !   3       sun.awt.GlobalCursorManager::_updateCursor (165 bytes)

GC Heap History (0 events):
No events

Deoptimization events (20 events):
Event: 1.151 Thread 0x00000163cd717000 Uncommon trap: trap_request=0xffffffc6 fr.pc=0x00000163bda3cda0 relative=0x00000000000005c0
Event: 1.151 Thread 0x00000163cd717000 Uncommon trap: reason=bimorphic_or_optimized_type_check action=maybe_recompile pc=0x00000163bda3cda0 method=java.util.concurrent.ConcurrentHashMap.get(Ljava/lang/Object;)Ljava/lang/Object; @ 149 c2
Event: 1.151 Thread 0x00000163cd717000 DEOPT PACKING pc=0x00000163bda3cda0 sp=0x00000030405fd720
Event: 1.151 Thread 0x00000163cd717000 DEOPT UNPACKING pc=0x00000163b5f6912f sp=0x00000030405fd6c0 mode 2
Event: 1.152 Thread 0x00000163cd717000 Uncommon trap: trap_request=0xffffffc6 fr.pc=0x00000163bda3cda0 relative=0x00000000000005c0
Event: 1.152 Thread 0x00000163cd717000 Uncommon trap: reason=bimorphic_or_optimized_type_check action=maybe_recompile pc=0x00000163bda3cda0 method=java.util.concurrent.ConcurrentHashMap.get(Ljava/lang/Object;)Ljava/lang/Object; @ 149 c2
Event: 1.152 Thread 0x00000163cd717000 DEOPT PACKING pc=0x00000163bda3cda0 sp=0x00000030405fd670
Event: 1.152 Thread 0x00000163cd717000 DEOPT UNPACKING pc=0x00000163b5f6912f sp=0x00000030405fd610 mode 2
Event: 5.967 Thread 0x00000163cd717000 Uncommon trap: trap_request=0xffffffc6 fr.pc=0x00000163bda44b08 relative=0x0000000000000808
Event: 5.967 Thread 0x00000163cd717000 Uncommon trap: reason=bimorphic_or_optimized_type_check action=maybe_recompile pc=0x00000163bda44b08 method=java.util.HashMap.putVal(ILjava/lang/Object;Ljava/lang/Object;ZZ)Ljava/lang/Object; @ 203 c2
Event: 5.967 Thread 0x00000163cd717000 DEOPT PACKING pc=0x00000163bda44b08 sp=0x00000030405fd530
Event: 5.967 Thread 0x00000163cd717000 DEOPT UNPACKING pc=0x00000163b5f6912f sp=0x00000030405fd440 mode 2
Event: 5.967 Thread 0x00000163cd717000 Uncommon trap: trap_request=0xffffffc6 fr.pc=0x00000163bda44b08 relative=0x0000000000000808
Event: 5.967 Thread 0x00000163cd717000 Uncommon trap: reason=bimorphic_or_optimized_type_check action=maybe_recompile pc=0x00000163bda44b08 method=java.util.HashMap.putVal(ILjava/lang/Object;Ljava/lang/Object;ZZ)Ljava/lang/Object; @ 203 c2
Event: 5.967 Thread 0x00000163cd717000 DEOPT PACKING pc=0x00000163bda44b08 sp=0x00000030405fd5e0
Event: 5.967 Thread 0x00000163cd717000 DEOPT UNPACKING pc=0x00000163b5f6912f sp=0x00000030405fd4f0 mode 2
Event: 5.968 Thread 0x00000163cd717000 Uncommon trap: trap_request=0xffffffc6 fr.pc=0x00000163bda43888 relative=0x0000000000000788
Event: 5.968 Thread 0x00000163cd717000 Uncommon trap: reason=bimorphic_or_optimized_type_check action=maybe_recompile pc=0x00000163bda43888 method=java.util.HashMap.putVal(ILjava/lang/Object;Ljava/lang/Object;ZZ)Ljava/lang/Object; @ 203 c2
Event: 5.968 Thread 0x00000163cd717000 DEOPT PACKING pc=0x00000163bda43888 sp=0x00000030405fd470
Event: 5.968 Thread 0x00000163cd717000 DEOPT UNPACKING pc=0x00000163b5f6912f sp=0x00000030405fd430 mode 2

Classes unloaded (0 events):
No events

Classes redefined (0 events):
No events

Internal exceptions (17 events):
Event: 0.223 Thread 0x00000163ada25000 Exception <a 'java/lang/ClassNotFoundException'{0x0000000089cf8c48}: sun/awt/resources/spi/awtProvider> (0x0000000089cf8c48) 
thrown [t:/workspace/open/src/hotspot/share/classfile/systemDictionary.cpp, line 232]
Event: 0.260 Thread 0x00000163ada25000 Exception <a 'java/io/FileNotFoundException'{0x0000000089b572f0}> (0x0000000089b572f0) 
thrown [t:/workspace/open/src/hotspot/share/prims/jni.cpp, line 598]
Event: 0.272 Thread 0x00000163ada25000 Exception <a 'java/io/FileNotFoundException'{0x0000000089b7d840}> (0x0000000089b7d840) 
thrown [t:/workspace/open/src/hotspot/share/prims/jni.cpp, line 598]
Event: 0.375 Thread 0x00000163cd704800 Exception <a 'java/lang/NoSuchMethodError'{0x0000000089a05168}: 'void java.lang.invoke.DirectMethodHandle$Holder.invokeSpecial(java.lang.Object, java.lang.Object)'> (0x0000000089a05168) 
thrown [t:/workspace/open/src/hotspot/share/interpreter/linkResolver.cpp, line 767]
Event: 0.427 Thread 0x00000163cd717000 Exception <a 'java/lang/NoSuchMethodError'{0x0000000089ae5ab8}: 'java.lang.Object java.lang.invoke.DirectMethodHandle$Holder.invokeStatic(java.lang.Object, int, java.lang.Object, java.lang.Object, java.lang.Object, java.lang.Object)'> (0x0000000089ae5ab8) 
thrown [t:/workspace/open/src/hotspot/share/interpreter/linkResolver.cpp, line 767]
Event: 0.428 Thread 0x00000163cd717000 Exception <a 'java/lang/NoSuchMethodError'{0x0000000089aec418}: 'java.lang.Object java.lang.invoke.DirectMethodHandle$Holder.invokeStatic(java.lang.Object, int, java.lang.Object, java.lang.Object, java.lang.Object)'> (0x0000000089aec418) 
thrown [t:/workspace/open/src/hotspot/share/interpreter/linkResolver.cpp, line 767]
Event: 0.429 Thread 0x00000163cd717000 Exception <a 'java/lang/NoSuchMethodError'{0x0000000089aefc80}: 'java.lang.Object java.lang.invoke.DirectMethodHandle$Holder.invokeSpecial(java.lang.Object, java.lang.Object, int, java.lang.Object, java.lang.Object, java.lang.Object)'> (0x0000000089aefc80) 
thrown [t:/workspace/open/src/hotspot/share/interpreter/linkResolver.cpp, line 767]
Event: 0.432 Thread 0x00000163cd717000 Exception <a 'java/lang/NoSuchMethodError'{0x000000008990fbc8}: 'java.lang.Object java.lang.invoke.DirectMethodHandle$Holder.invokeStatic(java.lang.Object, int, java.lang.Object)'> (0x000000008990fbc8) 
thrown [t:/workspace/open/src/hotspot/share/interpreter/linkResolver.cpp, line 767]
Event: 0.465 Thread 0x00000163cd717000 Exception <a 'java/lang/ClassNotFoundException'{0x00000000899b59c8}: com/sun/swing/internal/plaf/metal/resources/spi/metalProvider> (0x00000000899b59c8) 
thrown [t:/workspace/open/src/hotspot/share/classfile/systemDictionary.cpp, line 232]
Event: 0.467 Thread 0x00000163cd717000 Exception <a 'java/lang/ClassNotFoundException'{0x00000000899b9af0}: com/sun/swing/internal/plaf/basic/resources/spi/basicProvider> (0x00000000899b9af0) 
thrown [t:/workspace/open/src/hotspot/share/classfile/systemDictionary.cpp, line 232]
Event: 0.709 Thread 0x00000163cd717000 Exception <a 'java/lang/NoSuchMethodError'{0x00000000897ae210}: 'void java.lang.invoke.DirectMethodHandle$Holder.invokeStaticInit(java.lang.Object)'> (0x00000000897ae210) 
thrown [t:/workspace/open/src/hotspot/share/interpreter/linkResolver.cpp, line 767]
Event: 0.717 Thread 0x00000163cd717000 Exception <a 'java/lang/NoSuchMethodError'{0x00000000897d4d58}: 'java.lang.Object java.lang.invoke.Invokers$Holder.linkToTargetMethod(java.lang.Object, int, java.lang.Object)'> (0x00000000897d4d58) 
thrown [t:/workspace/open/src/hotspot/share/interpreter/linkResolver.cpp, line 767]
Event: 0.899 Thread 0x00000163cd717000 Exception <a 'java/lang/NoSuchMethodError'{0x0000000089505180}: 'int java.lang.invoke.DirectMethodHandle$Holder.invokeInterface(java.lang.Object, java.lang.Object)'> (0x0000000089505180) 
thrown [t:/workspace/open/src/hotspot/share/interpreter/linkResolver.cpp, line 767]
Event: 0.900 Thread 0x00000163cd717000 Exception <a 'java/lang/IncompatibleClassChangeError'{0x0000000089507fd0}: Found class java.lang.Object, but interface was expected> (0x0000000089507fd0) 
thrown [t:/workspace/open/src/hotspot/share/interpreter/linkResolver.cpp, line 833]
Event: 0.938 Thread 0x00000163cd717000 Exception <a 'java/io/FileNotFoundException'{0x0000000089587cc0}> (0x0000000089587cc0) 
thrown [t:/workspace/open/src/hotspot/share/prims/jni.cpp, line 598]
Event: 1.118 Thread 0x00000163cd717000 Exception <a 'java/lang/NoSuchMethodError'{0x00000000892f82f0}: 'void java.lang.invoke.DelegatingMethodHandle$Holder.delegate(java.lang.Object, java.lang.Object, int, java.lang.Object)'> (0x00000000892f82f0) 
thrown [t:/workspace/open/src/hotspot/share/interpreter/linkResolver.cpp, line 767]
Event: 1.119 Thread 0x00000163cd717000 Exception <a 'java/lang/NoSuchMethodError'{0x00000000892fee70}: 'java.lang.Object java.lang.invoke.DirectMethodHandle$Holder.invokeStaticInit(java.lang.Object, java.lang.Object, java.lang.Object)'> (0x00000000892fee70) 
thrown [t:/workspace/open/src/hotspot/share/interpreter/linkResolver.cpp, line 767]

Events (20 events):
Event: 5.811 loading class java/text/AttributedCharacterIterator
Event: 5.812 loading class java/text/AttributedCharacterIterator done
Event: 5.812 loading class java/text/AttributedString$AttributedStringIterator done
Event: 5.932 loading class java/awt/Window$1DisposeAction
Event: 5.933 loading class java/awt/Window$1DisposeAction done
Event: 5.933 loading class java/awt/KeyboardFocusManager$2
Event: 5.933 loading class java/awt/KeyboardFocusManager$2 done
Event: 5.934 loading class sun/awt/SunToolkit$1
Event: 5.934 loading class sun/awt/SunToolkit$1 done
Event: 5.947 loading class javax/swing/Autoscroller
Event: 5.948 loading class javax/swing/Autoscroller done
Event: 6.007 Executing VM operation: BulkRevokeBias
Event: 6.007 Executing VM operation: BulkRevokeBias done
Event: 6.061 Executing VM operation: RevokeBias
Event: 6.061 Executing VM operation: RevokeBias done
Event: 6.068 Executing VM operation: RevokeBias
Event: 6.069 Executing VM operation: RevokeBias done
Event: 6.071 Executing VM operation: RevokeBias
Event: 6.071 Executing VM operation: RevokeBias done
Event: 6.101 Thread 0x00000163cdafc800 Thread added: 0x00000163cdafc800


Dynamic libraries:
0x00007ff6983a0000 - 0x00007ff6983af000 	C:\Program Files\Java\jdk-13\bin\javaw.exe
0x00007ffed9620000 - 0x00007ffed9810000 	C:\WINDOWS\SYSTEM32\ntdll.dll
0x00007ffe9c740000 - 0x00007ffe9c754000 	C:\Program Files\AVAST Software\Avast\aswhook.dll
0x00007ffed7b40000 - 0x00007ffed7bf2000 	C:\WINDOWS\System32\KERNEL32.DLL
0x00007ffed66f0000 - 0x00007ffed6993000 	C:\WINDOWS\System32\KERNELBASE.dll
0x00007ffed6c30000 - 0x00007ffed6d2a000 	C:\WINDOWS\System32\ucrtbase.dll
0x00007ffed2260000 - 0x00007ffed2278000 	C:\Program Files\Java\jdk-13\bin\jli.dll
0x00007ffed8610000 - 0x00007ffed86b3000 	C:\WINDOWS\System32\ADVAPI32.dll
0x00007ffed8770000 - 0x00007ffed880e000 	C:\WINDOWS\System32\msvcrt.dll
0x00007ffed8870000 - 0x00007ffed8907000 	C:\WINDOWS\System32\sechost.dll
0x00007ffed7a20000 - 0x00007ffed7b40000 	C:\WINDOWS\System32\RPCRT4.dll
0x00007ffed76d0000 - 0x00007ffed7864000 	C:\WINDOWS\System32\USER32.dll
0x00007ffed6610000 - 0x00007ffed6631000 	C:\WINDOWS\System32\win32u.dll
0x00007ffed8c70000 - 0x00007ffed8c96000 	C:\WINDOWS\System32\GDI32.dll
0x00007ffed6a90000 - 0x00007ffed6c24000 	C:\WINDOWS\System32\gdi32full.dll
0x00007ffed69a0000 - 0x00007ffed6a3e000 	C:\WINDOWS\System32\msvcp_win.dll
0x00007ffed0df0000 - 0x00007ffed0e05000 	C:\Program Files\Java\jdk-13\bin\VCRUNTIME140.dll
0x00007ffebf070000 - 0x00007ffebf2f5000 	C:\WINDOWS\WinSxS\amd64_microsoft.windows.common-controls_6595b64144ccf1df_6.0.18362.535_none_e6c3b34713100821\COMCTL32.dll
0x00007ffed7c60000 - 0x00007ffed7f96000 	C:\WINDOWS\System32\combase.dll
0x00007ffed6d30000 - 0x00007ffed6db0000 	C:\WINDOWS\System32\bcryptPrimitives.dll
0x00007ffecda50000 - 0x00007ffecda5a000 	C:\WINDOWS\SYSTEM32\VERSION.dll
0x00007ffed8100000 - 0x00007ffed812e000 	C:\WINDOWS\System32\IMM32.DLL
0x00007ffed03b0000 - 0x00007ffed044b000 	C:\Program Files\Java\jdk-13\bin\msvcp140.dll
0x00007ffe7d220000 - 0x00007ffe7dd86000 	C:\Program Files\Java\jdk-13\bin\server\jvm.dll
0x00007ffed8ca0000 - 0x00007ffed8ca8000 	C:\WINDOWS\System32\PSAPI.DLL
0x00007ffebc150000 - 0x00007ffebc159000 	C:\WINDOWS\SYSTEM32\WSOCK32.dll
0x00007ffed8090000 - 0x00007ffed80ff000 	C:\WINDOWS\System32\WS2_32.dll
0x00007ffed4240000 - 0x00007ffed4264000 	C:\WINDOWS\SYSTEM32\WINMM.dll
0x00007ffed3e50000 - 0x00007ffed3e7d000 	C:\WINDOWS\SYSTEM32\WINMMBASE.dll
0x00007ffed7680000 - 0x00007ffed76ca000 	C:\WINDOWS\System32\cfgmgr32.dll
0x00007ffed6500000 - 0x00007ffed6511000 	C:\WINDOWS\System32\kernel.appcore.dll
0x00007ffed1fa0000 - 0x00007ffed1fb0000 	C:\Program Files\Java\jdk-13\bin\verify.dll
0x00007ffed4e20000 - 0x00007ffed5014000 	C:\WINDOWS\SYSTEM32\DBGHELP.DLL
0x00007ffec17e0000 - 0x00007ffec180a000 	C:\WINDOWS\SYSTEM32\dbgcore.DLL
0x00007ffed0dc0000 - 0x00007ffed0de6000 	C:\Program Files\Java\jdk-13\bin\java.dll
0x00007ffed0390000 - 0x00007ffed03a7000 	C:\Program Files\Java\jdk-13\bin\zip.dll
0x00007ffed0380000 - 0x00007ffed038a000 	C:\Program Files\Java\jdk-13\bin\jimage.dll
0x00007ffed8d20000 - 0x00007ffed9405000 	C:\WINDOWS\System32\SHELL32.dll
0x00007ffed86c0000 - 0x00007ffed8769000 	C:\WINDOWS\System32\shcore.dll
0x00007ffed6db0000 - 0x00007ffed752f000 	C:\WINDOWS\System32\windows.storage.dll
0x00007ffed6540000 - 0x00007ffed655f000 	C:\WINDOWS\System32\profapi.dll
0x00007ffed6560000 - 0x00007ffed65aa000 	C:\WINDOWS\System32\powrprof.dll
0x00007ffed64f0000 - 0x00007ffed6500000 	C:\WINDOWS\System32\UMPDC.dll
0x00007ffed85a0000 - 0x00007ffed85f2000 	C:\WINDOWS\System32\shlwapi.dll
0x00007ffed6a40000 - 0x00007ffed6a57000 	C:\WINDOWS\System32\cryptsp.dll
0x00007ffed0340000 - 0x00007ffed0359000 	C:\Program Files\Java\jdk-13\bin\net.dll
0x00007ffed06c0000 - 0x00007ffed07b0000 	C:\WINDOWS\SYSTEM32\WINHTTP.dll
0x00007ffec13c0000 - 0x00007ffec1596000 	C:\WINDOWS\SYSTEM32\urlmon.dll
0x00007ffec1930000 - 0x00007ffec1bd6000 	C:\WINDOWS\SYSTEM32\iertutil.dll
0x00007ffed5f30000 - 0x00007ffed5f3c000 	C:\WINDOWS\SYSTEM32\CRYPTBASE.DLL
0x00007ffed5d60000 - 0x00007ffed5dc7000 	C:\WINDOWS\system32\mswsock.dll
0x00007ffed0320000 - 0x00007ffed0333000 	C:\Program Files\Java\jdk-13\bin\nio.dll
0x00007ffe8bd30000 - 0x00007ffe8bec9000 	C:\Program Files\Java\jdk-13\bin\awt.dll
0x00007ffed8ba0000 - 0x00007ffed8c64000 	C:\WINDOWS\System32\OLEAUT32.dll
0x00007ffed28d0000 - 0x00007ffed2e90000 	C:\WINDOWS\SYSTEM32\d2d1.dll
0x00007ffed3f30000 - 0x00007ffed3fbf000 	C:\WINDOWS\SYSTEM32\apphelp.dll
0x00007ffed44e0000 - 0x00007ffed4579000 	C:\WINDOWS\system32\uxtheme.dll
0x00007ffed9410000 - 0x00007ffed9545000 	C:\WINDOWS\System32\MSCTF.dll
0x00007ffed8910000 - 0x00007ffed8a66000 	C:\WINDOWS\System32\ole32.dll
0x00007ffed4900000 - 0x00007ffed492d000 	C:\WINDOWS\system32\DWMAPI.DLL
0x00007ffe9ac00000 - 0x00007ffe9ad56000 	C:\WINDOWS\system32\opengl32.dll
0x00007ffe9c700000 - 0x00007ffe9c72c000 	C:\WINDOWS\SYSTEM32\GLU32.dll
0x00007ffed5160000 - 0x00007ffed5180000 	C:\WINDOWS\SYSTEM32\dxcore.dll
0x00007ffea2480000 - 0x00007ffea2502000 	C:\Program Files\Java\jdk-13\bin\freetype.dll
0x00007ffe97150000 - 0x00007ffe971f6000 	C:\Program Files\Java\jdk-13\bin\fontmanager.dll
0x00007ffed8af0000 - 0x00007ffed8b92000 	C:\WINDOWS\System32\clbcatq.dll
0x00007ffecfbc0000 - 0x00007ffecfd6f000 	C:\WINDOWS\SYSTEM32\WindowsCodecs.dll
0x00007ffe9aa90000 - 0x00007ffe9aaca000 	C:\WINDOWS\system32\dataexchange.dll
0x00007ffed2f30000 - 0x00007ffed318b000 	C:\WINDOWS\system32\d3d11.dll
0x00007ffed35f0000 - 0x00007ffed37cb000 	C:\WINDOWS\system32\dcomp.dll
0x00007ffed51f0000 - 0x00007ffed52db000 	C:\WINDOWS\system32\dxgi.dll
0x00007ffed45a0000 - 0x00007ffed47fa000 	C:\WINDOWS\system32\twinapi.appcore.dll
0x00007ffed4a10000 - 0x00007ffed4a39000 	C:\WINDOWS\system32\RMCLIENT.dll
0x00007ffec3280000 - 0x00007ffec331e000 	C:\WINDOWS\System32\TextInputFramework.dll
0x00007ffed0a80000 - 0x00007ffed0daa000 	C:\WINDOWS\System32\CoreUIComponents.dll
0x00007ffed3c10000 - 0x00007ffed3ce4000 	C:\WINDOWS\System32\CoreMessaging.dll
0x00007ffed5550000 - 0x00007ffed5581000 	C:\WINDOWS\SYSTEM32\ntmarta.dll
0x00007ffed1390000 - 0x00007ffed14e3000 	C:\WINDOWS\SYSTEM32\wintypes.dll

dbghelp: loaded successfully - version: 4.0.5 - missing functions: none
symbol engine: initialized successfully - sym options: 0x614 - pdb path: .;C:\Program Files\Java\jdk-13\bin;C:\WINDOWS\SYSTEM32;C:\Program Files\AVAST Software\Avast;C:\WINDOWS\WinSxS\amd64_microsoft.windows.common-controls_6595b64144ccf1df_6.0.18362.535_none_e6c3b34713100821;C:\Program Files\Java\jdk-13\bin\server

VM Arguments:
jvm_args: -Dfile.encoding=UTF-8 
java_command: org.ClientModule.SensorFirst
java_class_path (initial): C:\Users\dassy\Ehpad_Services\ClientModule\target\classes;C:\Users\dassy\Ehpad_Services\ServerModule\target\classes;C:\Users\dassy\Downloads\mysql-connector-java-8.0.18.tar\mysql-connector-java-8.0.18\mysql-connector-java-8.0.18.jar;C:\Users\dassy\.m2\repository\org\apache\commons\commons-dbcp2\2.7.0\commons-dbcp2-2.7.0.jar;C:\Users\dassy\.m2\repository\org\apache\commons\commons-pool2\2.7.0\commons-pool2-2.7.0.jar;C:\Users\dassy\.m2\repository\commons-logging\commons-logging\1.2\commons-logging-1.2.jar;C:\Users\dassy\.m2\repository\mysql\mysql-connector-java\8.0.18\mysql-connector-java-8.0.18.jar;C:\Users\dassy\.m2\repository\com\google\protobuf\protobuf-java\3.6.1\protobuf-java-3.6.1.jar;C:\Users\dassy\.m2\repository\javax\json\bind\javax.json.bind-api\1.0\javax.json.bind-api-1.0.jar;C:\Users\dassy\.m2\repository\org\eclipse\yasson\1.0\yasson-1.0.jar;C:\Users\dassy\.m2\repository\javax\enterprise\cdi-api\2.0\cdi-api-2.0.jar;C:\Users\dassy\.m2\repository\javax\el\javax.el-api\3.0.0\javax.el-api-3.0.0.jar;C:\Users\dassy\.m2\repository\javax\interceptor\javax.interceptor-api\1.2\javax.interceptor-api-1.2.jar;C:\Users\dassy\.m2\repository\javax\inject\javax.inject\1\javax.inject-1.jar;C:\Users\dassy\.m2\repository\org\glassfish\javax.json\1.1\javax.json-1.1.jar;C:\Users\dassy\.m2\repository\javax\json\javax.json-api\1.1\javax.json-api-1.1.jar;C:\Users\dassy\.m2\repository\com\fasterxml\jackson\core\jackson-databind\2.7.9\jackson-databind-2.7.9.jar;C:\Users\dassy\.m2\repository\com\fasterxml\jackson\core\jackson-annotations\2.7.0\jackson-annotations-2.7.0.jar;C:\Users\dassy\.m2\repository\com\fasterxml\jackson\core\jackson-core\2.7.9\jackson-core-2.7.9.jar
Launcher Type: SUN_STANDARD


[error occurred during error reporting (printing flags), id 0xe0000001, Out of Memory Error (t:/workspace/open/src/hotspot/share/memory/allocation.cpp:45)]

Logging:
Log output configuration:
 #0: stdout all=warning uptime,level,tags
 #1: stderr all=off uptime,level,tags

Environment Variables:
JAVA_HOME=C:\Program Files\Java\jdk-13
PATH=C:/Users/dassy/Desktop/JAVA2/bin/server;C:/Users/dassy/Desktop/JAVA2/bin;C:/Users/dassy/Desktop/JAVA2/lib/amd64;C:\ProgramData\Oracle\Java\javapath;C:\Program Files (x86)\Intel\Intel(R) Management Engine Components\iCLS\;C:\Program Files\Intel\Intel(R) Management Engine Components\iCLS\;C:\windows\system32;C:\windows;C:\windows\System32\Wbem;C:\windows\System32\WindowsPowerShell\v1.0\;C:\windows\System32\OpenSSH\;C:\Program Files (x86)\Intel\Intel(R) Management Engine Components\DAL;C:\Program Files\Intel\Intel(R) Management Engine Components\DAL;C:\Program Files (x86)\NVIDIA Corporation\PhysX\Common;C:\Users\dassy\apache-maven-3.6.2-bin\apache-maven-3.6.2\bin;C:\Program Files\Git\cmd;C:\WINDOWS\system32;C:\WINDOWS;C:\WINDOWS\System32\Wbem;C:\WINDOWS\System32\WindowsPowerShell\v1.0\;C:\WINDOWS\System32\OpenSSH\;C:\Program Files\NVIDIA Corporation\NVIDIA NvDLISR;C:\Program Files\dotnet\;C:\Program Files\Microsoft SQL Server\130\Tools\Binn\;C:\Program Files\Microsoft SQL Server\Client SDK\ODBC\170\Tools\Binn\;C:\Program Files\Microsoft SQL Server\Client SDK\ODBC\130\Tools\Binn\;C:\Program Files (x86)\Microsoft SQL Server\140\Tools\Binn\;C:\Program Files\Microsoft SQL Server\140\Tools\Binn\;C:\Program Files\Microsoft SQL Server\140\DTS\Binn\;C:\Program Files\Java\jdk-13\bin;C:\Users\dassy\AppData\Local\Microsoft\WindowsApps;C:\Users\dassy\AppData\Local\GitHubDesktop\bin;C:\Users\dassy\apache-maven-3.6.2-bin\apache-maven-3.6.2\bin;C:\Program Files\Java\jdk-13;;C:\Users\dassy\AppData\Local\Microsoft\WindowsApps;C:\Users\dassy\Desktop;
USERNAME=dassy
OS=Windows_NT
PROCESSOR_IDENTIFIER=Intel64 Family 6 Model 142 Stepping 10, GenuineIntel



---------------  S Y S T E M  ---------------

OS: Windows 10 , 64 bit Build 18362 (10.0.18362.329)

CPU:total 8 (initial active 8) (4 cores per cpu, 2 threads per core) family 6 model 142 stepping 10, cmov, cx8, fxsr, mmx, sse, sse2, sse3, ssse3, sse4.1, sse4.2, popcnt, avx, avx2, aes, clmul, erms, 3dnowpref, lzcnt, ht, tsc, tscinvbit, bmi1, bmi2, adx, fma

Memory: 4k page, system-wide physical 8071M (378M free)
TotalPageFile size 32647M (AvailPageFile size 0M)
current process WorkingSet (physical memory assigned to process): 78M, peak: 83M
current process commit charge ("private bytes"): 230M, peak: 235M

vm_info: Java HotSpot(TM) 64-Bit Server VM (13+33) for windows-amd64 JRE (13+33), built on Sep 18 2019 21:38:00 by "mach5one" with unknown MS VC++:1916

END.
