#
# There is insufficient memory for the Java Runtime Environment to continue.
# Native memory allocation (mmap) failed to map 134217728 bytes for Failed to commit area from 0x0000000081e00000 to 0x0000000089e00000 of length 134217728.
# Possible reasons:
#   The system is out of physical RAM or swap space
#   The process is running with CompressedOops enabled, and the Java Heap may be blocking the growth of the native heap
# Possible solutions:
#   Reduce memory load on the system
#   Increase physical memory or swap space
#   Check if swap backing store is full
#   Decrease Java heap size (-Xmx/-Xms)
#   Decrease number of Java threads
#   Decrease Java thread stack sizes (-Xss)
#   Set larger code cache with -XX:ReservedCodeCacheSize=
# This output file may be truncated or incomplete.
#
#  Out of Memory Error (t:/workspace/open/src/hotspot/os/windows/os_windows.cpp:3301), pid=1440, tid=17208
#
# JRE version:  (13.0+33) (build )
# Java VM: Java HotSpot(TM) 64-Bit Server VM (13+33, mixed mode, aot, sharing, tiered, compressed oops, g1 gc, windows-amd64)
# No core dump will be written. Minidumps are not enabled by default on client versions of Windows
#

---------------  S U M M A R Y ------------

Command Line: -Dfile.encoding=UTF-8 org.ClientModule.SensorFirst

Host: Intel(R) Core(TM) i5-8250U CPU @ 1.60GHz, 8 cores, 7G,  Windows 10 , 64 bit Build 18362 (10.0.18362.329)
Time: Sun Dec  8 19:48:04 2019 Paris, Madrid elapsed time: 0 seconds (0d 0h 0m 0s)

---------------  T H R E A D  ---------------

Current thread (0x000001f721375000):  JavaThread "Unknown thread" [_thread_in_vm, id=17208, stack(0x0000006041000000,0x0000006041100000)]

Stack: [0x0000006041000000,0x0000006041100000]
Native frames: (J=compiled Java code, j=interpreted, Vv=VM code, C=native code)
V  [jvm.dll+0x626eaa]
V  [jvm.dll+0x772c4a]
V  [jvm.dll+0x7743ff]
V  [jvm.dll+0x774a03]
V  [jvm.dll+0x24da38]
V  [jvm.dll+0x62436a]
V  [jvm.dll+0x618f55]
V  [jvm.dll+0x30c5fc]
V  [jvm.dll+0x30c432]
V  [jvm.dll+0x311ba6]
V  [jvm.dll+0x355cc6]
V  [jvm.dll+0x3554a0]
V  [jvm.dll+0x2e727a]
V  [jvm.dll+0x2e8512]
V  [jvm.dll+0x74fcb8]
V  [jvm.dll+0x363719]
V  [jvm.dll+0x732da5]
V  [jvm.dll+0x3ce2cf]
V  [jvm.dll+0x3d05f1]
C  [jli.dll+0x51ff]
C  [ucrtbase.dll+0x20e72]
C  [KERNEL32.DLL+0x17bd4]
C  [ntdll.dll+0x6ced1]


---------------  P R O C E S S  ---------------

Threads class SMR info:
_java_thread_list=0x00007ffae5b846b8, length=0, elements={
}

Java Threads: ( => current thread )

Other Threads:
  0x000001f7213b7800 GCTaskThread "GC Thread#0" [stack: 0x0000006041100000,0x0000006041200000] [id=15716]
  0x000001f7213c9800 ConcurrentGCThread "G1 Main Marker" [stack: 0x0000006041200000,0x0000006041300000] [id=3188]
  0x000001f7213cc000 ConcurrentGCThread "G1 Conc#0" [stack: 0x0000006041300000,0x0000006041400000] [id=5432]

[error occurred during error reporting (printing all threads), id 0xc0000005, EXCEPTION_ACCESS_VIOLATION (0xc0000005) at pc=0x00007ffae53b6f47]

VM state:not at safepoint (not fully initialized)

VM Mutex/Monitor currently owned by a thread:  ([mutex/lock_event])
[0x000001f721371410] Heap_lock - owner thread: 0x000001f721375000

Heap address: 0x0000000081e00000, size: 2018 MB, Compressed Oops mode: Non-zero based: 0x0000000081e00000
Narrow klass base: 0x0000000000000000, Narrow klass shift: 0

GC Heap History (0 events):
No events

Deoptimization events (0 events):
No events

Classes unloaded (0 events):
No events

Classes redefined (0 events):
No events

Internal exceptions (0 events):
No events

Events (8 events):
Event: 0.008 Loaded shared library C:\Program Files\Java\jdk-13\bin\zip.dll
Event: 0.008 Loaded shared library C:\Program Files\Java\jdk-13\bin\jimage.dll
Event: 0.010 Loading shared library C:\Program Files\Java\jdk-13\lib\libjava.base-coop.dll failed, error code 126
Event: 0.010 Loading shared library C:\Program Files\Java\jdk-13\lib\libjava.logging-coop.dll failed, error code 126
Event: 0.010 Loading shared library C:\Program Files\Java\jdk-13\lib\libjdk.compiler-coop.dll failed, error code 126
Event: 0.010 Loading shared library C:\Program Files\Java\jdk-13\lib\libjdk.scripting.nashorn-coop.dll failed, error code 126
Event: 0.010 Loading shared library C:\Program Files\Java\jdk-13\lib\libjdk.internal.vm.ci-coop.dll failed, error code 126
Event: 0.010 Loading shared library C:\Program Files\Java\jdk-13\lib\libjdk.internal.vm.compiler-coop.dll failed, error code 126


Dynamic libraries:
0x00007ff7bd260000 - 0x00007ff7bd26f000 	C:\Program Files\Java\jdk-13\bin\javaw.exe
0x00007ffb372e0000 - 0x00007ffb374d0000 	C:\WINDOWS\SYSTEM32\ntdll.dll
0x00007ffaf71c0000 - 0x00007ffaf71d4000 	C:\Program Files\AVAST Software\Avast\aswhook.dll
0x00007ffb36c50000 - 0x00007ffb36d02000 	C:\WINDOWS\System32\KERNEL32.DLL
0x00007ffb35030000 - 0x00007ffb352d3000 	C:\WINDOWS\System32\KERNELBASE.dll
0x00007ffb34ee0000 - 0x00007ffb34fda000 	C:\WINDOWS\System32\ucrtbase.dll
0x00007ffb30140000 - 0x00007ffb30158000 	C:\Program Files\Java\jdk-13\bin\jli.dll
0x00007ffb35970000 - 0x00007ffb35a13000 	C:\WINDOWS\System32\ADVAPI32.dll
0x00007ffb35860000 - 0x00007ffb358fe000 	C:\WINDOWS\System32\msvcrt.dll
0x00007ffb36fe0000 - 0x00007ffb37077000 	C:\WINDOWS\System32\sechost.dll
0x00007ffb37180000 - 0x00007ffb372a0000 	C:\WINDOWS\System32\RPCRT4.dll
0x00007ffb36d10000 - 0x00007ffb36ea4000 	C:\WINDOWS\System32\USER32.dll
0x00007ffb34730000 - 0x00007ffb34751000 	C:\WINDOWS\System32\win32u.dll
0x00007ffb353b0000 - 0x00007ffb353d6000 	C:\WINDOWS\System32\GDI32.dll
0x00007ffb34440000 - 0x00007ffb345d4000 	C:\WINDOWS\System32\gdi32full.dll
0x00007ffb343a0000 - 0x00007ffb3443e000 	C:\WINDOWS\System32\msvcp_win.dll
0x00007ffb26810000 - 0x00007ffb26825000 	C:\Program Files\Java\jdk-13\bin\VCRUNTIME140.dll
0x00007ffb1f170000 - 0x00007ffb1f3f5000 	C:\WINDOWS\WinSxS\amd64_microsoft.windows.common-controls_6595b64144ccf1df_6.0.18362.476_none_e6c4b11b130f2595\COMCTL32.dll
0x00007ffb35520000 - 0x00007ffb35856000 	C:\WINDOWS\System32\combase.dll
0x00007ffb34300000 - 0x00007ffb34380000 	C:\WINDOWS\System32\bcryptPrimitives.dll
0x00007ffb2c2e0000 - 0x00007ffb2c2ea000 	C:\WINDOWS\SYSTEM32\VERSION.dll
0x00007ffb37150000 - 0x00007ffb3717e000 	C:\WINDOWS\System32\IMM32.DLL
0x00007ffaf10e0000 - 0x00007ffaf117b000 	C:\Program Files\Java\jdk-13\bin\msvcp140.dll
0x00007ffae50c0000 - 0x00007ffae5c26000 	C:\Program Files\Java\jdk-13\bin\server\jvm.dll
0x00007ffb36c40000 - 0x00007ffb36c48000 	C:\WINDOWS\System32\PSAPI.DLL
0x00007ffb18a70000 - 0x00007ffb18a79000 	C:\WINDOWS\SYSTEM32\WSOCK32.dll
0x00007ffb35d90000 - 0x00007ffb35dff000 	C:\WINDOWS\System32\WS2_32.dll
0x00007ffb31670000 - 0x00007ffb31694000 	C:\WINDOWS\SYSTEM32\WINMM.dll
0x00007ffb31640000 - 0x00007ffb3166d000 	C:\WINDOWS\SYSTEM32\WINMMBASE.dll
0x00007ffb34fe0000 - 0x00007ffb3502a000 	C:\WINDOWS\System32\cfgmgr32.dll
0x00007ffb34210000 - 0x00007ffb34221000 	C:\WINDOWS\System32\kernel.appcore.dll
0x00007ffb30110000 - 0x00007ffb30120000 	C:\Program Files\Java\jdk-13\bin\verify.dll
0x00007ffb32af0000 - 0x00007ffb32ce4000 	C:\WINDOWS\SYSTEM32\DBGHELP.DLL
0x00007ffb21bd0000 - 0x00007ffb21bfa000 	C:\WINDOWS\SYSTEM32\dbgcore.DLL
0x00007ffb20e20000 - 0x00007ffb20e46000 	C:\Program Files\Java\jdk-13\bin\java.dll
0x00007ffb12c40000 - 0x00007ffb12c57000 	C:\Program Files\Java\jdk-13\bin\zip.dll
0x00007ffb2e340000 - 0x00007ffb2e34a000 	C:\Program Files\Java\jdk-13\bin\jimage.dll

dbghelp: loaded successfully - version: 4.0.5 - missing functions: none
symbol engine: initialized successfully - sym options: 0x614 - pdb path: .;C:\Program Files\Java\jdk-13\bin;C:\WINDOWS\SYSTEM32;C:\Program Files\AVAST Software\Avast;C:\WINDOWS\WinSxS\amd64_microsoft.windows.common-controls_6595b64144ccf1df_6.0.18362.476_none_e6c4b11b130f2595;C:\Program Files\Java\jdk-13\bin\server

VM Arguments:
jvm_args: -Dfile.encoding=UTF-8 
java_command: org.ClientModule.SensorFirst
java_class_path (initial): C:\Users\dassy\Ehpad_Services\ClientModule\target\classes;C:\Users\dassy\Ehpad_Services\ServerModule\target\classes;C:\Users\dassy\Downloads\mysql-connector-java-8.0.18.tar\mysql-connector-java-8.0.18\mysql-connector-java-8.0.18.jar;C:\Users\dassy\.m2\repository\org\apache\commons\commons-dbcp2\2.7.0\commons-dbcp2-2.7.0.jar;C:\Users\dassy\.m2\repository\org\apache\commons\commons-pool2\2.7.0\commons-pool2-2.7.0.jar;C:\Users\dassy\.m2\repository\commons-logging\commons-logging\1.2\commons-logging-1.2.jar;C:\Users\dassy\.m2\repository\mysql\mysql-connector-java\8.0.18\mysql-connector-java-8.0.18.jar;C:\Users\dassy\.m2\repository\com\google\protobuf\protobuf-java\3.6.1\protobuf-java-3.6.1.jar;C:\Users\dassy\.m2\repository\javax\json\bind\javax.json.bind-api\1.0\javax.json.bind-api-1.0.jar;C:\Users\dassy\.m2\repository\org\eclipse\yasson\1.0\yasson-1.0.jar;C:\Users\dassy\.m2\repository\javax\enterprise\cdi-api\2.0\cdi-api-2.0.jar;C:\Users\dassy\.m2\repository\javax\el\javax.el-api\3.0.0\javax.el-api-3.0.0.jar;C:\Users\dassy\.m2\repository\javax\interceptor\javax.interceptor-api\1.2\javax.interceptor-api-1.2.jar;C:\Users\dassy\.m2\repository\javax\inject\javax.inject\1\javax.inject-1.jar;C:\Users\dassy\.m2\repository\org\glassfish\javax.json\1.1\javax.json-1.1.jar;C:\Users\dassy\.m2\repository\javax\json\javax.json-api\1.1\javax.json-api-1.1.jar;C:\Users\dassy\.m2\repository\com\fasterxml\jackson\core\jackson-databind\2.7.9\jackson-databind-2.7.9.jar;C:\Users\dassy\.m2\repository\com\fasterxml\jackson\core\jackson-annotations\2.7.0\jackson-annotations-2.7.0.jar;C:\Users\dassy\.m2\repository\com\fasterxml\jackson\core\jackson-core\2.7.9\jackson-core-2.7.9.jar
Launcher Type: SUN_STANDARD

[Global flags]
     intx CICompilerCount                          = 4                                         {product} {ergonomic}
     uint ConcGCThreads                            = 2                                         {product} {ergonomic}
     uint G1ConcRefinementThreads                  = 8                                         {product} {ergonomic}
   size_t G1HeapRegionSize                         = 1048576                                   {product} {ergonomic}
    uintx GCDrainStackTargetSize                   = 64                                        {product} {ergonomic}
   size_t InitialHeapSize                          = 134217728                                 {product} {ergonomic}
   size_t MarkStackSize                            = 4194304                                   {product} {ergonomic}
   size_t MaxHeapSize                              = 2116026368                                {product} {ergonomic}
   size_t MinHeapDeltaBytes                        = 1048576                                   {product} {ergonomic}
   size_t MinHeapSize                              = 8388608                                   {product} {ergonomic}
    uintx NonNMethodCodeHeapSize                   = 5836300                                {pd product} {ergonomic}
    uintx NonProfiledCodeHeapSize                  = 122910970                              {pd product} {ergonomic}
    uintx ProfiledCodeHeapSize                     = 122910970                              {pd product} {ergonomic}
    uintx ReservedCodeCacheSize                    = 251658240                              {pd product} {ergonomic}
     bool SegmentedCodeCache                       = true                                      {product} {ergonomic}
   size_t SoftMaxHeapSize                          = 2116026368                             {manageable} {ergonomic}
     bool UseCompressedClassPointers               = true                                 {lp64_product} {ergonomic}
     bool UseCompressedOops                        = true                                 {lp64_product} {ergonomic}
     bool UseG1GC                                  = true                                      {product} {ergonomic}
     bool UseLargePagesIndividualAllocation        = false                                  {pd product} {ergonomic}

Logging:
Log output configuration:
 #0: stdout all=warning uptime,level,tags
 #1: stderr all=off uptime,level,tags

Environment Variables:
JAVA_HOME=C:\Program Files\Java\jdk-13
PATH=C:/Users/dassy/Desktop/JAVA2/bin/server;C:/Users/dassy/Desktop/JAVA2/bin;C:/Users/dassy/Desktop/JAVA2/lib/amd64;C:\ProgramData\Oracle\Java\javapath;C:\Program Files (x86)\Intel\Intel(R) Management Engine Components\iCLS\;C:\Program Files\Intel\Intel(R) Management Engine Components\iCLS\;C:\windows\system32;C:\windows;C:\windows\System32\Wbem;C:\windows\System32\WindowsPowerShell\v1.0\;C:\windows\System32\OpenSSH\;C:\Program Files (x86)\Intel\Intel(R) Management Engine Components\DAL;C:\Program Files\Intel\Intel(R) Management Engine Components\DAL;C:\Program Files (x86)\NVIDIA Corporation\PhysX\Common;C:\Users\dassy\apache-maven-3.6.2-bin\apache-maven-3.6.2\bin;C:\Program Files\Git\cmd;C:\WINDOWS\system32;C:\WINDOWS;C:\WINDOWS\System32\Wbem;C:\WINDOWS\System32\WindowsPowerShell\v1.0\;C:\WINDOWS\System32\OpenSSH\;C:\Program Files\NVIDIA Corporation\NVIDIA NvDLISR;C:\Program Files\dotnet\;C:\Program Files\Microsoft SQL Server\130\Tools\Binn\;C:\Program Files\Microsoft SQL Server\Client SDK\ODBC\170\Tools\Binn\;C:\Program Files\Microsoft SQL Server\Client SDK\ODBC\130\Tools\Binn\;C:\Program Files (x86)\Microsoft SQL Server\140\Tools\Binn\;C:\Program Files\Microsoft SQL Server\140\Tools\Binn\;C:\Program Files\Microsoft SQL Server\140\DTS\Binn\;C:\Program Files\Java\jdk-13\bin;C:\Users\dassy\AppData\Local\Microsoft\WindowsApps;C:\Users\dassy\AppData\Local\GitHubDesktop\bin;C:\Users\dassy\apache-maven-3.6.2-bin\apache-maven-3.6.2\bin;C:\Program Files\Java\jdk-13;;C:\Users\dassy\AppData\Local\Microsoft\WindowsApps;C:\Users\dassy\Desktop;
USERNAME=dassy
OS=Windows_NT
PROCESSOR_IDENTIFIER=Intel64 Family 6 Model 142 Stepping 10, GenuineIntel



---------------  S Y S T E M  ---------------

OS: Windows 10 , 64 bit Build 18362 (10.0.18362.329)

CPU:total 8 (initial active 8) (4 cores per cpu, 2 threads per core) family 6 model 142 stepping 10, cmov, cx8, fxsr, mmx, sse, sse2, sse3, ssse3, sse4.1, sse4.2, popcnt, avx, avx2, aes, clmul, erms, 3dnowpref, lzcnt, ht, tsc, tscinvbit, bmi1, bmi2, adx, fma

Memory: 4k page, system-wide physical 8071M (531M free)
TotalPageFile size 32628M (AvailPageFile size 76M)
current process WorkingSet (physical memory assigned to process): 10M, peak: 10M
current process commit charge ("private bytes"): 60M, peak: 188M

vm_info: Java HotSpot(TM) 64-Bit Server VM (13+33) for windows-amd64 JRE (13+33), built on Sep 18 2019 21:38:00 by "mach5one" with unknown MS VC++:1916

END.
