JvmtiExport can_access_local_variables 0
JvmtiExport can_hotswap_or_post_breakpoint 0
JvmtiExport can_post_on_exceptions 0
# 132 ciObject found
ciInstanceKlass java/util/Iterator 1 1 53 100 1 8 1 10 12 1 1 10 100 12 1 1 1 11 100 12 1 1 1 11 12 1 1 11 100 12 1 1 1 100 1 1 1 1 1 1 1 1 1 1 1 1 1 1 1 1 1 1 1 1 1
instanceKlass javax/swing/Autoscroller
instanceKlass sun/awt/SunToolkit$1
instanceKlass java/awt/KeyboardFocusManager$2
instanceKlass java/awt/Window$1DisposeAction
instanceKlass java/text/AttributedString$AttributedStringIterator
instanceKlass java/text/AttributedCharacterIterator
instanceKlass java/text/AttributedString
instanceKlass sun/awt/im/CompositionAreaHandler
instanceKlass java/awt/KeyboardFocusManager$3
instanceKlass java/awt/LightweightDispatcher$2
instanceKlass sun/util/locale/InternalLocaleBuilder$CaseInsensitiveChar
instanceKlass sun/util/locale/InternalLocaleBuilder
instanceKlass sun/util/locale/StringTokenIterator
instanceKlass sun/util/locale/ParseStatus
instanceKlass sun/awt/im/InputMethodAdapter
instanceKlass java/awt/im/spi/InputMethod
instanceKlass java/awt/im/spi/InputMethodContext
instanceKlass java/awt/im/InputMethodRequests
instanceKlass java/awt/im/InputContext
instanceKlass java/awt/Toolkit$SelectiveAWTEventListener
instanceKlass java/awt/LightweightDispatcher$1
instanceKlass java/awt/Container$MouseEventTargetFilter
instanceKlass java/awt/Container$EventTargetFilter
instanceKlass java/awt/KeyboardFocusManager$LightweightFocusRequest
instanceKlass java/awt/DefaultKeyboardFocusManager$TypeAheadMarker
instanceKlass java/awt/KeyboardFocusManager$HeavyweightFocusRequest
instanceKlass sun/awt/KeyboardFocusManagerPeerImpl$KfmAccessor
instanceKlass java/awt/EventQueue$5
instanceKlass sun/java2d/loops/FontInfo
instanceKlass java/awt/PrintGraphics
instanceKlass java/awt/print/PrinterGraphics
instanceKlass sun/java2d/pipe/AlphaPaintPipe$TileContext
instanceKlass java/awt/GradientPaintContext
instanceKlass java/awt/PaintContext
instanceKlass java/awt/GradientPaint
instanceKlass sun/swing/ImageCache$Entry
instanceKlass sun/swing/ImageCache
instanceKlass java/awt/image/MultiResolutionImage
instanceKlass sun/swing/CachedPainter
instanceKlass javax/swing/plaf/metal/MetalUtils
instanceKlass sun/awt/image/BufImgSurfaceData$ICMColorData
instanceKlass java/awt/image/BufferedImage$1
instanceKlass java/awt/image/WritableRenderedImage
instanceKlass java/awt/image/RenderedImage
instanceKlass sun/awt/image/NativeLibLoader$1
instanceKlass sun/awt/image/NativeLibLoader
instanceKlass java/awt/image/SampleModel
instanceKlass java/awt/image/DataBuffer$1
instanceKlass sun/awt/image/SunWritableRaster$DataStealer
instanceKlass java/awt/image/DataBuffer
instanceKlass java/awt/image/Raster
instanceKlass sun/java2d/opengl/OGLGraphicsConfig
instanceKlass sun/awt/SunGraphicsCallback
instanceKlass sun/java2d/pipe/hw/AccelSurface
instanceKlass javax/swing/RepaintManager$4
instanceKlass javax/swing/RepaintManager$2$1
instanceKlass java/util/LinkedList$ListItr
instanceKlass javax/swing/RepaintManager$3
instanceKlass java/lang/StrictMath
instanceKlass org/eclipse/yasson/internal/serializer/AbstractContainerDeserializer$1
instanceKlass org/eclipse/yasson/internal/serializer/DeserializerBuilder$$Lambda$276
instanceKlass org/eclipse/yasson/internal/serializer/EmbeddedItem
instanceKlass javax/json/JsonStructure
instanceKlass org/eclipse/yasson/internal/serializer/DeserializerBuilder$1
instanceKlass org/eclipse/yasson/internal/ComponentMatcher$$Lambda$275
instanceKlass java/lang/reflect/TypeVariable
instanceKlass java/lang/reflect/WildcardType
instanceKlass org/eclipse/yasson/internal/JsonbRiParser$1
instanceKlass org/glassfish/json/JsonLocationImpl
instanceKlass javax/json/bind/serializer/DeserializationContext
instanceKlass org/eclipse/yasson/internal/JsonbRiParser$LevelContext
instanceKlass javax/json/stream/JsonLocation
instanceKlass org/glassfish/json/JsonTokenizer
instanceKlass org/glassfish/json/JsonParserImpl$Stack
instanceKlass org/glassfish/json/JsonParserImpl$Context
instanceKlass org/glassfish/json/JsonParserImpl
instanceKlass org/eclipse/yasson/internal/JsonbRiParser
instanceKlass org/eclipse/yasson/internal/JsonbParser
instanceKlass java/util/stream/Collectors$$Lambda$274
instanceKlass java/util/stream/Collectors$$Lambda$273
instanceKlass java/lang/invoke/LambdaForm$DMH
instanceKlass java/util/stream/Collectors$$Lambda$272
instanceKlass org/eclipse/yasson/internal/model/ClassModel$$Lambda$271
instanceKlass org/eclipse/yasson/internal/model/ClassModel$$Lambda$270
instanceKlass java/util/stream/SortedOps
instanceKlass org/eclipse/yasson/internal/ReflectionUtils$$Lambda$269
instanceKlass java/lang/reflect/ParameterizedType
instanceKlass org/eclipse/yasson/internal/AnnotationIntrospector$$Lambda$268
instanceKlass org/eclipse/yasson/internal/AnnotationIntrospector$$Lambda$267
instanceKlass java/lang/ClassLoader$$Lambda$266
instanceKlass jdk/internal/loader/BootLoader$PackageHelper$$Lambda$265
instanceKlass jdk/internal/loader/BootLoader$PackageHelper
instanceKlass org/eclipse/yasson/internal/ReflectionUtils
instanceKlass org/eclipse/yasson/internal/AnnotationIntrospector$$Lambda$264
instanceKlass org/eclipse/yasson/internal/AnnotationIntrospector$$Lambda$263
instanceKlass javax/json/bind/annotation/JsonbTransient
instanceKlass org/eclipse/yasson/internal/model/ReflectionPropagation$1
instanceKlass org/eclipse/yasson/internal/model/PropertyValuePropagation$$Lambda$262
instanceKlass org/eclipse/yasson/internal/AnnotationIntrospector$$Lambda$261
instanceKlass javax/json/bind/annotation/JsonbVisibility
instanceKlass org/eclipse/yasson/internal/model/PropertyValuePropagation$$Lambda$260
instanceKlass org/eclipse/yasson/internal/model/SetValueCommand
instanceKlass org/eclipse/yasson/internal/model/GetValueCommand
instanceKlass org/eclipse/yasson/internal/model/PropertyValuePropagation$DefaultVisibilityStrategy
instanceKlass javax/json/bind/config/PropertyVisibilityStrategy
instanceKlass org/eclipse/yasson/internal/model/PropertyValuePropagation
instanceKlass java/util/stream/Collectors$$Lambda$259
instanceKlass java/util/stream/Collectors$$Lambda$258
instanceKlass java/util/stream/Collectors$$Lambda$257
instanceKlass java/util/stream/Collectors$$Lambda$256
instanceKlass org/eclipse/yasson/internal/model/customization/ordering/PropertyOrdering$$Lambda$255
instanceKlass org/eclipse/yasson/internal/model/PropertyModel
instanceKlass java/util/HashMap$HashMapSpliterator
instanceKlass org/eclipse/yasson/internal/ClassParser$$Lambda$254
instanceKlass org/eclipse/yasson/internal/ClassParser$$Lambda$253
instanceKlass java/beans/Introspector$1
instanceKlass jdk/internal/access/JavaBeansAccess
instanceKlass java/beans/FeatureDescriptor
instanceKlass java/beans/Introspector
instanceKlass org/eclipse/yasson/internal/ClassParser$$Lambda$252
instanceKlass org/eclipse/yasson/internal/InjectedInvoker
instanceKlass org/eclipse/yasson/internal/model/Property
instanceKlass org/eclipse/yasson/internal/ClassParser$$Lambda$251
instanceKlass org/eclipse/yasson/internal/model/ClassModel
instanceKlass javax/json/bind/annotation/JsonbPropertyOrder
instanceKlass org/eclipse/yasson/internal/AnnotationIntrospector$$Lambda$250
instanceKlass sun/reflect/annotation/AnnotationInvocationHandler$1
instanceKlass sun/reflect/annotation/AnnotationParser$$Lambda$249
instanceKlass java/lang/annotation/Documented
instanceKlass com/fasterxml/jackson/annotation/JacksonAnnotation
instanceKlass java/lang/reflect/Proxy$ProxyBuilder$1
instanceKlass java/lang/reflect/ProxyGenerator$ExceptionTableEntry
instanceKlass java/lang/reflect/ProxyGenerator$PrimitiveTypeInfo
instanceKlass java/lang/reflect/ProxyGenerator$FieldInfo
instanceKlass java/lang/reflect/ProxyGenerator$ConstantPool$Entry
instanceKlass java/lang/reflect/ProxyGenerator$MethodInfo
instanceKlass java/lang/reflect/ProxyGenerator$ProxyMethod
instanceKlass java/lang/reflect/ProxyGenerator$ConstantPool
instanceKlass java/lang/reflect/ProxyGenerator
instanceKlass java/lang/reflect/Proxy$$Lambda$248
instanceKlass java/lang/PublicMethods
instanceKlass java/lang/reflect/Proxy$ProxyBuilder
instanceKlass java/lang/reflect/Proxy$$Lambda$247
instanceKlass java/lang/reflect/Proxy
instanceKlass sun/reflect/annotation/AnnotationInvocationHandler
instanceKlass java/lang/reflect/InvocationHandler
instanceKlass sun/reflect/annotation/AnnotationParser$1
instanceKlass java/lang/annotation/Target
instanceKlass java/lang/annotation/Inherited
instanceKlass java/lang/annotation/Retention
instanceKlass sun/reflect/annotation/ExceptionProxy
instanceKlass sun/reflect/annotation/AnnotationType$1
instanceKlass sun/reflect/annotation/AnnotationType
instanceKlass com/fasterxml/jackson/annotation/JsonCreator
instanceKlass sun/reflect/generics/visitor/Reifier
instanceKlass sun/reflect/generics/visitor/TypeTreeVisitor
instanceKlass sun/reflect/generics/factory/CoreReflectionFactory
instanceKlass sun/reflect/generics/factory/GenericsFactory
instanceKlass sun/reflect/generics/scope/AbstractScope
instanceKlass sun/reflect/generics/scope/Scope
instanceKlass sun/reflect/generics/tree/ClassTypeSignature
instanceKlass sun/reflect/generics/tree/SimpleClassTypeSignature
instanceKlass sun/reflect/generics/tree/FieldTypeSignature
instanceKlass sun/reflect/generics/tree/BaseType
instanceKlass sun/reflect/generics/tree/TypeSignature
instanceKlass sun/reflect/generics/tree/ReturnType
instanceKlass sun/reflect/generics/tree/TypeArgument
instanceKlass sun/reflect/generics/tree/TypeTree
instanceKlass sun/reflect/generics/tree/Tree
instanceKlass sun/reflect/generics/parser/SignatureParser
instanceKlass javax/json/bind/annotation/JsonbCreator
instanceKlass org/eclipse/yasson/internal/AnnotationIntrospector$$Lambda$246
instanceKlass java/lang/invoke/LambdaForm$MH
instanceKlass java/lang/invoke/LambdaForm$MH
instanceKlass java/lang/invoke/LambdaForm$DMH
instanceKlass org/eclipse/yasson/internal/InjectedInvoker
instanceKlass java/lang/invoke/LambdaForm$MH
instanceKlass java/lang/invoke/LambdaForm$MH
instanceKlass java/lang/invoke/LambdaForm$DMH
instanceKlass java/lang/invoke/LambdaForm$DMH
instanceKlass java/lang/invoke/MethodHandleImpl$ArrayAccessor
instanceKlass java/lang/invoke/MethodHandleImpl$2
instanceKlass java/lang/invoke/MethodHandleImpl$LoopClauses
instanceKlass java/lang/invoke/LambdaForm$MH
instanceKlass java/lang/ClassValue$Version
instanceKlass java/lang/ClassValue$Identity
instanceKlass java/lang/ClassValue
instanceKlass java/lang/invoke/MethodHandleImpl$BindCaller
instanceKlass javax/json/bind/annotation/JsonbNillable
instanceKlass org/eclipse/yasson/internal/model/customization/CustomizationBuilder
instanceKlass java/lang/Package$1PackageInfoProxy
instanceKlass java/lang/Package$$Lambda$245
instanceKlass java/lang/Class$AnnotationData
instanceKlass org/eclipse/yasson/internal/model/JsonbAnnotated
instanceKlass org/eclipse/yasson/internal/MappingContext$ParseClassModelFunction
instanceKlass org/eclipse/yasson/internal/model/customization/Customization
instanceKlass org/eclipse/yasson/internal/serializer/AbstractItem
instanceKlass org/eclipse/yasson/internal/serializer/CurrentItem
instanceKlass org/eclipse/yasson/internal/serializer/ObjectSerializerProvider
instanceKlass java/lang/reflect/GenericArrayType
instanceKlass org/eclipse/yasson/internal/serializer/DefaultSerializers$$Lambda$244
instanceKlass org/eclipse/yasson/internal/serializer/DefaultSerializers$$Lambda$243
instanceKlass org/eclipse/yasson/internal/serializer/DefaultSerializers$$Lambda$242
instanceKlass org/eclipse/yasson/internal/serializer/DefaultSerializers$$Lambda$241
instanceKlass org/eclipse/yasson/internal/serializer/DefaultSerializers$$Lambda$240
instanceKlass org/eclipse/yasson/internal/serializer/DefaultSerializers$$Lambda$239
instanceKlass org/eclipse/yasson/internal/serializer/DefaultSerializers$$Lambda$238
instanceKlass org/eclipse/yasson/internal/serializer/DefaultSerializers$$Lambda$237
instanceKlass org/eclipse/yasson/internal/serializer/DefaultSerializers$$Lambda$236
instanceKlass org/eclipse/yasson/internal/serializer/DefaultSerializers$$Lambda$235
instanceKlass org/eclipse/yasson/internal/serializer/DefaultSerializers$$Lambda$234
instanceKlass org/eclipse/yasson/internal/serializer/DefaultSerializers$$Lambda$233
instanceKlass org/eclipse/yasson/internal/serializer/DefaultSerializers$$Lambda$232
instanceKlass org/eclipse/yasson/internal/serializer/DefaultSerializers$$Lambda$231
instanceKlass org/eclipse/yasson/internal/serializer/DefaultSerializers$$Lambda$230
instanceKlass org/eclipse/yasson/internal/serializer/DefaultSerializers$$Lambda$229
instanceKlass java/time/ZonedDateTime
instanceKlass java/time/chrono/ChronoZonedDateTime
instanceKlass org/eclipse/yasson/internal/serializer/DefaultSerializers$$Lambda$228
instanceKlass org/eclipse/yasson/internal/serializer/DefaultSerializers$$Lambda$227
instanceKlass org/eclipse/yasson/internal/serializer/DefaultSerializers$$Lambda$226
instanceKlass org/eclipse/yasson/internal/serializer/DefaultSerializers$$Lambda$225
instanceKlass org/eclipse/yasson/internal/serializer/DefaultSerializers$$Lambda$224
instanceKlass org/eclipse/yasson/internal/serializer/DefaultSerializers$$Lambda$223
instanceKlass java/util/TimeZone
instanceKlass org/eclipse/yasson/internal/serializer/DefaultSerializers$$Lambda$222
instanceKlass org/eclipse/yasson/internal/serializer/DefaultSerializers$$Lambda$221
instanceKlass org/eclipse/yasson/internal/serializer/DefaultSerializers$$Lambda$220
instanceKlass org/eclipse/yasson/internal/serializer/DefaultSerializers$$Lambda$219
instanceKlass org/eclipse/yasson/internal/serializer/DefaultSerializers$$Lambda$218
instanceKlass org/eclipse/yasson/internal/serializer/DefaultSerializers$$Lambda$217
instanceKlass org/eclipse/yasson/internal/serializer/DefaultSerializers$$Lambda$216
instanceKlass org/eclipse/yasson/internal/serializer/DefaultSerializers$$Lambda$215
instanceKlass java/util/OptionalLong
instanceKlass org/eclipse/yasson/internal/serializer/DefaultSerializers$$Lambda$214
instanceKlass org/eclipse/yasson/internal/serializer/DefaultSerializers$$Lambda$213
instanceKlass java/util/OptionalInt
instanceKlass org/eclipse/yasson/internal/serializer/DefaultSerializers$$Lambda$212
instanceKlass org/eclipse/yasson/internal/serializer/DefaultSerializers$$Lambda$211
instanceKlass java/util/OptionalDouble
instanceKlass org/eclipse/yasson/internal/serializer/DefaultSerializers$$Lambda$210
instanceKlass org/eclipse/yasson/internal/serializer/DefaultSerializers$$Lambda$209
instanceKlass java/time/OffsetTime
instanceKlass org/eclipse/yasson/internal/serializer/DefaultSerializers$$Lambda$208
instanceKlass org/eclipse/yasson/internal/serializer/DefaultSerializers$$Lambda$207
instanceKlass java/time/OffsetDateTime
instanceKlass org/eclipse/yasson/internal/serializer/DefaultSerializers$$Lambda$206
instanceKlass org/eclipse/yasson/internal/serializer/DefaultSerializers$$Lambda$205
instanceKlass org/eclipse/yasson/internal/serializer/DefaultSerializers$$Lambda$204
instanceKlass org/eclipse/yasson/internal/serializer/DefaultSerializers$$Lambda$203
instanceKlass org/eclipse/yasson/internal/serializer/DefaultSerializers$$Lambda$202
instanceKlass org/eclipse/yasson/internal/serializer/DefaultSerializers$$Lambda$201
instanceKlass org/eclipse/yasson/internal/serializer/DefaultSerializers$$Lambda$200
instanceKlass org/eclipse/yasson/internal/serializer/DefaultSerializers$$Lambda$199
instanceKlass java/time/LocalTime
instanceKlass org/eclipse/yasson/internal/serializer/DefaultSerializers$$Lambda$198
instanceKlass org/eclipse/yasson/internal/serializer/DefaultSerializers$$Lambda$197
instanceKlass java/time/LocalDate
instanceKlass java/time/chrono/ChronoLocalDate
instanceKlass org/eclipse/yasson/internal/serializer/DefaultSerializers$$Lambda$196
instanceKlass org/eclipse/yasson/internal/serializer/DefaultSerializers$$Lambda$195
instanceKlass java/time/LocalDateTime
instanceKlass java/time/chrono/ChronoLocalDateTime
instanceKlass org/eclipse/yasson/internal/serializer/DefaultSerializers$$Lambda$194
instanceKlass org/eclipse/yasson/internal/serializer/DefaultSerializers$$Lambda$193
instanceKlass org/eclipse/yasson/internal/serializer/DefaultSerializers$$Lambda$192
instanceKlass org/eclipse/yasson/internal/serializer/DefaultSerializers$$Lambda$191
instanceKlass org/eclipse/yasson/internal/serializer/DefaultSerializers$$Lambda$190
instanceKlass org/eclipse/yasson/internal/serializer/DefaultSerializers$$Lambda$189
instanceKlass javax/json/JsonNumber
instanceKlass org/eclipse/yasson/internal/serializer/DefaultSerializers$$Lambda$188
instanceKlass org/eclipse/yasson/internal/serializer/DefaultSerializers$$Lambda$187
instanceKlass org/eclipse/yasson/internal/serializer/DefaultSerializers$$Lambda$186
instanceKlass org/eclipse/yasson/internal/serializer/DefaultSerializers$$Lambda$185
instanceKlass org/eclipse/yasson/internal/serializer/DefaultSerializers$$Lambda$184
instanceKlass org/eclipse/yasson/internal/serializer/DefaultSerializers$$Lambda$183
instanceKlass java/time/Instant
instanceKlass java/time/temporal/TemporalAdjuster
instanceKlass java/time/temporal/Temporal
instanceKlass org/eclipse/yasson/internal/serializer/DefaultSerializers$$Lambda$182
instanceKlass org/eclipse/yasson/internal/serializer/DefaultSerializers$$Lambda$181
instanceKlass org/eclipse/yasson/internal/serializer/DefaultSerializers$$Lambda$180
instanceKlass org/eclipse/yasson/internal/serializer/DefaultSerializers$$Lambda$179
instanceKlass org/eclipse/yasson/internal/serializer/DefaultSerializers$$Lambda$178
instanceKlass org/eclipse/yasson/internal/serializer/DefaultSerializers$$Lambda$177
instanceKlass org/eclipse/yasson/internal/serializer/DefaultSerializers$$Lambda$176
instanceKlass org/eclipse/yasson/internal/serializer/DefaultSerializers$$Lambda$175
instanceKlass org/eclipse/yasson/internal/serializer/DefaultSerializers$$Lambda$174
instanceKlass org/eclipse/yasson/internal/serializer/DefaultSerializers$$Lambda$173
instanceKlass org/eclipse/yasson/internal/serializer/DefaultSerializers$$Lambda$172
instanceKlass org/eclipse/yasson/internal/serializer/DefaultSerializers$$Lambda$171
instanceKlass org/eclipse/yasson/internal/serializer/DefaultSerializers$$Lambda$170
instanceKlass org/eclipse/yasson/internal/serializer/DefaultSerializers$$Lambda$169
instanceKlass org/eclipse/yasson/internal/serializer/DefaultSerializers$$Lambda$168
instanceKlass org/eclipse/yasson/internal/serializer/DefaultSerializers$$Lambda$167
instanceKlass org/eclipse/yasson/internal/serializer/DefaultSerializers$$Lambda$166
instanceKlass org/eclipse/yasson/internal/serializer/DefaultSerializers$$Lambda$165
instanceKlass java/util/Calendar
instanceKlass org/eclipse/yasson/internal/serializer/DefaultSerializers$$Lambda$164
instanceKlass org/eclipse/yasson/internal/serializer/DefaultSerializers$$Lambda$163
instanceKlass org/eclipse/yasson/internal/serializer/DefaultSerializers$$Lambda$162
instanceKlass org/eclipse/yasson/internal/serializer/DefaultSerializers$$Lambda$161
instanceKlass org/eclipse/yasson/internal/serializer/DefaultSerializers$$Lambda$160
instanceKlass org/eclipse/yasson/internal/serializer/DefaultSerializers$$Lambda$159
instanceKlass org/eclipse/yasson/internal/serializer/DefaultSerializers$$Lambda$158
instanceKlass org/eclipse/yasson/internal/serializer/AbstractValueTypeDeserializer
instanceKlass org/eclipse/yasson/internal/serializer/IDeserializerProvider
instanceKlass org/eclipse/yasson/internal/serializer/DefaultSerializers$$Lambda$157
instanceKlass org/eclipse/yasson/internal/serializer/AbstractValueTypeSerializer
instanceKlass org/eclipse/yasson/internal/serializer/ISerializerProvider
instanceKlass org/eclipse/yasson/internal/serializer/SerializerProviderWrapper
instanceKlass org/eclipse/yasson/internal/serializer/DefaultSerializers
instanceKlass org/eclipse/yasson/internal/ComponentMatcher$$Lambda$156
instanceKlass org/eclipse/yasson/internal/ComponentMatcher$$Lambda$155
instanceKlass org/eclipse/yasson/internal/components/ComponentBindings
instanceKlass org/eclipse/yasson/internal/ComponentMatcher$ComponentSupplier
instanceKlass org/eclipse/yasson/internal/serializer/ContainerSerializerProvider
instanceKlass org/eclipse/yasson/internal/serializer/AbstractSerializerBuilder
instanceKlass org/eclipse/yasson/internal/serializer/ContainerModel
instanceKlass org/eclipse/yasson/internal/model/JsonBindingModel
instanceKlass org/eclipse/yasson/internal/ProcessingContext
instanceKlass javax/json/bind/serializer/SerializationContext
instanceKlass org/glassfish/json/JsonGeneratorImpl$Context
instanceKlass org/glassfish/json/JsonGeneratorImpl
instanceKlass java/time/format/DateTimeFormatter$$Lambda$154
instanceKlass java/time/format/DateTimeFormatter$$Lambda$153
instanceKlass java/time/Period
instanceKlass java/time/chrono/ChronoPeriod
instanceKlass java/time/format/DateTimeFormatterBuilder$TextPrinterParser
instanceKlass java/time/format/DateTimeTextProvider$1
instanceKlass java/time/format/DateTimeTextProvider
instanceKlass java/util/Collections$1
instanceKlass java/util/AbstractMap$SimpleImmutableEntry
instanceKlass java/time/format/DateTimeTextProvider$LocaleStore
instanceKlass java/time/format/DateTimeFormatterBuilder$InstantPrinterParser
instanceKlass java/time/format/DateTimeFormatterBuilder$StringLiteralPrinterParser
instanceKlass java/time/format/DateTimeFormatterBuilder$ZoneIdPrinterParser
instanceKlass java/time/format/DateTimeFormatterBuilder$OffsetIdPrinterParser
instanceKlass java/time/format/DecimalStyle
instanceKlass java/time/format/DateTimeFormatterBuilder$CompositePrinterParser
instanceKlass java/time/chrono/AbstractChronology
instanceKlass java/time/chrono/Chronology
instanceKlass java/time/format/DateTimeFormatterBuilder$CharLiteralPrinterParser
instanceKlass java/time/format/DateTimeFormatterBuilder$NumberPrinterParser
instanceKlass java/time/format/DateTimeFormatter
instanceKlass java/time/format/DateTimeFormatterBuilder$DateTimePrinterParser
instanceKlass java/time/format/DateTimeFormatterBuilder$2
instanceKlass java/time/temporal/JulianFields
instanceKlass java/time/temporal/IsoFields
instanceKlass java/time/temporal/ValueRange
instanceKlass java/time/Duration
instanceKlass java/time/temporal/TemporalAmount
instanceKlass java/time/temporal/TemporalUnit
instanceKlass java/time/format/DateTimeFormatterBuilder$$Lambda$152
instanceKlass java/time/ZoneId
instanceKlass java/time/temporal/TemporalAccessor
instanceKlass java/time/temporal/TemporalQuery
instanceKlass java/time/format/DateTimeFormatterBuilder
instanceKlass sun/util/locale/LanguageTag
instanceKlass java/time/temporal/TemporalField
instanceKlass org/eclipse/yasson/internal/serializer/JsonbDateFormatter
instanceKlass org/eclipse/yasson/internal/JsonbConfigProperties$$Lambda$151
instanceKlass org/eclipse/yasson/internal/JsonbConfigProperties$$Lambda$150
instanceKlass org/eclipse/yasson/internal/JsonbConfigProperties$$Lambda$149
instanceKlass org/eclipse/yasson/internal/model/customization/ordering/PropertyOrdering
instanceKlass org/eclipse/yasson/internal/model/customization/naming/IdentityStrategy
instanceKlass org/eclipse/yasson/internal/JsonbConfigProperties$$Lambda$148
instanceKlass org/eclipse/yasson/internal/JsonbConfigProperties$$Lambda$147
instanceKlass org/eclipse/yasson/internal/model/customization/ordering/PropOrderStrategy
instanceKlass javax/json/bind/config/PropertyNamingStrategy
instanceKlass org/eclipse/yasson/internal/JsonbConfigProperties
instanceKlass javax/json/bind/annotation/JsonbTypeDeserializer
instanceKlass javax/json/bind/annotation/JsonbTypeSerializer
instanceKlass javax/json/bind/annotation/JsonbTypeAdapter
instanceKlass javax/json/bind/annotation/JsonbProperty
instanceKlass javax/json/bind/annotation/JsonbNumberFormat
instanceKlass javax/json/bind/annotation/JsonbDateFormat
instanceKlass org/eclipse/yasson/internal/AnnotationIntrospector
instanceKlass javax/json/bind/adapter/JsonbAdapter
instanceKlass org/eclipse/yasson/internal/ComponentMatcher$$Lambda$146
instanceKlass javax/json/bind/serializer/JsonbDeserializer
instanceKlass org/eclipse/yasson/internal/ComponentMatcher$$Lambda$145
instanceKlass javax/json/bind/serializer/JsonbSerializer
instanceKlass org/eclipse/yasson/internal/ComponentMatcher$$Lambda$144
instanceKlass org/eclipse/yasson/internal/RuntimeTypeInfo
instanceKlass org/eclipse/yasson/internal/components/AbstractComponentBinding
instanceKlass org/eclipse/yasson/internal/ComponentMatcher
instanceKlass org/eclipse/yasson/internal/components/DefaultConstructorCreator
instanceKlass java/util/Date
instanceKlass javax/naming/spi/NamingManager
instanceKlass java/lang/invoke/LambdaForm$MH
instanceKlass java/lang/invoke/LambdaForm$MH
instanceKlass java/lang/invoke/LambdaForm$MH
instanceKlass java/lang/invoke/LambdaForm$MH
instanceKlass java/lang/invoke/LambdaForm$MH
instanceKlass java/lang/invoke/LambdaForm$MH
instanceKlass java/lang/invoke/LambdaForm$MH
instanceKlass java/lang/invoke/LambdaForm$MH
instanceKlass java/lang/invoke/LambdaForm$MH
instanceKlass java/lang/invoke/LambdaForm$MH
instanceKlass java/lang/invoke/LambdaForm$MH
instanceKlass com/sun/naming/internal/VersionHelper$$Lambda$143
instanceKlass com/sun/naming/internal/VersionHelper$InputStreamEnumeration$$Lambda$142
instanceKlass com/sun/naming/internal/VersionHelper$InputStreamEnumeration
instanceKlass javax/naming/NamingEnumeration
instanceKlass com/sun/naming/internal/VersionHelper$$Lambda$141
instanceKlass com/sun/naming/internal/VersionHelper$$Lambda$140
instanceKlass com/sun/naming/internal/VersionHelper$$Lambda$139
instanceKlass com/sun/naming/internal/VersionHelper$$Lambda$138
instanceKlass com/sun/naming/internal/VersionHelper
instanceKlass com/sun/naming/internal/ResourceManager
instanceKlass javax/naming/InitialContext
instanceKlass javax/naming/Context
instanceKlass java/text/FieldPosition
instanceKlass java/util/Locale$1
instanceKlass java/text/Format
instanceKlass org/eclipse/yasson/internal/properties/Messages
instanceKlass java/util/Collections$ReverseComparator2
instanceKlass java/util/Collections$ReverseComparator
instanceKlass java/util/Comparator$$Lambda$137
instanceKlass javax/enterprise/inject/spi/CDI$$Lambda$136
instanceKlass java/lang/invoke/LambdaForm$DMH
instanceKlass javax/enterprise/inject/spi/CDIProvider
instanceKlass javax/enterprise/inject/spi/Prioritized
instanceKlass java/util/function/ToIntFunction
instanceKlass org/eclipse/yasson/internal/components/BeanManagerInstanceCreator
instanceKlass java/util/logging/Logger$SystemLoggerHelper$1
instanceKlass java/util/logging/Logger$SystemLoggerHelper
instanceKlass java/util/logging/LogManager$4
instanceKlass jdk/internal/logger/DefaultLoggerFinder$1
instanceKlass jdk/internal/logger/BootstrapLogger$BootstrapExecutors
instanceKlass jdk/internal/logger/LoggerFinderLoader
instanceKlass java/lang/System$LoggerFinder$$Lambda$135
instanceKlass java/util/stream/Streams
instanceKlass java/util/stream/Stream$Builder
instanceKlass java/util/stream/Streams$AbstractStreamBuilderImpl
instanceKlass java/util/stream/FindOps$FindSink$OfRef$$Lambda$134
instanceKlass java/util/stream/FindOps$FindSink$OfRef$$Lambda$133
instanceKlass java/util/stream/FindOps$FindSink$OfRef$$Lambda$132
instanceKlass java/util/stream/FindOps$FindSink$OfRef$$Lambda$131
instanceKlass java/util/stream/FindOps$FindOp
instanceKlass java/util/stream/FindOps$FindSink
instanceKlass java/util/stream/FindOps
instanceKlass java/util/logging/Level$KnownLevel$$Lambda$130
instanceKlass java/util/ArrayList$ArrayListSpliterator
instanceKlass java/util/logging/Level$$Lambda$129
instanceKlass java/util/concurrent/ConcurrentHashMap$MapEntry
instanceKlass java/util/Properties$EntrySet
instanceKlass java/util/logging/LogManager$LoggerContext$1
instanceKlass java/util/logging/LogManager$VisitedLoggers
instanceKlass java/util/function/Predicate
instanceKlass java/util/logging/LogManager$2
instanceKlass java/util/logging/LogManager$LoggingProviderAccess
instanceKlass java/util/logging/LogManager$LogNode
instanceKlass java/util/logging/LogManager$LoggerContext
instanceKlass java/util/logging/LogManager$1
instanceKlass java/util/logging/LogManager
instanceKlass java/util/logging/Logger$ConfigurationData
instanceKlass java/util/logging/Logger$LoggerBundle
instanceKlass java/util/logging/Level$KnownLevel$$Lambda$128
instanceKlass java/lang/invoke/LambdaForm$DMH
instanceKlass java/util/logging/Level$KnownLevel$$Lambda$127
instanceKlass java/util/logging/Level
instanceKlass java/util/logging/Handler
instanceKlass java/util/logging/Logger
instanceKlass org/eclipse/yasson/internal/components/JsonbComponentInstanceCreatorFactory
instanceKlass javax/enterprise/inject/spi/CDI
instanceKlass javax/enterprise/inject/Instance
instanceKlass javax/inject/Provider
instanceKlass org/eclipse/yasson/internal/components/InstanceCreatorFactoryHelper$$Lambda$126
instanceKlass org/eclipse/yasson/internal/components/JsonbComponentInstanceCreator
instanceKlass org/eclipse/yasson/internal/components/InstanceCreatorFactoryHelper
instanceKlass org/eclipse/yasson/internal/ClassParser
instanceKlass org/eclipse/yasson/internal/MappingContext
instanceKlass org/glassfish/json/BufferPoolImpl
instanceKlass javax/json/JsonArrayBuilder
instanceKlass java/awt/event/MouseEvent$1
instanceKlass sun/awt/AWTAccessor$MouseEventAccessor
instanceKlass javax/json/JsonPatchBuilder
instanceKlass javax/json/JsonPointer
instanceKlass javax/json/JsonPatch
instanceKlass javax/json/JsonMergePatch
instanceKlass javax/json/JsonReader
instanceKlass javax/json/JsonWriter
instanceKlass javax/json/stream/JsonGenerator
instanceKlass javax/json/JsonWriterFactory
instanceKlass javax/json/JsonReaderFactory
instanceKlass javax/json/stream/JsonGeneratorFactory
instanceKlass javax/json/stream/JsonParserFactory
instanceKlass javax/json/JsonObjectBuilder
instanceKlass javax/json/JsonBuilderFactory
instanceKlass javax/json/JsonString
instanceKlass javax/json/JsonValue
instanceKlass org/glassfish/json/api/BufferPool
instanceKlass org/eclipse/yasson/internal/JsonBinding$$Lambda$125
instanceKlass javax/json/spi/JsonProvider
instanceKlass org/eclipse/yasson/internal/JsonbContext
instanceKlass javax/json/stream/JsonParser
instanceKlass org/eclipse/yasson/internal/JsonBinding
instanceKlass javax/json/bind/JsonbConfig
instanceKlass javax/json/bind/Jsonb
instanceKlass org/eclipse/yasson/internal/JsonBindingBuilder
instanceKlass sun/net/www/protocol/jar/JarFileFactory
instanceKlass sun/net/www/protocol/jar/URLJarFile$URLJarFileCloseController
instanceKlass javax/json/bind/spi/JsonbProvider
instanceKlass javax/json/bind/JsonbBuilder
instanceKlass java/util/jar/Attributes$Name
instanceKlass java/util/jar/Attributes
instanceKlass java/util/Timer$1
instanceKlass java/util/TimerTask
instanceKlass java/util/TaskQueue
instanceKlass java/util/Timer
instanceKlass java/awt/Cursor$CursorDisposer
instanceKlass sun/awt/GlobalCursorManager$NativeUpdater
instanceKlass sun/awt/GlobalCursorManager
instanceKlass java/awt/SplashScreen
instanceKlass java/text/BreakIterator
instanceKlass sun/swing/SwingUtilities2$KeyPair
instanceKlass javax/swing/text/GlyphView$GlyphPainter
instanceKlass javax/swing/SizeRequirements
instanceKlass sun/awt/NullComponentPeer
instanceKlass sun/awt/LightweightPeerHolder
instanceKlass java/awt/peer/LightweightPeer
instanceKlass sun/awt/im/ExecutableInputMethodManager$3
instanceKlass sun/awt/im/InputMethodLocator
instanceKlass sun/awt/windows/WInputMethodDescriptor
instanceKlass java/awt/im/spi/InputMethodDescriptor
instanceKlass sun/awt/im/InputMethodManager
instanceKlass java/lang/invoke/LambdaForm$MH
instanceKlass java/lang/invoke/LambdaForm$MH
instanceKlass java/lang/invoke/LambdaForm$MH
instanceKlass java/lang/invoke/LambdaForm$MH
instanceKlass java/lang/invoke/LambdaForm$MH
instanceKlass java/lang/invoke/LambdaForm$MH
instanceKlass java/lang/invoke/LambdaForm$MH
instanceKlass java/lang/invoke/LambdaForm$MH
instanceKlass sun/awt/FontConfiguration$2
instanceKlass sun/awt/NativeLibLoader$1
instanceKlass sun/awt/NativeLibLoader
instanceKlass sun/awt/PlatformFont
instanceKlass java/awt/peer/FontPeer
instanceKlass java/awt/SystemColor$$Lambda$124
instanceKlass java/lang/invoke/LambdaForm$DMH
instanceKlass sun/awt/AWTAccessor$SystemColorAccessor
instanceKlass sun/java2d/StateTracker$2
instanceKlass sun/java2d/StateTracker$1
instanceKlass sun/java2d/StateTracker
instanceKlass sun/java2d/SurfaceDataProxy
instanceKlass sun/awt/image/SurfaceManager$FlushableCacheData
instanceKlass sun/java2d/DefaultDisposerRecord
instanceKlass java/util/TimSort
instanceKlass sun/java2d/loops/GraphicsPrimitiveMgr$PrimitiveSpec
instanceKlass sun/java2d/loops/RenderLoops
instanceKlass sun/java2d/windows/GDIRenderer
instanceKlass sun/java2d/loops/GraphicsPrimitiveMgr$2
instanceKlass sun/java2d/loops/GraphicsPrimitiveMgr$1
instanceKlass sun/java2d/loops/GeneralRenderer
instanceKlass sun/java2d/loops/CustomComponent
instanceKlass sun/java2d/pipe/ValidatePipe
instanceKlass java/awt/BasicStroke
instanceKlass java/awt/Stroke
instanceKlass java/awt/AlphaComposite
instanceKlass sun/awt/ConstrainableGraphics
instanceKlass sun/java2d/loops/CompositeType
instanceKlass sun/java2d/loops/GraphicsPrimitiveMgr
instanceKlass sun/java2d/loops/GraphicsPrimitive
instanceKlass sun/java2d/loops/XORComposite
instanceKlass java/awt/Composite
instanceKlass sun/java2d/pipe/hw/AccelGraphicsConfig
instanceKlass sun/java2d/pipe/hw/BufferedContextProvider
instanceKlass sun/java2d/d3d/D3DScreenUpdateManager$$Lambda$123
instanceKlass sun/java2d/d3d/D3DScreenUpdateManager$$Lambda$122
instanceKlass sun/java2d/ScreenUpdateManager
instanceKlass java/awt/SequencedEvent$2
instanceKlass java/awt/SequencedEvent$1
instanceKlass sun/awt/AWTAccessor$SequencedEventAccessor
instanceKlass javax/swing/RepaintManager$2
instanceKlass sun/awt/windows/WComponentPeer$2
instanceKlass sun/awt/im/InputMethodWindow
instanceKlass sun/awt/ExtendedKeyCodes
instanceKlass sun/awt/RepaintArea
instanceKlass sun/awt/windows/WWindowPeer$GuiDisposedListener
instanceKlass sun/awt/windows/WWindowPeer$ActiveWindowListener
instanceKlass java/awt/peer/CanvasPeer
instanceKlass java/awt/peer/PanelPeer
instanceKlass java/awt/peer/FramePeer
instanceKlass java/awt/peer/WindowPeer
instanceKlass java/awt/peer/ContainerPeer
instanceKlass sun/font/StrikeCache$DisposableStrike
instanceKlass sun/font/FontStrikeDisposer
instanceKlass sun/java2d/Disposer$PollDisposable
instanceKlass sun/font/CMap
instanceKlass sun/font/FontScaler
instanceKlass sun/font/FontStrikeDesc
instanceKlass sun/font/TrueTypeFont$DirectoryEntry
instanceKlass java/nio/DirectByteBuffer$Deallocator
instanceKlass sun/nio/ch/Util$BufferCache
instanceKlass sun/nio/ch/Util
instanceKlass sun/nio/ch/IOStatus
instanceKlass java/nio/channels/spi/AbstractInterruptibleChannel$1
instanceKlass sun/nio/ch/Interruptible
instanceKlass sun/nio/ch/NativeThreadSet
instanceKlass java/nio/file/attribute/FileAttribute
instanceKlass java/nio/channels/ScatteringByteChannel
instanceKlass java/nio/channels/GatheringByteChannel
instanceKlass java/nio/channels/SeekableByteChannel
instanceKlass java/nio/channels/ByteChannel
instanceKlass java/nio/channels/WritableByteChannel
instanceKlass java/nio/channels/ReadableByteChannel
instanceKlass java/nio/channels/spi/AbstractInterruptibleChannel
instanceKlass java/nio/channels/InterruptibleChannel
instanceKlass java/nio/channels/Channel
instanceKlass sun/font/TrueTypeFont$1
instanceKlass sun/font/TrueTypeFont$TTDisposerRecord
instanceKlass sun/font/SunFontManager$5
instanceKlass sun/font/SunFontManager$FamilyDescription
instanceKlass sun/font/FontDesignMetrics$MetricsKey
instanceKlass sun/awt/Win32FontManager$2
instanceKlass java/lang/ProcessEnvironment$CheckedEntry
instanceKlass java/lang/ProcessEnvironment$CheckedEntrySet$1
instanceKlass java/lang/ProcessEnvironment$EntryComparator
instanceKlass java/lang/ProcessEnvironment$NameComparator
instanceKlass sun/font/SunFontManager$3
instanceKlass sun/font/FontFamily
instanceKlass sun/font/Font2DHandle
instanceKlass sun/font/CompositeFontDescriptor
instanceKlass sun/font/SunFontManager$FontRegistrationInfo
instanceKlass java/lang/Short$ShortCache
instanceKlass sun/awt/FontDescriptor
instanceKlass sun/awt/FontConfiguration
instanceKlass sun/font/SunFontManager$2
instanceKlass sun/awt/Win32FontManager$1
instanceKlass sun/font/FontManagerFactory$1
instanceKlass sun/font/FontManagerFactory
instanceKlass sun/font/GlyphList
instanceKlass sun/font/StrikeCache$1
instanceKlass sun/font/StrikeCache
instanceKlass sun/font/FontStrike
instanceKlass sun/font/CharToGlyphMapper
instanceKlass java/awt/geom/Path2D
instanceKlass sun/font/StrikeMetrics
instanceKlass sun/font/Font2D
instanceKlass sun/font/FontManagerNativeLibrary$1
instanceKlass sun/font/FontManagerNativeLibrary
instanceKlass sun/font/SunFontManager$1
instanceKlass sun/font/SunFontManager$T1Filter
instanceKlass sun/font/SunFontManager$TTFilter
instanceKlass java/io/FilenameFilter
instanceKlass sun/font/SunFontManager
instanceKlass sun/font/FontManagerForSGE
instanceKlass sun/font/FontManager
instanceKlass sun/java2d/FontSupport
instanceKlass java/awt/FontMetrics
instanceKlass org/ClientModule/SensorFirst$4
instanceKlass org/ClientModule/SensorFirst$3
instanceKlass javax/swing/JTextField$ScrollRepainter
